12/16/2025, 6:12:50 PM GMT+3 0: 

----------------------------------------------
12/16/2025, 6:12:50 PM GMT+3 1: Discord starting: {"releaseChannel":"stable","version":"0.0.119"}, modulepath: /home/onicuto/.config/discord/0.0.119/modules
12/16/2025, 6:12:50 PM GMT+3 2: ✅ webContents.created web1 ""
12/16/2025, 6:12:50 PM GMT+3 3: ✅ window.created win1 "discord"
12/16/2025, 6:12:50 PM GMT+3 4: ✅ webContents.did-finish-load web1
12/16/2025, 6:12:59 PM GMT+3 5: ✅ webContents.created web2 ""
12/16/2025, 6:12:59 PM GMT+3 6: ✅ window.created win2 "Discord"
12/16/2025, 6:13:00 PM GMT+3 7: ✅ webContents.did-finish-load web2
12/16/2025, 6:13:01 PM GMT+3 8: window.close win1
12/16/2025, 6:13:01 PM GMT+3 9: webContents.destroyed web1
12/16/2025, 6:13:01 PM GMT+3 10: window.closed win1
12/16/2025, 6:18:10 PM GMT+3 11: window.close win2
12/16/2025, 6:18:16 PM GMT+3 12: before-quit
12/16/2025, 6:18:16 PM GMT+3 13: window.close win2
12/16/2025, 6:18:16 PM GMT+3 14: webContents.destroyed web2
12/16/2025, 6:18:20 PM GMT+3 0: 

----------------------------------------------
12/16/2025, 6:18:20 PM GMT+3 1: Discord starting: {"releaseChannel":"stable","version":"0.0.119"}, modulepath: /home/onicuto/.config/discord/0.0.119/modules
12/16/2025, 6:18:20 PM GMT+3 2: ✅ webContents.created web1 ""
12/16/2025, 6:18:20 PM GMT+3 3: ✅ window.created win1 "discord"
12/16/2025, 6:18:20 PM GMT+3 4: ✅ webContents.did-finish-load web1
12/16/2025, 6:18:21 PM GMT+3 5: ✅ webContents.created web2 ""
12/16/2025, 6:18:21 PM GMT+3 6: ✅ window.created win2 "Discord"
12/16/2025, 6:18:22 PM GMT+3 7: ✅ webContents.did-finish-load web2
12/16/2025, 6:18:23 PM GMT+3 8: window.close win1
12/16/2025, 6:18:23 PM GMT+3 9: webContents.destroyed web1
12/16/2025, 6:18:23 PM GMT+3 10: window.closed win1
12/16/2025, 6:18:32 PM GMT+3 11: ✅ webContents.did-finish-load web2
12/16/2025, 8:09:14 PM GMT+3 12: window.close win2
12/16/2025, 8:09:15 PM GMT+3 13: before-quit
12/16/2025, 8:09:15 PM GMT+3 14: window.close win2
12/16/2025, 8:09:15 PM GMT+3 15: webContents.destroyed web2
12/16/2025, 8:09:15 PM GMT+3 16: window.closed win2
12/23/2025, 6:59:17 PM GMT+3 0: 

----------------------------------------------
12/23/2025, 6:59:17 PM GMT+3 1: Discord starting: {"releaseChannel":"stable","version":"0.0.119"}, modulepath: /home/onicuto/.config/discord/0.0.119/modules
12/23/2025, 6:59:17 PM GMT+3 2: ✅ webContents.created web1 ""
12/23/2025, 6:59:17 PM GMT+3 3: ✅ window.created win1 "discord"
12/23/2025, 6:59:17 PM GMT+3 4: ✅ webContents.did-finish-load web1
12/23/2025, 6:59:17 PM GMT+3 5: ✅ webContents.created web2 ""
12/23/2025, 6:59:17 PM GMT+3 6: ✅ window.created win2 "Discord"
12/23/2025, 6:59:19 PM GMT+3 7: ✅ webContents.did-finish-load web2
12/23/2025, 6:59:20 PM GMT+3 8: window.close win1
12/23/2025, 6:59:20 PM GMT+3 9: webContents.destroyed web1
12/23/2025, 6:59:20 PM GMT+3 10: window.closed win1
12/23/2025, 8:32:55 PM GMT+3 11: before-quit
12/23/2025, 8:32:55 PM GMT+3 12: window.close win2
12/23/2025, 8:32:55 PM GMT+3 13: webContents.destroyed web2
12/24/2025, 11:21:42 AM GMT+3 0: 

----------------------------------------------
12/24/2025, 11:21:42 AM GMT+3 1: Discord starting: {"releaseChannel":"stable","version":"0.0.119"}, modulepath: /home/onicuto/.config/discord/0.0.119/modules
12/24/2025, 11:21:42 AM GMT+3 2: ✅ webContents.created web1 ""
12/24/2025, 11:21:42 AM GMT+3 3: ✅ window.created win1 "discord"
12/24/2025, 11:21:42 AM GMT+3 4: ✅ webContents.did-finish-load web1
12/24/2025, 11:21:42 AM GMT+3 5: ✅ webContents.created web2 ""
12/24/2025, 11:21:42 AM GMT+3 6: ✅ window.created win2 "Discord"
12/24/2025, 11:21:44 AM GMT+3 7: ✅ webContents.did-finish-load web2
12/24/2025, 11:21:45 AM GMT+3 8: window.close win1
12/24/2025, 11:21:45 AM GMT+3 9: webContents.destroyed web1
12/24/2025, 11:21:45 AM GMT+3 10: window.closed win1
12/24/2025, 12:52:18 PM GMT+3 11: window.close win2
12/24/2025, 12:52:26 PM GMT+3 12: before-quit
12/24/2025, 12:52:26 PM GMT+3 13: window.close win2
12/24/2025, 12:52:26 PM GMT+3 14: webContents.destroyed web2
12/24/2025, 12:52:26 PM GMT+3 15: window.closed win2
12/25/2025, 7:18:25 PM GMT+3 0: 

----------------------------------------------
12/25/2025, 7:18:25 PM GMT+3 1: Discord starting: {"releaseChannel":"stable","version":"0.0.119"}, modulepath: /home/onicuto/.config/discord/0.0.119/modules
12/25/2025, 7:18:25 PM GMT+3 2: ✅ webContents.created web1 ""
12/25/2025, 7:18:25 PM GMT+3 3: ✅ window.created win1 "discord"
12/25/2025, 7:18:25 PM GMT+3 4: ✅ webContents.did-finish-load web1
12/25/2025, 7:18:26 PM GMT+3 5: ✅ webContents.created web2 ""
12/25/2025, 7:18:26 PM GMT+3 6: ✅ window.created win2 "Discord"
12/25/2025, 7:18:27 PM GMT+3 7: ✅ webContents.did-finish-load web2
12/25/2025, 7:18:28 PM GMT+3 8: window.close win1
12/25/2025, 7:18:28 PM GMT+3 9: webContents.destroyed web1
12/25/2025, 7:18:28 PM GMT+3 10: window.closed win1
12/25/2025, 9:04:44 PM GMT+3 0: 

----------------------------------------------
12/25/2025, 9:04:44 PM GMT+3 1: Discord starting: {"releaseChannel":"stable","version":"0.0.119"}, modulepath: /home/onicuto/.config/discord/0.0.119/modules
12/25/2025, 9:04:44 PM GMT+3 2: ✅ webContents.created web1 ""
12/25/2025, 9:04:44 PM GMT+3 3: ✅ window.created win1 "discord"
12/25/2025, 9:04:44 PM GMT+3 4: ✅ webContents.did-finish-load web1
12/25/2025, 9:04:44 PM GMT+3 5: ✅ webContents.created web2 ""
12/25/2025, 9:04:44 PM GMT+3 6: ✅ window.created win2 "Discord"
12/25/2025, 9:04:46 PM GMT+3 7: ✅ webContents.did-finish-load web2
12/25/2025, 9:04:47 PM GMT+3 8: window.close win1
12/25/2025, 9:04:47 PM GMT+3 9: webContents.destroyed web1
12/25/2025, 9:04:47 PM GMT+3 10: window.closed win1
12/25/2025, 9:05:48 PM GMT+3 11: window.close win2
12/25/2025, 9:05:51 PM GMT+3 0: 

----------------------------------------------
12/25/2025, 9:05:51 PM GMT+3 1: Discord starting: {"releaseChannel":"stable","version":"0.0.119"}, modulepath: /home/onicuto/.config/discord/0.0.119/modules
12/25/2025, 9:05:54 PM GMT+3 12: before-quit
12/25/2025, 9:05:54 PM GMT+3 13: window.close win2
12/25/2025, 9:05:54 PM GMT+3 14: webContents.destroyed web2
12/25/2025, 9:05:58 PM GMT+3 0: 

----------------------------------------------
12/25/2025, 9:05:58 PM GMT+3 1: Discord starting: {"releaseChannel":"stable","version":"0.0.119"}, modulepath: /home/onicuto/.config/discord/0.0.119/modules
12/25/2025, 9:05:58 PM GMT+3 2: ✅ webContents.created web1 ""
12/25/2025, 9:05:58 PM GMT+3 3: ✅ window.created win1 "discord"
12/25/2025, 9:05:58 PM GMT+3 4: ✅ webContents.did-finish-load web1
12/25/2025, 9:05:58 PM GMT+3 5: ✅ webContents.created web2 ""
12/25/2025, 9:05:58 PM GMT+3 6: ✅ window.created win2 "Discord"
12/25/2025, 9:06:00 PM GMT+3 7: ✅ webContents.did-finish-load web2
12/25/2025, 9:06:01 PM GMT+3 8: window.close win1
12/25/2025, 9:06:01 PM GMT+3 9: webContents.destroyed web1
12/25/2025, 9:06:01 PM GMT+3 10: window.closed win1
12/25/2025, 9:19:59 PM GMT+3 11: window.close win2
12/25/2025, 9:20:07 PM GMT+3 12: before-quit
12/25/2025, 9:20:07 PM GMT+3 13: window.close win2
12/25/2025, 9:20:07 PM GMT+3 14: webContents.destroyed web2
12/26/2025, 3:31:16 PM GMT+3 0: 

----------------------------------------------
12/26/2025, 3:31:16 PM GMT+3 1: Discord starting: {"releaseChannel":"stable","version":"0.0.119"}, modulepath: /home/onicuto/.config/discord/0.0.119/modules
12/26/2025, 3:31:16 PM GMT+3 2: ✅ webContents.created web1 ""
12/26/2025, 3:31:16 PM GMT+3 3: ✅ window.created win1 "discord"
12/26/2025, 3:31:16 PM GMT+3 4: ✅ webContents.did-finish-load web1
12/26/2025, 3:31:17 PM GMT+3 5: ✅ webContents.created web2 ""
12/26/2025, 3:31:17 PM GMT+3 6: ✅ window.created win2 "Discord"
12/26/2025, 3:31:18 PM GMT+3 7: ✅ webContents.did-finish-load web2
12/26/2025, 3:31:19 PM GMT+3 8: window.close win1
12/26/2025, 3:31:19 PM GMT+3 9: webContents.destroyed web1
12/26/2025, 3:31:19 PM GMT+3 10: window.closed win1
12/26/2025, 3:55:32 PM GMT+3 11: window.close win2
12/26/2025, 3:55:39 PM GMT+3 12: before-quit
12/26/2025, 3:55:39 PM GMT+3 13: window.close win2
12/26/2025, 3:55:39 PM GMT+3 14: webContents.destroyed web2
12/26/2025, 3:55:39 PM GMT+3 15: window.closed win2
12/26/2025, 7:42:30 PM GMT+3 0: 

----------------------------------------------
12/26/2025, 7:42:30 PM GMT+3 1: Discord starting: {"releaseChannel":"stable","version":"0.0.119"}, modulepath: /home/onicuto/.config/discord/0.0.119/modules
12/26/2025, 7:42:30 PM GMT+3 2: ✅ webContents.created web1 ""
12/26/2025, 7:42:30 PM GMT+3 3: ✅ window.created win1 "discord"
12/26/2025, 7:42:30 PM GMT+3 4: ✅ webContents.did-finish-load web1
12/26/2025, 7:42:30 PM GMT+3 5: ✅ webContents.created web2 ""
12/26/2025, 7:42:30 PM GMT+3 6: ✅ window.created win2 "Discord"
12/26/2025, 7:42:32 PM GMT+3 7: ✅ webContents.did-finish-load web2
12/26/2025, 7:42:33 PM GMT+3 8: window.close win1
12/26/2025, 7:42:33 PM GMT+3 9: webContents.destroyed web1
12/26/2025, 7:42:33 PM GMT+3 10: window.closed win1
12/26/2025, 7:45:03 PM GMT+3 11: ✅ webContents.created web3 ""
12/26/2025, 7:45:03 PM GMT+3 12: ✅ window.created win3 "Discord Popout"
12/26/2025, 7:45:04 PM GMT+3 13: ✅ webContents.did-finish-load web3
12/26/2025, 7:45:06 PM GMT+3 14: window.close win3
12/26/2025, 7:45:06 PM GMT+3 15: window.close win3
12/26/2025, 7:45:06 PM GMT+3 16: webContents.destroyed web3
12/26/2025, 7:45:06 PM GMT+3 17: window.closed win3
12/26/2025, 8:28:10 PM GMT+3 18: window.close win2
12/26/2025, 8:28:26 PM GMT+3 19: before-quit
12/26/2025, 8:28:26 PM GMT+3 20: window.close win2
12/28/2025, 12:42:25 AM GMT+3 0: 

----------------------------------------------
12/28/2025, 12:42:25 AM GMT+3 1: Discord starting: {"releaseChannel":"stable","version":"0.0.119"}, modulepath: /home/onicuto/.config/discord/0.0.119/modules
12/28/2025, 12:42:25 AM GMT+3 2: ✅ webContents.created web1 ""
12/28/2025, 12:42:25 AM GMT+3 3: ✅ window.created win1 "discord"
12/28/2025, 12:42:25 AM GMT+3 4: ✅ webContents.did-finish-load web1
12/28/2025, 12:42:55 AM GMT+3 5: window.close win1
12/28/2025, 12:42:55 AM GMT+3 6: webContents.destroyed web1
12/28/2025, 12:42:59 AM GMT+3 0: 

----------------------------------------------
12/28/2025, 12:42:59 AM GMT+3 1: Discord starting: {"releaseChannel":"stable","version":"0.0.119"}, modulepath: /home/onicuto/.config/discord/0.0.119/modules
12/28/2025, 12:42:59 AM GMT+3 2: ✅ webContents.created web1 ""
12/28/2025, 12:42:59 AM GMT+3 3: ✅ window.created win1 "discord"
12/28/2025, 12:42:59 AM GMT+3 4: ✅ webContents.did-finish-load web1
12/28/2025, 12:42:59 AM GMT+3 5: ✅ webContents.created web2 ""
12/28/2025, 12:42:59 AM GMT+3 6: ✅ window.created win2 "Discord"
12/28/2025, 12:43:01 AM GMT+3 7: ✅ webContents.did-finish-load web2
12/28/2025, 12:43:02 AM GMT+3 8: window.close win1
12/28/2025, 12:43:02 AM GMT+3 9: webContents.destroyed web1
12/28/2025, 12:43:02 AM GMT+3 10: window.closed win1
12/28/2025, 12:43:35 AM GMT+3 11: window.close win2
12/28/2025, 12:43:40 AM GMT+3 0: 

----------------------------------------------
12/28/2025, 12:43:42 AM GMT+3 12: before-quit
12/28/2025, 12:43:42 AM GMT+3 13: window.close win2
12/28/2025, 12:43:42 AM GMT+3 14: webContents.destroyed web2
12/28/2025, 12:43:45 AM GMT+3 0: 

----------------------------------------------
12/28/2025, 12:43:45 AM GMT+3 1: Discord starting: {"releaseChannel":"stable","version":"0.0.119"}, modulepath: /home/onicuto/.config/discord/0.0.119/modules
12/28/2025, 12:43:45 AM GMT+3 2: ✅ webContents.created web1 ""
12/28/2025, 12:43:45 AM GMT+3 3: ✅ window.created win1 "discord"
12/28/2025, 12:43:45 AM GMT+3 4: ✅ webContents.did-finish-load web1
12/28/2025, 12:43:54 AM GMT+3 5: window.close win1
12/28/2025, 12:43:54 AM GMT+3 6: webContents.destroyed web1
12/28/2025, 12:44:16 AM GMT+3 0: 

----------------------------------------------
12/28/2025, 12:44:16 AM GMT+3 1: Discord starting: {"releaseChannel":"stable","version":"0.0.119"}, modulepath: /home/onicuto/.config/discord/0.0.119/modules
12/28/2025, 12:44:16 AM GMT+3 2: ✅ webContents.created web1 ""
12/28/2025, 12:44:16 AM GMT+3 3: ✅ window.created win1 "discord"
12/28/2025, 12:44:17 AM GMT+3 4: ✅ webContents.did-finish-load web1
12/28/2025, 12:44:34 AM GMT+3 5: window.close win1
12/28/2025, 12:44:34 AM GMT+3 6: webContents.destroyed web1
12/28/2025, 12:45:07 AM GMT+3 0: 

----------------------------------------------
12/28/2025, 12:45:07 AM GMT+3 1: Discord starting: {"releaseChannel":"stable","version":"0.0.119"}, modulepath: /home/onicuto/.config/discord/0.0.119/modules
12/28/2025, 12:45:07 AM GMT+3 2: ✅ webContents.created web1 ""
12/28/2025, 12:45:07 AM GMT+3 3: ✅ window.created win1 "discord"
12/28/2025, 12:45:07 AM GMT+3 4: ✅ webContents.did-finish-load web1
12/28/2025, 12:45:14 AM GMT+3 5: window.close win1
12/28/2025, 12:45:14 AM GMT+3 6: webContents.destroyed web1
12/28/2025, 12:45:44 AM GMT+3 0: 

----------------------------------------------
12/28/2025, 12:45:44 AM GMT+3 1: Discord starting: {"releaseChannel":"stable","version":"0.0.119"}, modulepath: /home/onicuto/.config/discord/0.0.119/modules
12/28/2025, 12:45:44 AM GMT+3 2: ✅ webContents.created web1 ""
12/28/2025, 12:45:44 AM GMT+3 3: ✅ window.created win1 "discord"
12/28/2025, 12:45:44 AM GMT+3 4: ✅ webContents.did-finish-load web1
12/28/2025, 12:45:49 AM GMT+3 5: window.close win1
12/28/2025, 12:45:49 AM GMT+3 6: webContents.destroyed web1
12/28/2025, 12:46:11 AM GMT+3 0: 

----------------------------------------------
12/28/2025, 12:46:11 AM GMT+3 1: Discord starting: {"releaseChannel":"stable","version":"0.0.119"}, modulepath: /home/onicuto/.config/discord/0.0.119/modules
12/28/2025, 12:46:11 AM GMT+3 2: ✅ webContents.created web1 ""
12/28/2025, 12:46:11 AM GMT+3 3: ✅ window.created win1 "discord"
12/28/2025, 12:46:11 AM GMT+3 4: ✅ webContents.did-finish-load web1
12/28/2025, 12:46:23 AM GMT+3 5: window.close win1
12/28/2025, 12:46:23 AM GMT+3 6: webContents.destroyed web1
12/28/2025, 12:46:35 AM GMT+3 0: 

----------------------------------------------
12/28/2025, 12:46:35 AM GMT+3 1: Discord starting: {"releaseChannel":"stable","version":"0.0.119"}, modulepath: /home/onicuto/.config/discord/0.0.119/modules
12/28/2025, 12:46:35 AM GMT+3 2: ✅ webContents.created web1 ""
12/28/2025, 12:46:35 AM GMT+3 3: ✅ window.created win1 "discord"
12/28/2025, 12:46:36 AM GMT+3 4: ✅ webContents.did-finish-load web1
12/28/2025, 12:46:45 AM GMT+3 5: window.close win1
12/28/2025, 12:46:45 AM GMT+3 6: webContents.destroyed web1
12/28/2025, 12:48:27 AM GMT+3 0: 

----------------------------------------------
12/28/2025, 12:48:27 AM GMT+3 1: Discord starting: {"releaseChannel":"stable","version":"0.0.119"}, modulepath: /home/onicuto/.config/discord/0.0.119/modules
12/28/2025, 12:48:27 AM GMT+3 2: ✅ webContents.created web1 ""
12/28/2025, 12:48:27 AM GMT+3 3: ✅ window.created win1 "discord"
12/28/2025, 12:48:27 AM GMT+3 4: ✅ webContents.did-finish-load web1
12/28/2025, 12:48:32 AM GMT+3 5: window.close win1
12/28/2025, 12:48:32 AM GMT+3 6: webContents.destroyed web1
12/28/2025, 12:48:45 AM GMT+3 0: 

----------------------------------------------
12/28/2025, 12:48:45 AM GMT+3 1: Discord starting: {"releaseChannel":"stable","version":"0.0.119"}, modulepath: /home/onicuto/.config/discord/0.0.119/modules
12/28/2025, 12:48:45 AM GMT+3 2: ✅ webContents.created web1 ""
12/28/2025, 12:48:45 AM GMT+3 3: ✅ window.created win1 "discord"
12/28/2025, 12:48:45 AM GMT+3 4: ✅ webContents.did-finish-load web1
12/28/2025, 12:48:50 AM GMT+3 5: window.close win1
12/28/2025, 12:48:50 AM GMT+3 6: webContents.destroyed web1
12/28/2025, 12:49:09 AM GMT+3 0: 

----------------------------------------------
12/28/2025, 12:49:09 AM GMT+3 1: Discord starting: {"releaseChannel":"stable","version":"0.0.119"}, modulepath: /home/onicuto/.config/discord/0.0.119/modules
12/28/2025, 12:49:09 AM GMT+3 2: ✅ webContents.created web1 ""
12/28/2025, 12:49:09 AM GMT+3 3: ✅ window.created win1 "discord"
12/28/2025, 12:49:09 AM GMT+3 4: ✅ webContents.did-finish-load web1
12/28/2025, 12:49:24 AM GMT+3 5: window.close win1
12/28/2025, 12:49:24 AM GMT+3 6: webContents.destroyed web1
12/28/2025, 12:49:43 AM GMT+3 0: 

----------------------------------------------
12/28/2025, 12:49:43 AM GMT+3 1: Discord starting: {"releaseChannel":"stable","version":"0.0.119"}, modulepath: /home/onicuto/.config/discord/0.0.119/modules
12/28/2025, 12:49:43 AM GMT+3 2: ✅ webContents.created web1 ""
12/28/2025, 12:49:43 AM GMT+3 3: ✅ window.created win1 "discord"
12/28/2025, 12:49:44 AM GMT+3 4: ✅ webContents.did-finish-load web1
12/28/2025, 12:49:58 AM GMT+3 5: window.close win1
12/28/2025, 12:49:58 AM GMT+3 6: webContents.destroyed web1
12/28/2025, 12:51:00 AM GMT+3 0: 

----------------------------------------------
12/28/2025, 12:51:00 AM GMT+3 1: Discord starting: {"releaseChannel":"stable","version":"0.0.119"}, modulepath: /home/onicuto/.config/discord/0.0.119/modules
12/28/2025, 12:51:00 AM GMT+3 2: ✅ webContents.created web1 ""
12/28/2025, 12:51:00 AM GMT+3 3: ✅ window.created win1 "discord"
12/28/2025, 12:51:00 AM GMT+3 4: ✅ webContents.did-finish-load web1
12/28/2025, 12:51:08 AM GMT+3 5: window.close win1
12/28/2025, 12:51:08 AM GMT+3 6: webContents.destroyed web1
12/28/2025, 12:51:22 AM GMT+3 0: 

----------------------------------------------
12/28/2025, 12:51:22 AM GMT+3 1: Discord starting: {"releaseChannel":"stable","version":"0.0.119"}, modulepath: /home/onicuto/.config/discord/0.0.119/modules
12/28/2025, 12:51:22 AM GMT+3 2: ✅ webContents.created web1 ""
12/28/2025, 12:51:22 AM GMT+3 3: ✅ window.created win1 "discord"
12/28/2025, 12:51:22 AM GMT+3 4: ✅ webContents.did-finish-load web1
12/28/2025, 12:51:26 AM GMT+3 5: window.close win1
12/28/2025, 12:51:26 AM GMT+3 6: webContents.destroyed web1
12/28/2025, 12:51:42 AM GMT+3 0: 

----------------------------------------------
12/28/2025, 12:51:42 AM GMT+3 1: Discord starting: {"releaseChannel":"stable","version":"0.0.119"}, modulepath: /home/onicuto/.config/discord/0.0.119/modules
12/28/2025, 12:51:42 AM GMT+3 2: ✅ webContents.created web1 ""
12/28/2025, 12:51:42 AM GMT+3 3: ✅ window.created win1 "discord"
12/28/2025, 12:51:42 AM GMT+3 4: ✅ webContents.did-finish-load web1
12/28/2025, 12:51:52 AM GMT+3 5: window.close win1
12/28/2025, 12:51:52 AM GMT+3 6: webContents.destroyed web1
12/28/2025, 12:52:03 AM GMT+3 0: 

----------------------------------------------
12/28/2025, 12:52:03 AM GMT+3 1: Discord starting: {"releaseChannel":"stable","version":"0.0.119"}, modulepath: /home/onicuto/.config/discord/0.0.119/modules
12/28/2025, 12:52:03 AM GMT+3 2: ✅ webContents.created web1 ""
12/28/2025, 12:52:03 AM GMT+3 3: ✅ window.created win1 "discord"
12/28/2025, 12:52:03 AM GMT+3 4: ✅ webContents.did-finish-load web1
12/28/2025, 12:52:09 AM GMT+3 5: window.close win1
12/28/2025, 12:52:09 AM GMT+3 6: webContents.destroyed web1
12/28/2025, 12:52:23 AM GMT+3 0: 

----------------------------------------------
12/28/2025, 12:52:23 AM GMT+3 1: Discord starting: {"releaseChannel":"stable","version":"0.0.119"}, modulepath: /home/onicuto/.config/discord/0.0.119/modules
12/28/2025, 12:52:23 AM GMT+3 2: ✅ webContents.created web1 ""
12/28/2025, 12:52:23 AM GMT+3 3: ✅ window.created win1 "discord"
12/28/2025, 12:52:23 AM GMT+3 4: ✅ webContents.did-finish-load web1
12/28/2025, 12:52:32 AM GMT+3 5: window.close win1
12/28/2025, 12:52:32 AM GMT+3 6: webContents.destroyed web1
12/28/2025, 12:52:46 AM GMT+3 0: 

----------------------------------------------
12/28/2025, 12:52:46 AM GMT+3 1: Discord starting: {"releaseChannel":"stable","version":"0.0.119"}, modulepath: /home/onicuto/.config/discord/0.0.119/modules
12/28/2025, 12:52:46 AM GMT+3 2: ✅ webContents.created web1 ""
12/28/2025, 12:52:46 AM GMT+3 3: ✅ window.created win1 "discord"
12/28/2025, 12:52:46 AM GMT+3 4: ✅ webContents.did-finish-load web1
12/28/2025, 12:52:59 AM GMT+3 5: window.close win1
12/28/2025, 12:52:59 AM GMT+3 6: webContents.destroyed web1
12/28/2025, 12:53:11 AM GMT+3 0: 

----------------------------------------------
12/28/2025, 12:53:11 AM GMT+3 1: Discord starting: {"releaseChannel":"stable","version":"0.0.119"}, modulepath: /home/onicuto/.config/discord/0.0.119/modules
12/28/2025, 12:53:11 AM GMT+3 2: ✅ webContents.created web1 ""
12/28/2025, 12:53:11 AM GMT+3 3: ✅ window.created win1 "discord"
12/28/2025, 12:53:11 AM GMT+3 4: ✅ webContents.did-finish-load web1
12/28/2025, 12:53:17 AM GMT+3 5: window.close win1
12/28/2025, 12:53:17 AM GMT+3 6: webContents.destroyed web1
12/28/2025, 12:53:39 AM GMT+3 0: 

----------------------------------------------
12/28/2025, 12:53:39 AM GMT+3 1: Discord starting: {"releaseChannel":"stable","version":"0.0.119"}, modulepath: /home/onicuto/.config/discord/0.0.119/modules
12/28/2025, 12:53:39 AM GMT+3 2: ✅ webContents.created web1 ""
12/28/2025, 12:53:39 AM GMT+3 3: ✅ window.created win1 "discord"
12/28/2025, 12:53:39 AM GMT+3 4: ✅ webContents.did-finish-load web1
12/28/2025, 12:53:51 AM GMT+3 5: window.close win1
12/28/2025, 12:53:51 AM GMT+3 6: webContents.destroyed web1
12/28/2025, 12:54:02 AM GMT+3 0: 

----------------------------------------------
12/28/2025, 12:54:02 AM GMT+3 1: Discord starting: {"releaseChannel":"stable","version":"0.0.119"}, modulepath: /home/onicuto/.config/discord/0.0.119/modules
12/28/2025, 12:54:02 AM GMT+3 2: ✅ webContents.created web1 ""
12/28/2025, 12:54:02 AM GMT+3 3: ✅ window.created win1 "discord"
12/28/2025, 12:54:02 AM GMT+3 4: ✅ webContents.did-finish-load web1
12/28/2025, 12:54:20 AM GMT+3 5: window.close win1
12/28/2025, 12:54:20 AM GMT+3 6: webContents.destroyed web1
12/28/2025, 12:54:35 AM GMT+3 0: 

----------------------------------------------
12/28/2025, 12:54:35 AM GMT+3 1: Discord starting: {"releaseChannel":"stable","version":"0.0.119"}, modulepath: /home/onicuto/.config/discord/0.0.119/modules
12/28/2025, 12:54:35 AM GMT+3 2: ✅ webContents.created web1 ""
12/28/2025, 12:54:35 AM GMT+3 3: ✅ window.created win1 "discord"
12/28/2025, 12:54:35 AM GMT+3 4: ✅ webContents.did-finish-load web1
12/28/2025, 12:54:42 AM GMT+3 5: window.close win1
12/28/2025, 12:55:02 AM GMT+3 0: 

----------------------------------------------
12/28/2025, 12:55:02 AM GMT+3 1: Discord starting: {"releaseChannel":"stable","version":"0.0.119"}, modulepath: /home/onicuto/.config/discord/0.0.119/modules
12/28/2025, 12:55:02 AM GMT+3 2: ✅ webContents.created web1 ""
12/28/2025, 12:55:02 AM GMT+3 3: ✅ window.created win1 "discord"
12/28/2025, 12:55:02 AM GMT+3 4: ✅ webContents.did-finish-load web1
12/28/2025, 12:55:03 AM GMT+3 5: ✅ webContents.created web2 ""
12/28/2025, 12:55:03 AM GMT+3 6: ✅ window.created win2 "Discord"
12/28/2025, 12:55:04 AM GMT+3 7: ✅ webContents.did-finish-load web2
12/28/2025, 12:55:05 AM GMT+3 8: window.close win1
12/28/2025, 12:55:05 AM GMT+3 9: webContents.destroyed web1
12/28/2025, 12:55:05 AM GMT+3 10: window.closed win1
12/28/2025, 12:55:35 AM GMT+3 11: window.close win2
12/28/2025, 12:55:52 AM GMT+3 12: before-quit
12/28/2025, 12:55:52 AM GMT+3 13: window.close win2
12/28/2025, 12:55:54 AM GMT+3 0: 

----------------------------------------------
12/28/2025, 12:55:54 AM GMT+3 1: Discord starting: {"releaseChannel":"stable","version":"0.0.119"}, modulepath: /home/onicuto/.config/discord/0.0.119/modules
12/28/2025, 12:55:54 AM GMT+3 2: ✅ webContents.created web1 ""
12/28/2025, 12:55:54 AM GMT+3 3: ✅ window.created win1 "discord"
12/28/2025, 12:55:55 AM GMT+3 4: ✅ webContents.did-finish-load web1
12/28/2025, 12:56:02 AM GMT+3 5: window.close win1
12/28/2025, 12:56:02 AM GMT+3 6: webContents.destroyed web1
12/28/2025, 12:56:19 AM GMT+3 0: 

----------------------------------------------
12/28/2025, 12:56:19 AM GMT+3 1: Discord starting: {"releaseChannel":"stable","version":"0.0.119"}, modulepath: /home/onicuto/.config/discord/0.0.119/modules
12/28/2025, 12:56:19 AM GMT+3 2: ✅ webContents.created web1 ""
12/28/2025, 12:56:19 AM GMT+3 3: ✅ window.created win1 "discord"
12/28/2025, 12:56:19 AM GMT+3 4: ✅ webContents.did-finish-load web1
12/28/2025, 12:56:24 AM GMT+3 5: window.close win1
12/28/2025, 12:56:24 AM GMT+3 6: webContents.destroyed web1
12/28/2025, 12:56:47 AM GMT+3 0: 

----------------------------------------------
12/28/2025, 12:56:47 AM GMT+3 1: Discord starting: {"releaseChannel":"stable","version":"0.0.119"}, modulepath: /home/onicuto/.config/discord/0.0.119/modules
12/28/2025, 12:56:47 AM GMT+3 2: ✅ webContents.created web1 ""
12/28/2025, 12:56:47 AM GMT+3 3: ✅ window.created win1 "discord"
12/28/2025, 12:56:48 AM GMT+3 4: ✅ webContents.did-finish-load web1
12/28/2025, 12:56:51 AM GMT+3 5: window.close win1
12/28/2025, 12:56:51 AM GMT+3 6: webContents.destroyed web1
12/28/2025, 12:57:08 AM GMT+3 0: 

----------------------------------------------
12/28/2025, 12:57:08 AM GMT+3 1: Discord starting: {"releaseChannel":"stable","version":"0.0.119"}, modulepath: /home/onicuto/.config/discord/0.0.119/modules
12/28/2025, 12:57:08 AM GMT+3 2: ✅ webContents.created web1 ""
12/28/2025, 12:57:08 AM GMT+3 3: ✅ window.created win1 "discord"
12/28/2025, 12:57:09 AM GMT+3 4: ✅ webContents.did-finish-load web1
12/28/2025, 12:57:12 AM GMT+3 5: window.close win1
12/28/2025, 12:57:12 AM GMT+3 6: webContents.destroyed web1
12/28/2025, 12:57:23 AM GMT+3 0: 

----------------------------------------------
12/28/2025, 12:57:23 AM GMT+3 1: Discord starting: {"releaseChannel":"stable","version":"0.0.119"}, modulepath: /home/onicuto/.config/discord/0.0.119/modules
12/28/2025, 12:57:23 AM GMT+3 2: ✅ webContents.created web1 ""
12/28/2025, 12:57:23 AM GMT+3 3: ✅ window.created win1 "discord"
12/28/2025, 12:57:24 AM GMT+3 4: ✅ webContents.did-finish-load web1
12/28/2025, 12:57:32 AM GMT+3 5: window.close win1
12/28/2025, 12:57:32 AM GMT+3 6: webContents.destroyed web1
12/28/2025, 12:58:32 AM GMT+3 0: 

----------------------------------------------
12/28/2025, 12:58:32 AM GMT+3 1: Discord starting: {"releaseChannel":"stable","version":"0.0.119"}, modulepath: /home/onicuto/.config/discord/0.0.119/modules
12/28/2025, 12:58:32 AM GMT+3 2: ✅ webContents.created web1 ""
12/28/2025, 12:58:32 AM GMT+3 3: ✅ window.created win1 "discord"
12/28/2025, 12:58:32 AM GMT+3 4: ✅ webContents.did-finish-load web1
12/28/2025, 12:58:35 AM GMT+3 5: window.close win1
12/28/2025, 12:58:35 AM GMT+3 6: webContents.destroyed web1
12/28/2025, 12:59:00 AM GMT+3 0: 

----------------------------------------------
12/28/2025, 12:59:00 AM GMT+3 1: Discord starting: {"releaseChannel":"stable","version":"0.0.119"}, modulepath: /home/onicuto/.config/discord/0.0.119/modules
12/28/2025, 12:59:00 AM GMT+3 2: ✅ webContents.created web1 ""
12/28/2025, 12:59:00 AM GMT+3 3: ✅ window.created win1 "discord"
12/28/2025, 12:59:00 AM GMT+3 4: ✅ webContents.did-finish-load web1
12/28/2025, 12:59:06 AM GMT+3 5: window.close win1
12/28/2025, 12:59:06 AM GMT+3 6: webContents.destroyed web1
12/28/2025, 12:59:27 AM GMT+3 0: 

----------------------------------------------
12/28/2025, 12:59:27 AM GMT+3 1: Discord starting: {"releaseChannel":"stable","version":"0.0.119"}, modulepath: /home/onicuto/.config/discord/0.0.119/modules
12/28/2025, 12:59:27 AM GMT+3 2: ✅ webContents.created web1 ""
12/28/2025, 12:59:27 AM GMT+3 3: ✅ window.created win1 "discord"
12/28/2025, 12:59:27 AM GMT+3 4: ✅ webContents.did-finish-load web1
12/28/2025, 12:59:31 AM GMT+3 5: window.close win1
12/28/2025, 12:59:31 AM GMT+3 6: webContents.destroyed web1
12/28/2025, 12:59:47 AM GMT+3 0: 

----------------------------------------------
12/28/2025, 12:59:47 AM GMT+3 1: Discord starting: {"releaseChannel":"stable","version":"0.0.119"}, modulepath: /home/onicuto/.config/discord/0.0.119/modules
12/28/2025, 12:59:47 AM GMT+3 2: ✅ webContents.created web1 ""
12/28/2025, 12:59:47 AM GMT+3 3: ✅ window.created win1 "discord"
12/28/2025, 12:59:48 AM GMT+3 4: ✅ webContents.did-finish-load web1
12/28/2025, 12:59:48 AM GMT+3 5: ✅ webContents.created web2 ""
12/28/2025, 12:59:48 AM GMT+3 6: ✅ window.created win2 "Discord"
12/28/2025, 12:59:49 AM GMT+3 7: ✅ webContents.did-finish-load web2
12/28/2025, 12:59:50 AM GMT+3 8: window.close win1
12/28/2025, 12:59:50 AM GMT+3 9: webContents.destroyed web1
12/28/2025, 12:59:50 AM GMT+3 10: window.closed win1
12/28/2025, 1:00:06 AM GMT+3 11: window.close win2
12/28/2025, 1:00:29 AM GMT+3 12: before-quit
12/28/2025, 1:00:29 AM GMT+3 13: window.close win2
12/28/2025, 1:00:29 AM GMT+3 14: webContents.destroyed web2
12/28/2025, 1:00:32 AM GMT+3 0: 

----------------------------------------------
12/28/2025, 1:00:32 AM GMT+3 1: Discord starting: {"releaseChannel":"stable","version":"0.0.119"}, modulepath: /home/onicuto/.config/discord/0.0.119/modules
12/28/2025, 1:00:32 AM GMT+3 2: ✅ webContents.created web1 ""
12/28/2025, 1:00:32 AM GMT+3 3: ✅ window.created win1 "discord"
12/28/2025, 1:00:32 AM GMT+3 4: ✅ webContents.did-finish-load web1
12/28/2025, 1:00:36 AM GMT+3 5: window.close win1
12/28/2025, 1:00:36 AM GMT+3 6: webContents.destroyed web1
12/28/2025, 1:00:52 AM GMT+3 0: 

----------------------------------------------
12/28/2025, 1:00:52 AM GMT+3 1: Discord starting: {"releaseChannel":"stable","version":"0.0.119"}, modulepath: /home/onicuto/.config/discord/0.0.119/modules
12/28/2025, 1:00:52 AM GMT+3 2: ✅ webContents.created web1 ""
12/28/2025, 1:00:52 AM GMT+3 3: ✅ window.created win1 "discord"
12/28/2025, 1:00:52 AM GMT+3 4: ✅ webContents.did-finish-load web1
12/28/2025, 1:00:58 AM GMT+3 5: window.close win1
12/28/2025, 1:00:58 AM GMT+3 6: webContents.destroyed web1
12/28/2025, 1:05:13 AM GMT+3 0: 

----------------------------------------------
12/28/2025, 1:05:13 AM GMT+3 1: Discord starting: {"releaseChannel":"stable","version":"0.0.119"}, modulepath: /home/onicuto/.config/discord/0.0.119/modules
12/28/2025, 1:05:13 AM GMT+3 2: ✅ webContents.created web1 ""
12/28/2025, 1:05:13 AM GMT+3 3: ✅ window.created win1 "discord"
12/28/2025, 1:05:13 AM GMT+3 4: ✅ webContents.did-finish-load web1
12/28/2025, 1:05:15 AM GMT+3 5: window.close win1
12/28/2025, 1:05:38 AM GMT+3 0: 

----------------------------------------------
12/28/2025, 1:05:38 AM GMT+3 1: Discord starting: {"releaseChannel":"stable","version":"0.0.119"}, modulepath: /home/onicuto/.config/discord/0.0.119/modules
12/28/2025, 1:05:38 AM GMT+3 2: ✅ webContents.created web1 ""
12/28/2025, 1:05:38 AM GMT+3 3: ✅ window.created win1 "discord"
12/28/2025, 1:05:38 AM GMT+3 4: ✅ webContents.did-finish-load web1
12/28/2025, 1:05:39 AM GMT+3 5: ✅ webContents.created web2 ""
12/28/2025, 1:05:39 AM GMT+3 6: ✅ window.created win2 "Discord"
12/28/2025, 1:05:40 AM GMT+3 7: ✅ webContents.did-finish-load web2
12/28/2025, 1:05:41 AM GMT+3 8: window.close win1
12/28/2025, 1:05:41 AM GMT+3 9: webContents.destroyed web1
12/28/2025, 1:05:41 AM GMT+3 10: window.closed win1
12/28/2025, 1:05:44 AM GMT+3 11: window.close win2
12/28/2025, 1:06:05 AM GMT+3 0: 

----------------------------------------------
12/28/2025, 1:06:05 AM GMT+3 1: Discord starting: {"releaseChannel":"stable","version":"0.0.119"}, modulepath: /home/onicuto/.config/discord/0.0.119/modules
12/28/2025, 1:06:22 AM GMT+3 12: window.close win2
12/28/2025, 1:06:40 AM GMT+3 0: 

----------------------------------------------
12/28/2025, 1:06:40 AM GMT+3 1: Discord starting: {"releaseChannel":"stable","version":"0.0.119"}, modulepath: /home/onicuto/.config/discord/0.0.119/modules
12/28/2025, 1:06:41 AM GMT+3 13: window.close win2
12/28/2025, 1:06:44 AM GMT+3 14: before-quit
12/28/2025, 1:06:44 AM GMT+3 15: window.close win2
12/28/2025, 1:06:44 AM GMT+3 16: webContents.destroyed web2
12/28/2025, 1:06:49 AM GMT+3 0: 

----------------------------------------------
12/28/2025, 1:06:49 AM GMT+3 1: Discord starting: {"releaseChannel":"stable","version":"0.0.119"}, modulepath: /home/onicuto/.config/discord/0.0.119/modules
12/28/2025, 1:06:49 AM GMT+3 2: ✅ webContents.created web1 ""
12/28/2025, 1:06:49 AM GMT+3 3: ✅ window.created win1 "discord"
12/28/2025, 1:06:49 AM GMT+3 4: ✅ webContents.did-finish-load web1
12/28/2025, 1:06:56 AM GMT+3 5: window.close win1
12/28/2025, 1:06:56 AM GMT+3 6: webContents.destroyed web1
12/28/2025, 1:07:07 AM GMT+3 0: 

----------------------------------------------
12/28/2025, 1:07:07 AM GMT+3 1: Discord starting: {"releaseChannel":"stable","version":"0.0.119"}, modulepath: /home/onicuto/.config/discord/0.0.119/modules
12/28/2025, 1:07:07 AM GMT+3 2: ✅ webContents.created web1 ""
12/28/2025, 1:07:07 AM GMT+3 3: ✅ window.created win1 "discord"
12/28/2025, 1:07:07 AM GMT+3 4: ✅ webContents.did-finish-load web1
12/28/2025, 1:07:11 AM GMT+3 5: window.close win1
12/28/2025, 1:07:11 AM GMT+3 6: webContents.destroyed web1
12/28/2025, 1:08:10 AM GMT+3 0: 

----------------------------------------------
12/28/2025, 1:08:10 AM GMT+3 1: Discord starting: {"releaseChannel":"stable","version":"0.0.119"}, modulepath: /home/onicuto/.config/discord/0.0.119/modules
12/28/2025, 1:08:10 AM GMT+3 2: ✅ webContents.created web1 ""
12/28/2025, 1:08:10 AM GMT+3 3: ✅ window.created win1 "discord"
12/28/2025, 1:08:11 AM GMT+3 4: ✅ webContents.did-finish-load web1
12/28/2025, 1:08:16 AM GMT+3 5: window.close win1
12/28/2025, 1:08:16 AM GMT+3 6: webContents.destroyed web1
12/28/2025, 1:12:19 AM GMT+3 0: 

----------------------------------------------
12/28/2025, 1:12:19 AM GMT+3 1: Discord starting: {"releaseChannel":"stable","version":"0.0.119"}, modulepath: /home/onicuto/.config/discord/0.0.119/modules
12/28/2025, 1:12:19 AM GMT+3 2: ✅ webContents.created web1 ""
12/28/2025, 1:12:19 AM GMT+3 3: ✅ window.created win1 "discord"
12/28/2025, 1:12:19 AM GMT+3 4: ✅ webContents.did-finish-load web1
12/28/2025, 1:15:24 AM GMT+3 5: window.close win1
12/28/2025, 1:15:26 AM GMT+3 0: 

----------------------------------------------
12/28/2025, 1:15:26 AM GMT+3 1: Discord starting: {"releaseChannel":"stable","version":"0.0.119"}, modulepath: /home/onicuto/.config/discord/0.0.119/modules
12/28/2025, 1:15:26 AM GMT+3 2: ✅ webContents.created web1 ""
12/28/2025, 1:15:26 AM GMT+3 3: ✅ window.created win1 "discord"
12/28/2025, 1:15:27 AM GMT+3 4: ✅ webContents.did-finish-load web1
12/28/2025, 1:15:27 AM GMT+3 5: ✅ webContents.created web2 ""
12/28/2025, 1:15:27 AM GMT+3 6: ✅ window.created win2 "Discord"
12/28/2025, 1:15:29 AM GMT+3 7: ✅ webContents.did-finish-load web2
12/28/2025, 1:15:29 AM GMT+3 8: window.close win1
12/28/2025, 1:15:29 AM GMT+3 9: webContents.destroyed web1
12/28/2025, 1:15:29 AM GMT+3 10: window.closed win1
12/28/2025, 1:15:32 AM GMT+3 11: window.close win2
12/28/2025, 1:18:52 AM GMT+3 0: 

----------------------------------------------
12/28/2025, 1:18:52 AM GMT+3 1: Discord starting: {"releaseChannel":"stable","version":"0.0.119"}, modulepath: /home/onicuto/.config/discord/0.0.119/modules
12/28/2025, 1:18:55 AM GMT+3 12: before-quit
12/28/2025, 1:18:55 AM GMT+3 13: window.close win2
12/28/2025, 1:18:55 AM GMT+3 14: webContents.destroyed web2
12/28/2025, 1:18:57 AM GMT+3 0: 

----------------------------------------------
12/28/2025, 1:18:57 AM GMT+3 1: Discord starting: {"releaseChannel":"stable","version":"0.0.119"}, modulepath: /home/onicuto/.config/discord/0.0.119/modules
12/28/2025, 1:18:57 AM GMT+3 2: ✅ webContents.created web1 ""
12/28/2025, 1:18:57 AM GMT+3 3: ✅ window.created win1 "discord"
12/28/2025, 1:18:57 AM GMT+3 4: ✅ webContents.did-finish-load web1
12/28/2025, 1:19:00 AM GMT+3 5: window.close win1
12/28/2025, 1:19:00 AM GMT+3 6: webContents.destroyed web1
12/28/2025, 1:19:24 AM GMT+3 0: 

----------------------------------------------
12/28/2025, 1:19:24 AM GMT+3 1: Discord starting: {"releaseChannel":"stable","version":"0.0.119"}, modulepath: /home/onicuto/.config/discord/0.0.119/modules
12/28/2025, 1:19:24 AM GMT+3 2: ✅ webContents.created web1 ""
12/28/2025, 1:19:24 AM GMT+3 3: ✅ window.created win1 "discord"
12/28/2025, 1:19:24 AM GMT+3 4: ✅ webContents.did-finish-load web1
12/28/2025, 1:19:24 AM GMT+3 5: ✅ webContents.created web2 ""
12/28/2025, 1:19:24 AM GMT+3 6: ✅ window.created win2 "Discord"
12/28/2025, 1:19:26 AM GMT+3 7: ✅ webContents.did-finish-load web2
12/28/2025, 1:19:26 AM GMT+3 8: window.close win1
12/28/2025, 1:19:27 AM GMT+3 9: webContents.destroyed web1
12/28/2025, 1:19:27 AM GMT+3 10: window.closed win1
12/28/2025, 7:51:34 PM GMT+3 0: 

----------------------------------------------
12/28/2025, 7:51:34 PM GMT+3 1: Discord starting: {"releaseChannel":"stable","version":"0.0.119"}, modulepath: /home/onicuto/.config/discord/0.0.119/modules
12/28/2025, 7:51:38 PM GMT+3 11: window.close win2
12/28/2025, 7:54:29 PM GMT+3 0: 

----------------------------------------------
12/28/2025, 7:54:32 PM GMT+3 12: before-quit
12/28/2025, 7:54:32 PM GMT+3 13: window.close win2
12/28/2025, 7:54:32 PM GMT+3 14: webContents.destroyed web2
12/28/2025, 7:54:32 PM GMT+3 15: window.closed win2
12/28/2025, 7:54:34 PM GMT+3 0: 

----------------------------------------------
12/28/2025, 7:54:34 PM GMT+3 1: Discord starting: {"releaseChannel":"stable","version":"0.0.119"}, modulepath: /home/onicuto/.config/discord/0.0.119/modules
12/28/2025, 7:54:34 PM GMT+3 2: ✅ webContents.created web1 ""
12/28/2025, 7:54:34 PM GMT+3 3: ✅ window.created win1 "discord"
12/28/2025, 7:54:34 PM GMT+3 4: ✅ webContents.did-finish-load web1
12/28/2025, 7:54:35 PM GMT+3 5: ✅ webContents.created web2 ""
12/28/2025, 7:54:35 PM GMT+3 6: ✅ window.created win2 "Discord"
12/28/2025, 7:54:36 PM GMT+3 7: ✅ webContents.did-finish-load web2
12/28/2025, 7:54:37 PM GMT+3 8: window.close win1
12/28/2025, 7:54:37 PM GMT+3 9: webContents.destroyed web1
12/28/2025, 7:54:37 PM GMT+3 10: window.closed win1
12/28/2025, 7:55:08 PM GMT+3 11: window.close win2
12/28/2025, 7:55:09 PM GMT+3 12: before-quit
12/28/2025, 7:55:09 PM GMT+3 13: window.close win2
12/28/2025, 7:56:53 PM GMT+3 0: 

----------------------------------------------
12/28/2025, 7:56:53 PM GMT+3 1: Discord starting: {"releaseChannel":"stable","version":"0.0.119"}, modulepath: /home/onicuto/.config/discord/0.0.119/modules
12/28/2025, 7:56:53 PM GMT+3 2: ✅ webContents.created web1 ""
12/28/2025, 7:56:53 PM GMT+3 3: ✅ window.created win1 "discord"
12/28/2025, 7:56:53 PM GMT+3 4: ✅ webContents.did-finish-load web1
12/28/2025, 7:56:53 PM GMT+3 5: ✅ webContents.created web2 ""
12/28/2025, 7:56:53 PM GMT+3 6: ✅ window.created win2 "Discord"
12/28/2025, 7:56:55 PM GMT+3 7: ✅ webContents.did-finish-load web2
12/28/2025, 7:56:56 PM GMT+3 8: window.close win1
12/28/2025, 7:56:56 PM GMT+3 9: webContents.destroyed web1
12/28/2025, 7:56:56 PM GMT+3 10: window.closed win1
12/28/2025, 8:08:20 PM GMT+3 11: before-quit
12/28/2025, 8:08:21 PM GMT+3 12: window.close win2
12/28/2025, 8:08:23 PM GMT+3 0: 

----------------------------------------------
12/28/2025, 8:08:23 PM GMT+3 1: Discord starting: {"releaseChannel":"stable","version":"0.0.119"}, modulepath: /home/onicuto/.config/discord/0.0.119/modules
12/28/2025, 8:08:23 PM GMT+3 2: ✅ webContents.created web1 ""
12/28/2025, 8:08:23 PM GMT+3 3: ✅ window.created win1 "discord"
12/28/2025, 8:08:23 PM GMT+3 4: ✅ webContents.did-finish-load web1
12/28/2025, 8:08:27 PM GMT+3 5: window.close win1
12/28/2025, 8:08:27 PM GMT+3 6: webContents.destroyed web1
12/28/2025, 8:09:39 PM GMT+3 0: 

----------------------------------------------
12/28/2025, 8:09:39 PM GMT+3 1: Discord starting: {"releaseChannel":"stable","version":"0.0.119"}, modulepath: /home/onicuto/.config/discord/0.0.119/modules
12/28/2025, 8:09:39 PM GMT+3 2: ✅ webContents.created web1 ""
12/28/2025, 8:09:39 PM GMT+3 3: ✅ window.created win1 "discord"
12/28/2025, 8:09:39 PM GMT+3 4: ✅ webContents.did-finish-load web1
12/28/2025, 8:09:43 PM GMT+3 5: window.close win1
12/28/2025, 8:09:43 PM GMT+3 6: webContents.destroyed web1
12/28/2025, 8:10:02 PM GMT+3 0: 

----------------------------------------------
12/28/2025, 8:10:02 PM GMT+3 1: Discord starting: {"releaseChannel":"stable","version":"0.0.119"}, modulepath: /home/onicuto/.config/discord/0.0.119/modules
12/28/2025, 8:10:02 PM GMT+3 2: ✅ webContents.created web1 ""
12/28/2025, 8:10:02 PM GMT+3 3: ✅ window.created win1 "discord"
12/28/2025, 8:10:02 PM GMT+3 4: ✅ webContents.did-finish-load web1
12/28/2025, 8:10:13 PM GMT+3 5: window.close win1
12/28/2025, 8:10:13 PM GMT+3 6: webContents.destroyed web1
12/28/2025, 8:10:33 PM GMT+3 0: 

----------------------------------------------
12/28/2025, 8:10:33 PM GMT+3 1: Discord starting: {"releaseChannel":"stable","version":"0.0.119"}, modulepath: /home/onicuto/.config/discord/0.0.119/modules
12/28/2025, 8:10:33 PM GMT+3 2: ✅ webContents.created web1 ""
12/28/2025, 8:10:33 PM GMT+3 3: ✅ window.created win1 "discord"
12/28/2025, 8:10:33 PM GMT+3 4: ✅ webContents.did-finish-load web1
12/28/2025, 8:10:37 PM GMT+3 5: window.close win1
12/28/2025, 8:10:37 PM GMT+3 6: webContents.destroyed web1
12/28/2025, 8:12:43 PM GMT+3 0: 

----------------------------------------------
12/28/2025, 8:12:43 PM GMT+3 1: Discord starting: {"releaseChannel":"stable","version":"0.0.119"}, modulepath: /home/onicuto/.config/discord/0.0.119/modules
12/28/2025, 8:12:43 PM GMT+3 2: ✅ webContents.created web1 ""
12/28/2025, 8:12:43 PM GMT+3 3: ✅ window.created win1 "discord"
12/28/2025, 8:12:43 PM GMT+3 4: ✅ webContents.did-finish-load web1
12/28/2025, 8:12:48 PM GMT+3 5: window.close win1
12/28/2025, 8:12:48 PM GMT+3 6: webContents.destroyed web1
12/28/2025, 8:14:46 PM GMT+3 0: 

----------------------------------------------
12/28/2025, 8:14:46 PM GMT+3 1: Discord starting: {"releaseChannel":"stable","version":"0.0.119"}, modulepath: /home/onicuto/.config/discord/0.0.119/modules
12/28/2025, 8:14:46 PM GMT+3 2: ✅ webContents.created web1 ""
12/28/2025, 8:14:46 PM GMT+3 3: ✅ window.created win1 "discord"
12/28/2025, 8:14:46 PM GMT+3 4: ✅ webContents.did-finish-load web1
12/28/2025, 8:14:47 PM GMT+3 5: ✅ webContents.created web2 ""
12/28/2025, 8:14:47 PM GMT+3 6: ✅ window.created win2 "Discord"
12/28/2025, 8:14:48 PM GMT+3 7: ✅ webContents.did-finish-load web2
12/28/2025, 8:14:49 PM GMT+3 8: window.close win1
12/28/2025, 8:14:49 PM GMT+3 9: webContents.destroyed web1
12/28/2025, 8:14:49 PM GMT+3 10: window.closed win1
12/28/2025, 8:14:50 PM GMT+3 11: window.close win2
12/28/2025, 8:15:20 PM GMT+3 0: 

----------------------------------------------
12/28/2025, 8:15:23 PM GMT+3 12: window.close win2
12/28/2025, 8:18:49 PM GMT+3 13: before-quit
12/28/2025, 8:18:49 PM GMT+3 14: window.close win2
12/28/2025, 8:18:49 PM GMT+3 15: webContents.destroyed web2
12/28/2025, 8:18:59 PM GMT+3 0: 

----------------------------------------------
12/28/2025, 8:18:59 PM GMT+3 1: Discord starting: {"releaseChannel":"stable","version":"0.0.119"}, modulepath: /home/onicuto/.config/discord/0.0.119/modules
12/28/2025, 8:18:59 PM GMT+3 2: ✅ webContents.created web1 ""
12/28/2025, 8:18:59 PM GMT+3 3: ✅ window.created win1 "discord"
12/28/2025, 8:18:59 PM GMT+3 4: ✅ webContents.did-finish-load web1
12/28/2025, 8:19:00 PM GMT+3 5: ✅ webContents.created web2 ""
12/28/2025, 8:19:00 PM GMT+3 6: ✅ window.created win2 "Discord"
12/28/2025, 8:19:01 PM GMT+3 7: ✅ webContents.did-finish-load web2
12/28/2025, 8:19:02 PM GMT+3 8: window.close win1
12/28/2025, 8:19:02 PM GMT+3 9: webContents.destroyed web1
12/28/2025, 8:19:02 PM GMT+3 10: window.closed win1
12/28/2025, 8:19:10 PM GMT+3 11: window.close win2
12/28/2025, 8:19:30 PM GMT+3 12: before-quit
12/28/2025, 8:20:27 PM GMT+3 0: 

----------------------------------------------
12/28/2025, 8:20:27 PM GMT+3 1: Discord starting: {"releaseChannel":"stable","version":"0.0.119"}, modulepath: /home/onicuto/.config/discord/0.0.119/modules
12/28/2025, 8:20:27 PM GMT+3 2: ✅ webContents.created web1 ""
12/28/2025, 8:20:27 PM GMT+3 3: ✅ window.created win1 "discord"
12/28/2025, 8:20:28 PM GMT+3 4: ✅ webContents.did-finish-load web1
12/28/2025, 8:21:07 PM GMT+3 5: window.close win1
12/28/2025, 8:21:07 PM GMT+3 6: webContents.destroyed web1
12/28/2025, 8:26:04 PM GMT+3 0: 

----------------------------------------------
12/28/2025, 8:26:04 PM GMT+3 1: Discord starting: {"releaseChannel":"stable","version":"0.0.119"}, modulepath: /home/onicuto/.config/discord/0.0.119/modules
12/28/2025, 8:26:04 PM GMT+3 2: ✅ webContents.created web1 ""
12/28/2025, 8:26:04 PM GMT+3 3: ✅ window.created win1 "discord"
12/28/2025, 8:26:05 PM GMT+3 4: ✅ webContents.did-finish-load web1
12/28/2025, 8:26:05 PM GMT+3 5: ✅ webContents.created web2 ""
12/28/2025, 8:26:05 PM GMT+3 6: ✅ window.created win2 "Discord"
12/28/2025, 8:26:06 PM GMT+3 7: ✅ webContents.did-finish-load web2
12/28/2025, 8:26:07 PM GMT+3 8: window.close win1
12/28/2025, 8:26:07 PM GMT+3 9: webContents.destroyed web1
12/28/2025, 8:26:07 PM GMT+3 10: window.closed win1
12/28/2025, 8:26:19 PM GMT+3 11: window.close win2
12/28/2025, 8:26:42 PM GMT+3 0: 

----------------------------------------------
12/28/2025, 8:26:42 PM GMT+3 1: Discord starting: {"releaseChannel":"stable","version":"0.0.119"}, modulepath: /home/onicuto/.config/discord/0.0.119/modules
12/28/2025, 8:26:43 PM GMT+3 12: window.close win2
12/28/2025, 8:26:45 PM GMT+3 13: before-quit
12/28/2025, 8:26:47 PM GMT+3 0: 

----------------------------------------------
12/28/2025, 8:26:47 PM GMT+3 1: Discord starting: {"releaseChannel":"stable","version":"0.0.119"}, modulepath: /home/onicuto/.config/discord/0.0.119/modules
12/28/2025, 8:26:47 PM GMT+3 2: ✅ webContents.created web1 ""
12/28/2025, 8:26:47 PM GMT+3 3: ✅ window.created win1 "discord"
12/28/2025, 8:26:47 PM GMT+3 4: ✅ webContents.did-finish-load web1
12/28/2025, 8:26:48 PM GMT+3 5: ✅ webContents.created web2 ""
12/28/2025, 8:26:48 PM GMT+3 6: ✅ window.created win2 "Discord"
12/28/2025, 8:26:49 PM GMT+3 7: ✅ webContents.did-finish-load web2
12/28/2025, 8:26:50 PM GMT+3 8: window.close win1
12/28/2025, 8:26:50 PM GMT+3 9: webContents.destroyed web1
12/28/2025, 8:26:50 PM GMT+3 10: window.closed win1
12/28/2025, 8:28:34 PM GMT+3 11: window.close win2
12/28/2025, 8:36:27 PM GMT+3 12: before-quit
12/28/2025, 8:36:27 PM GMT+3 13: window.close win2
12/28/2025, 8:36:27 PM GMT+3 14: webContents.destroyed web2
12/28/2025, 8:36:29 PM GMT+3 0: 

----------------------------------------------
12/28/2025, 8:36:29 PM GMT+3 1: Discord starting: {"releaseChannel":"stable","version":"0.0.119"}, modulepath: /home/onicuto/.config/discord/0.0.119/modules
12/28/2025, 8:36:29 PM GMT+3 2: ✅ webContents.created web1 ""
12/28/2025, 8:36:29 PM GMT+3 3: ✅ window.created win1 "discord"
12/28/2025, 8:36:29 PM GMT+3 4: ✅ webContents.did-finish-load web1
12/28/2025, 8:36:44 PM GMT+3 5: window.close win1
12/28/2025, 8:36:44 PM GMT+3 6: webContents.destroyed web1
12/28/2025, 8:37:46 PM GMT+3 0: 

----------------------------------------------
12/28/2025, 8:37:46 PM GMT+3 1: Discord starting: {"releaseChannel":"stable","version":"0.0.119"}, modulepath: /home/onicuto/.config/discord/0.0.119/modules
12/28/2025, 8:37:46 PM GMT+3 2: ✅ webContents.created web1 ""
12/28/2025, 8:37:46 PM GMT+3 3: ✅ window.created win1 "discord"
12/28/2025, 8:37:46 PM GMT+3 4: ✅ webContents.did-finish-load web1
12/28/2025, 8:37:51 PM GMT+3 5: window.close win1
12/28/2025, 8:37:51 PM GMT+3 6: webContents.destroyed web1
12/28/2025, 8:39:25 PM GMT+3 0: 

----------------------------------------------
12/28/2025, 8:39:25 PM GMT+3 1: Discord starting: {"releaseChannel":"stable","version":"0.0.119"}, modulepath: /home/onicuto/.config/discord/0.0.119/modules
12/28/2025, 8:39:25 PM GMT+3 2: ✅ webContents.created web1 ""
12/28/2025, 8:39:25 PM GMT+3 3: ✅ window.created win1 "discord"
12/28/2025, 8:39:25 PM GMT+3 4: ✅ webContents.did-finish-load web1
12/28/2025, 8:39:26 PM GMT+3 5: ✅ webContents.created web2 ""
12/28/2025, 8:39:26 PM GMT+3 6: ✅ window.created win2 "Discord"
12/28/2025, 8:39:27 PM GMT+3 7: ✅ webContents.did-finish-load web2
12/28/2025, 8:39:28 PM GMT+3 8: window.close win1
12/28/2025, 8:39:28 PM GMT+3 9: webContents.destroyed web1
12/28/2025, 8:39:28 PM GMT+3 10: window.closed win1
12/28/2025, 8:39:32 PM GMT+3 11: window.close win2
12/28/2025, 8:41:15 PM GMT+3 0: 

----------------------------------------------
12/28/2025, 8:41:19 PM GMT+3 12: before-quit
12/28/2025, 8:41:19 PM GMT+3 13: window.close win2
12/28/2025, 8:41:19 PM GMT+3 14: webContents.destroyed web2
12/28/2025, 8:41:21 PM GMT+3 0: 

----------------------------------------------
12/28/2025, 8:41:21 PM GMT+3 1: Discord starting: {"releaseChannel":"stable","version":"0.0.119"}, modulepath: /home/onicuto/.config/discord/0.0.119/modules
12/28/2025, 8:41:21 PM GMT+3 2: ✅ webContents.created web1 ""
12/28/2025, 8:41:21 PM GMT+3 3: ✅ window.created win1 "discord"
12/28/2025, 8:41:21 PM GMT+3 4: ✅ webContents.did-finish-load web1
12/28/2025, 8:41:25 PM GMT+3 5: window.close win1
12/28/2025, 8:41:25 PM GMT+3 6: webContents.destroyed web1
12/28/2025, 8:42:49 PM GMT+3 0: 

----------------------------------------------
12/28/2025, 8:42:49 PM GMT+3 1: Discord starting: {"releaseChannel":"stable","version":"0.0.119"}, modulepath: /home/onicuto/.config/discord/0.0.119/modules
12/28/2025, 8:42:49 PM GMT+3 2: ✅ webContents.created web1 ""
12/28/2025, 8:42:49 PM GMT+3 3: ✅ window.created win1 "discord"
12/28/2025, 8:42:49 PM GMT+3 4: ✅ webContents.did-finish-load web1
12/28/2025, 8:42:58 PM GMT+3 5: window.close win1
12/28/2025, 8:42:58 PM GMT+3 6: webContents.destroyed web1
12/28/2025, 8:47:46 PM GMT+3 0: 

----------------------------------------------
12/28/2025, 8:47:46 PM GMT+3 1: Discord starting: {"releaseChannel":"stable","version":"0.0.119"}, modulepath: /home/onicuto/.config/discord/0.0.119/modules
12/28/2025, 8:47:46 PM GMT+3 2: ✅ webContents.created web1 ""
12/28/2025, 8:47:46 PM GMT+3 3: ✅ window.created win1 "discord"
12/28/2025, 8:47:46 PM GMT+3 4: ✅ webContents.did-finish-load web1
12/28/2025, 8:47:54 PM GMT+3 5: window.close win1
12/28/2025, 8:47:54 PM GMT+3 6: webContents.destroyed web1
12/28/2025, 8:52:22 PM GMT+3 0: 

----------------------------------------------
12/28/2025, 8:52:22 PM GMT+3 1: Discord starting: {"releaseChannel":"stable","version":"0.0.119"}, modulepath: /home/onicuto/.config/discord/0.0.119/modules
12/28/2025, 8:52:22 PM GMT+3 2: ✅ webContents.created web1 ""
12/28/2025, 8:52:22 PM GMT+3 3: ✅ window.created win1 "discord"
12/28/2025, 8:52:23 PM GMT+3 4: ✅ webContents.did-finish-load web1
12/28/2025, 8:52:23 PM GMT+3 5: ✅ webContents.created web2 ""
12/28/2025, 8:52:23 PM GMT+3 6: ✅ window.created win2 "Discord"
12/28/2025, 8:52:24 PM GMT+3 7: ✅ webContents.did-finish-load web2
12/28/2025, 8:52:25 PM GMT+3 8: window.close win1
12/28/2025, 8:52:25 PM GMT+3 9: webContents.destroyed web1
12/28/2025, 8:52:25 PM GMT+3 10: window.closed win1
12/28/2025, 8:52:35 PM GMT+3 11: before-quit
12/28/2025, 8:52:35 PM GMT+3 12: window.close win2
12/28/2025, 8:52:35 PM GMT+3 13: webContents.destroyed web2
12/28/2025, 8:53:16 PM GMT+3 0: 

----------------------------------------------
12/28/2025, 8:53:16 PM GMT+3 1: Discord starting: {"releaseChannel":"stable","version":"0.0.119"}, modulepath: /home/onicuto/.config/discord/0.0.119/modules
12/28/2025, 8:53:16 PM GMT+3 2: ✅ webContents.created web1 ""
12/28/2025, 8:53:16 PM GMT+3 3: ✅ window.created win1 "discord"
12/28/2025, 8:53:16 PM GMT+3 4: ✅ webContents.did-finish-load web1
12/28/2025, 8:58:14 PM GMT+3 5: window.close win1
12/28/2025, 8:58:14 PM GMT+3 6: webContents.destroyed web1
12/28/2025, 8:58:16 PM GMT+3 0: 

----------------------------------------------
12/28/2025, 8:58:16 PM GMT+3 1: Discord starting: {"releaseChannel":"stable","version":"0.0.119"}, modulepath: /home/onicuto/.config/discord/0.0.119/modules
12/28/2025, 8:58:16 PM GMT+3 2: ✅ webContents.created web1 ""
12/28/2025, 8:58:16 PM GMT+3 3: ✅ window.created win1 "discord"
12/28/2025, 8:58:16 PM GMT+3 4: ✅ webContents.did-finish-load web1
12/28/2025, 8:58:18 PM GMT+3 5: window.close win1
12/28/2025, 9:00:51 PM GMT+3 0: 

----------------------------------------------
12/28/2025, 9:00:51 PM GMT+3 1: Discord starting: {"releaseChannel":"stable","version":"0.0.119"}, modulepath: /home/onicuto/.config/discord/0.0.119/modules
12/28/2025, 9:00:51 PM GMT+3 2: ✅ webContents.created web1 ""
12/28/2025, 9:00:51 PM GMT+3 3: ✅ window.created win1 "discord"
12/28/2025, 9:00:51 PM GMT+3 4: ✅ webContents.did-finish-load web1
12/28/2025, 9:00:53 PM GMT+3 5: window.close win1
12/28/2025, 9:02:04 PM GMT+3 0: 

----------------------------------------------
12/28/2025, 9:02:04 PM GMT+3 1: Discord starting: {"releaseChannel":"stable","version":"0.0.119"}, modulepath: /home/onicuto/.config/discord/0.0.119/modules
12/28/2025, 9:02:04 PM GMT+3 2: ✅ webContents.created web1 ""
12/28/2025, 9:02:04 PM GMT+3 3: ✅ window.created win1 "discord"
12/28/2025, 9:02:04 PM GMT+3 4: ✅ webContents.did-finish-load web1
12/28/2025, 9:02:04 PM GMT+3 5: ✅ webContents.created web2 ""
12/28/2025, 9:02:04 PM GMT+3 6: ✅ window.created win2 "Discord"
12/28/2025, 9:02:06 PM GMT+3 7: ✅ webContents.did-finish-load web2
12/28/2025, 9:02:07 PM GMT+3 8: window.close win1
12/28/2025, 9:02:07 PM GMT+3 9: webContents.destroyed web1
12/28/2025, 9:02:07 PM GMT+3 10: window.closed win1
12/28/2025, 9:02:13 PM GMT+3 11: before-quit
12/28/2025, 9:02:13 PM GMT+3 12: window.close win2
12/28/2025, 9:02:13 PM GMT+3 13: webContents.destroyed web2
12/28/2025, 9:02:52 PM GMT+3 0: 

----------------------------------------------
12/28/2025, 9:02:52 PM GMT+3 1: Discord starting: {"releaseChannel":"stable","version":"0.0.119"}, modulepath: /home/onicuto/.config/discord/0.0.119/modules
12/28/2025, 9:02:52 PM GMT+3 2: ✅ webContents.created web1 ""
12/28/2025, 9:02:52 PM GMT+3 3: ✅ window.created win1 "discord"
12/28/2025, 9:02:52 PM GMT+3 4: ✅ webContents.did-finish-load web1
12/28/2025, 9:02:55 PM GMT+3 5: window.close win1
12/28/2025, 9:02:55 PM GMT+3 6: webContents.destroyed web1
12/28/2025, 9:03:26 PM GMT+3 0: 

----------------------------------------------
12/28/2025, 9:03:26 PM GMT+3 1: Discord starting: {"releaseChannel":"stable","version":"0.0.119"}, modulepath: /home/onicuto/.config/discord/0.0.119/modules
12/28/2025, 9:03:26 PM GMT+3 2: ✅ webContents.created web1 ""
12/28/2025, 9:03:26 PM GMT+3 3: ✅ window.created win1 "discord"
12/28/2025, 9:03:26 PM GMT+3 4: ✅ webContents.did-finish-load web1
12/28/2025, 9:03:29 PM GMT+3 5: window.close win1
12/28/2025, 9:03:29 PM GMT+3 6: webContents.destroyed web1
12/28/2025, 9:03:55 PM GMT+3 0: 

----------------------------------------------
12/28/2025, 9:03:55 PM GMT+3 1: Discord starting: {"releaseChannel":"stable","version":"0.0.119"}, modulepath: /home/onicuto/.config/discord/0.0.119/modules
12/28/2025, 9:03:55 PM GMT+3 2: ✅ webContents.created web1 ""
12/28/2025, 9:03:55 PM GMT+3 3: ✅ window.created win1 "discord"
12/28/2025, 9:03:55 PM GMT+3 4: ✅ webContents.did-finish-load web1
12/28/2025, 9:03:55 PM GMT+3 5: ✅ webContents.created web2 ""
12/28/2025, 9:03:55 PM GMT+3 6: ✅ window.created win2 "Discord"
12/28/2025, 9:03:56 PM GMT+3 7: ✅ webContents.did-finish-load web2
12/28/2025, 9:03:57 PM GMT+3 8: window.close win1
12/28/2025, 9:03:57 PM GMT+3 9: webContents.destroyed web1
12/28/2025, 9:03:57 PM GMT+3 10: window.closed win1
12/28/2025, 9:04:04 PM GMT+3 11: before-quit
12/28/2025, 9:04:04 PM GMT+3 12: window.close win2
12/28/2025, 9:04:59 PM GMT+3 0: 

----------------------------------------------
12/28/2025, 9:04:59 PM GMT+3 1: Discord starting: {"releaseChannel":"stable","version":"0.0.119"}, modulepath: /home/onicuto/.config/discord/0.0.119/modules
12/28/2025, 9:04:59 PM GMT+3 2: ✅ webContents.created web1 ""
12/28/2025, 9:04:59 PM GMT+3 3: ✅ window.created win1 "discord"
12/28/2025, 9:04:59 PM GMT+3 4: ✅ webContents.did-finish-load web1
12/28/2025, 9:05:05 PM GMT+3 5: window.close win1
12/28/2025, 9:05:05 PM GMT+3 6: webContents.destroyed web1
12/28/2025, 9:06:14 PM GMT+3 0: 

----------------------------------------------
12/28/2025, 9:06:14 PM GMT+3 1: Discord starting: {"releaseChannel":"stable","version":"0.0.119"}, modulepath: /home/onicuto/.config/discord/0.0.119/modules
12/28/2025, 9:06:15 PM GMT+3 2: ✅ webContents.created web1 ""
12/28/2025, 9:06:15 PM GMT+3 3: ✅ window.created win1 "discord"
12/28/2025, 9:06:15 PM GMT+3 4: ✅ webContents.did-finish-load web1
12/28/2025, 9:06:15 PM GMT+3 5: ✅ webContents.created web2 ""
12/28/2025, 9:06:15 PM GMT+3 6: ✅ window.created win2 "Discord"
12/28/2025, 9:06:16 PM GMT+3 7: ✅ webContents.did-finish-load web2
12/28/2025, 9:06:17 PM GMT+3 8: window.close win1
12/28/2025, 9:06:17 PM GMT+3 9: webContents.destroyed web1
12/28/2025, 9:06:17 PM GMT+3 10: window.closed win1
12/28/2025, 9:06:30 PM GMT+3 11: window.close win2
12/28/2025, 9:07:39 PM GMT+3 12: window.close win2
12/28/2025, 9:07:41 PM GMT+3 13: before-quit
12/28/2025, 9:07:41 PM GMT+3 14: window.close win2
12/28/2025, 9:07:43 PM GMT+3 0: 

----------------------------------------------
12/28/2025, 9:07:43 PM GMT+3 1: Discord starting: {"releaseChannel":"stable","version":"0.0.119"}, modulepath: /home/onicuto/.config/discord/0.0.119/modules
12/28/2025, 9:07:43 PM GMT+3 2: ✅ webContents.created web1 ""
12/28/2025, 9:07:43 PM GMT+3 3: ✅ window.created win1 "discord"
12/28/2025, 9:07:43 PM GMT+3 4: ✅ webContents.did-finish-load web1
12/28/2025, 9:07:43 PM GMT+3 5: ✅ webContents.created web2 ""
12/28/2025, 9:07:44 PM GMT+3 6: ✅ window.created win2 "Discord"
12/28/2025, 9:07:45 PM GMT+3 7: ✅ webContents.did-finish-load web2
12/28/2025, 9:07:46 PM GMT+3 8: window.close win1
12/28/2025, 9:07:46 PM GMT+3 9: webContents.destroyed web1
12/28/2025, 9:07:46 PM GMT+3 10: window.closed win1
12/28/2025, 9:08:00 PM GMT+3 11: window.close win2
12/28/2025, 9:09:56 PM GMT+3 12: window.close win2
12/28/2025, 9:09:58 PM GMT+3 13: before-quit
12/28/2025, 9:09:58 PM GMT+3 14: window.close win2
12/28/2025, 9:10:00 PM GMT+3 0: 

----------------------------------------------
12/28/2025, 9:10:00 PM GMT+3 1: Discord starting: {"releaseChannel":"stable","version":"0.0.119"}, modulepath: /home/onicuto/.config/discord/0.0.119/modules
12/28/2025, 9:10:00 PM GMT+3 2: ✅ webContents.created web1 ""
12/28/2025, 9:10:00 PM GMT+3 3: ✅ window.created win1 "discord"
12/28/2025, 9:10:00 PM GMT+3 4: ✅ webContents.did-finish-load web1
12/28/2025, 9:10:07 PM GMT+3 5: window.close win1
12/28/2025, 9:10:07 PM GMT+3 6: webContents.destroyed web1
12/28/2025, 9:10:50 PM GMT+3 0: 

----------------------------------------------
12/28/2025, 9:10:50 PM GMT+3 1: Discord starting: {"releaseChannel":"stable","version":"0.0.119"}, modulepath: /home/onicuto/.config/discord/0.0.119/modules
12/28/2025, 9:10:50 PM GMT+3 2: ✅ webContents.created web1 ""
12/28/2025, 9:10:50 PM GMT+3 3: ✅ window.created win1 "discord"
12/28/2025, 9:10:50 PM GMT+3 4: ✅ webContents.did-finish-load web1
12/28/2025, 9:10:57 PM GMT+3 5: window.close win1
12/28/2025, 9:10:57 PM GMT+3 6: webContents.destroyed web1
12/30/2025, 4:22:31 PM GMT+3 0: 

----------------------------------------------
12/30/2025, 4:22:31 PM GMT+3 1: Discord starting: {"releaseChannel":"stable","version":"0.0.119"}, modulepath: /home/onicuto/.config/discord/0.0.119/modules
12/30/2025, 4:22:31 PM GMT+3 2: ✅ webContents.created web1 ""
12/30/2025, 4:22:31 PM GMT+3 3: ✅ window.created win1 "discord"
12/30/2025, 4:22:32 PM GMT+3 4: ✅ webContents.did-finish-load web1
12/30/2025, 4:22:35 PM GMT+3 5: before-quit
12/30/2025, 4:28:10 PM GMT+3 0: 

----------------------------------------------
12/30/2025, 4:28:10 PM GMT+3 1: Discord starting: {"releaseChannel":"stable","version":"0.0.119"}, modulepath: /home/onicuto/.config/discord/0.0.119/modules
12/30/2025, 4:28:10 PM GMT+3 2: ✅ webContents.created web1 ""
12/30/2025, 4:28:10 PM GMT+3 3: ✅ window.created win1 "discord"
12/30/2025, 4:28:10 PM GMT+3 4: ✅ webContents.did-finish-load web1
12/30/2025, 4:28:11 PM GMT+3 5: window.close win1
12/30/2025, 4:28:11 PM GMT+3 6: webContents.destroyed web1
12/30/2025, 9:12:33 PM GMT+3 0: 

----------------------------------------------
12/30/2025, 9:12:33 PM GMT+3 1: Discord starting: {"releaseChannel":"stable","version":"0.0.119"}, modulepath: /home/onicuto/.config/discord/0.0.119/modules
12/30/2025, 9:12:33 PM GMT+3 2: ✅ webContents.created web1 ""
12/30/2025, 9:12:33 PM GMT+3 3: ✅ window.created win1 "discord"
12/30/2025, 9:12:33 PM GMT+3 4: ✅ webContents.did-finish-load web1
12/30/2025, 9:12:34 PM GMT+3 5: ✅ webContents.created web2 ""
12/30/2025, 9:12:34 PM GMT+3 6: ✅ window.created win2 "Discord"
12/30/2025, 9:12:35 PM GMT+3 7: ✅ webContents.did-finish-load web2
12/30/2025, 9:12:36 PM GMT+3 8: window.close win1
12/30/2025, 9:12:36 PM GMT+3 9: webContents.destroyed web1
12/30/2025, 9:12:36 PM GMT+3 10: window.closed win1
12/30/2025, 9:13:06 PM GMT+3 11: window.close win2
12/30/2025, 9:13:08 PM GMT+3 12: before-quit
12/30/2025, 9:13:08 PM GMT+3 13: window.close win2
12/30/2025, 9:13:10 PM GMT+3 0: 

----------------------------------------------
12/30/2025, 9:13:10 PM GMT+3 1: Discord starting: {"releaseChannel":"stable","version":"0.0.119"}, modulepath: /home/onicuto/.config/discord/0.0.119/modules
12/30/2025, 9:13:10 PM GMT+3 2: ✅ webContents.created web1 ""
12/30/2025, 9:13:10 PM GMT+3 3: ✅ window.created win1 "discord"
12/30/2025, 9:13:10 PM GMT+3 4: ✅ webContents.did-finish-load web1
12/30/2025, 9:13:10 PM GMT+3 5: ✅ webContents.created web2 ""
12/30/2025, 9:13:10 PM GMT+3 6: ✅ window.created win2 "Discord"
12/30/2025, 9:13:12 PM GMT+3 7: ✅ webContents.did-finish-load web2
12/30/2025, 9:13:12 PM GMT+3 8: window.close win1
12/30/2025, 9:13:12 PM GMT+3 9: webContents.destroyed web1
12/30/2025, 9:13:12 PM GMT+3 10: window.closed win1
12/30/2025, 9:16:27 PM GMT+3 11: before-quit
12/30/2025, 9:16:27 PM GMT+3 12: window.close win2
12/30/2025, 9:16:30 PM GMT+3 0: 

----------------------------------------------
12/30/2025, 9:16:30 PM GMT+3 1: Discord starting: {"releaseChannel":"stable","version":"0.0.119"}, modulepath: /home/onicuto/.config/discord/0.0.119/modules
12/30/2025, 9:16:30 PM GMT+3 2: ✅ webContents.created web1 ""
12/30/2025, 9:16:30 PM GMT+3 3: ✅ window.created win1 "discord"
12/30/2025, 9:16:30 PM GMT+3 4: ✅ webContents.did-finish-load web1
12/30/2025, 9:16:43 PM GMT+3 5: window.close win1
12/30/2025, 9:16:43 PM GMT+3 6: webContents.destroyed web1
12/30/2025, 9:17:52 PM GMT+3 0: 

----------------------------------------------
12/30/2025, 9:17:52 PM GMT+3 1: Discord starting: {"releaseChannel":"stable","version":"0.0.119"}, modulepath: /home/onicuto/.config/discord/0.0.119/modules
12/30/2025, 9:17:52 PM GMT+3 2: ✅ webContents.created web1 ""
12/30/2025, 9:17:52 PM GMT+3 3: ✅ window.created win1 "discord"
12/30/2025, 9:17:52 PM GMT+3 4: ✅ webContents.did-finish-load web1
12/30/2025, 9:17:56 PM GMT+3 5: window.close win1
12/30/2025, 9:17:56 PM GMT+3 6: webContents.destroyed web1
12/30/2025, 9:20:40 PM GMT+3 0: 

----------------------------------------------
12/30/2025, 9:20:40 PM GMT+3 1: Discord starting: {"releaseChannel":"stable","version":"0.0.119"}, modulepath: /home/onicuto/.config/discord/0.0.119/modules
12/30/2025, 9:20:40 PM GMT+3 2: ✅ webContents.created web1 ""
12/30/2025, 9:20:40 PM GMT+3 3: ✅ window.created win1 "discord"
12/30/2025, 9:20:40 PM GMT+3 4: ✅ webContents.did-finish-load web1
12/30/2025, 9:20:40 PM GMT+3 5: ✅ webContents.created web2 ""
12/30/2025, 9:20:40 PM GMT+3 6: ✅ window.created win2 "Discord"
12/30/2025, 9:20:42 PM GMT+3 7: ✅ webContents.did-finish-load web2
12/30/2025, 9:20:43 PM GMT+3 8: window.close win1
12/30/2025, 9:20:43 PM GMT+3 9: webContents.destroyed web1
12/30/2025, 9:20:43 PM GMT+3 10: window.closed win1
12/30/2025, 9:22:59 PM GMT+3 11: before-quit
12/30/2025, 9:22:59 PM GMT+3 12: window.close win2
12/30/2025, 9:22:59 PM GMT+3 13: webContents.destroyed web2
12/30/2025, 9:22:59 PM GMT+3 14: window.closed win2
12/30/2025, 9:23:01 PM GMT+3 0: 

----------------------------------------------
12/30/2025, 9:23:01 PM GMT+3 1: Discord starting: {"releaseChannel":"stable","version":"0.0.119"}, modulepath: /home/onicuto/.config/discord/0.0.119/modules
12/30/2025, 9:23:01 PM GMT+3 2: ✅ webContents.created web1 ""
12/30/2025, 9:23:01 PM GMT+3 3: ✅ window.created win1 "discord"
12/30/2025, 9:23:02 PM GMT+3 4: ✅ webContents.did-finish-load web1
12/30/2025, 9:24:15 PM GMT+3 5: window.close win1
12/30/2025, 9:24:15 PM GMT+3 6: webContents.destroyed web1
12/30/2025, 9:24:17 PM GMT+3 0: 

----------------------------------------------
12/30/2025, 9:24:17 PM GMT+3 1: Discord starting: {"releaseChannel":"stable","version":"0.0.119"}, modulepath: /home/onicuto/.config/discord/0.0.119/modules
12/30/2025, 9:24:17 PM GMT+3 2: ✅ webContents.created web1 ""
12/30/2025, 9:24:17 PM GMT+3 3: ✅ window.created win1 "discord"
12/30/2025, 9:24:18 PM GMT+3 4: ✅ webContents.did-finish-load web1
12/30/2025, 9:24:45 PM GMT+3 5: window.close win1
12/30/2025, 9:24:45 PM GMT+3 6: webContents.destroyed web1
12/30/2025, 9:24:49 PM GMT+3 0: 

----------------------------------------------
12/30/2025, 9:24:49 PM GMT+3 1: Discord starting: {"releaseChannel":"stable","version":"0.0.119"}, modulepath: /home/onicuto/.config/discord/0.0.119/modules
12/30/2025, 9:24:49 PM GMT+3 2: ✅ webContents.created web1 ""
12/30/2025, 9:24:49 PM GMT+3 3: ✅ window.created win1 "discord"
12/30/2025, 9:24:49 PM GMT+3 4: ✅ webContents.did-finish-load web1
12/30/2025, 9:24:49 PM GMT+3 5: ✅ webContents.created web2 ""
12/30/2025, 9:24:49 PM GMT+3 6: ✅ window.created win2 "Discord"
12/30/2025, 9:24:51 PM GMT+3 7: ✅ webContents.did-finish-load web2
12/30/2025, 9:24:51 PM GMT+3 8: window.close win1
12/30/2025, 9:24:51 PM GMT+3 9: webContents.destroyed web1
12/30/2025, 9:24:51 PM GMT+3 10: window.closed win1
12/30/2025, 9:49:33 PM GMT+3 0: 

----------------------------------------------
12/30/2025, 9:49:33 PM GMT+3 1: Discord starting: {"releaseChannel":"stable","version":"0.0.119"}, modulepath: /home/onicuto/.config/discord/0.0.119/modules
12/30/2025, 9:51:50 PM GMT+3 11: ✅ webContents.created web3 ""
12/30/2025, 9:51:50 PM GMT+3 12: ✅ window.created win3 "Discord Popout"
12/30/2025, 9:51:50 PM GMT+3 13: ✅ webContents.did-finish-load web3
12/30/2025, 10:15:14 PM GMT+3 14: window.close win2
12/30/2025, 10:15:15 PM GMT+3 15: window.close win3
12/30/2025, 10:15:15 PM GMT+3 16: window.close win3
12/30/2025, 10:15:15 PM GMT+3 17: webContents.destroyed web3
12/30/2025, 10:15:15 PM GMT+3 18: window.closed win3
12/30/2025, 10:48:18 PM GMT+3 19: window.close win2
12/30/2025, 10:48:40 PM GMT+3 20: before-quit
12/30/2025, 10:48:40 PM GMT+3 21: window.close win2
12/30/2025, 10:48:40 PM GMT+3 22: webContents.destroyed web2
12/30/2025, 10:48:40 PM GMT+3 23: window.closed win2
1/1/2026, 3:00:00 PM GMT+3 0: 

----------------------------------------------
1/1/2026, 3:00:00 PM GMT+3 1: Discord starting: {"releaseChannel":"stable","version":"0.0.119"}, modulepath: /home/onicuto/.config/discord/0.0.119/modules
1/1/2026, 3:00:00 PM GMT+3 2: ✅ webContents.created web1 ""
1/1/2026, 3:00:00 PM GMT+3 3: ✅ window.created win1 "discord"
1/1/2026, 3:00:00 PM GMT+3 4: ✅ webContents.did-finish-load web1
1/1/2026, 3:00:01 PM GMT+3 5: ✅ webContents.created web2 ""
1/1/2026, 3:00:01 PM GMT+3 6: ✅ window.created win2 "Discord"
1/1/2026, 3:00:02 PM GMT+3 7: ✅ webContents.did-finish-load web2
1/1/2026, 3:00:03 PM GMT+3 8: window.close win1
1/1/2026, 3:00:03 PM GMT+3 9: webContents.destroyed web1
1/1/2026, 3:00:03 PM GMT+3 10: window.closed win1
1/1/2026, 3:00:20 PM GMT+3 11: before-quit
1/1/2026, 3:00:20 PM GMT+3 12: window.close win2
1/1/2026, 3:05:04 PM GMT+3 0: 

----------------------------------------------
1/1/2026, 3:05:04 PM GMT+3 1: Discord starting: {"releaseChannel":"stable","version":"0.0.119"}, modulepath: /home/onicuto/.config/discord/0.0.119/modules
1/1/2026, 3:05:04 PM GMT+3 2: ✅ webContents.created web1 ""
1/1/2026, 3:05:04 PM GMT+3 3: ✅ window.created win1 "discord"
1/1/2026, 3:05:05 PM GMT+3 4: ✅ webContents.did-finish-load web1
1/1/2026, 3:05:10 PM GMT+3 5: window.close win1
1/1/2026, 9:05:17 PM GMT+3 0: 

----------------------------------------------
1/1/2026, 9:05:17 PM GMT+3 1: Discord starting: {"releaseChannel":"stable","version":"0.0.119"}, modulepath: /home/onicuto/.config/discord/0.0.119/modules
1/1/2026, 9:05:17 PM GMT+3 2: ✅ webContents.created web1 ""
1/1/2026, 9:05:17 PM GMT+3 3: ✅ window.created win1 "discord"
1/1/2026, 9:05:17 PM GMT+3 4: ✅ webContents.did-finish-load web1
1/1/2026, 9:05:18 PM GMT+3 5: window.close win1
1/1/2026, 9:05:18 PM GMT+3 6: webContents.destroyed web1
1/1/2026, 11:43:18 PM GMT+3 0: 

----------------------------------------------
1/1/2026, 11:43:18 PM GMT+3 1: Discord starting: {"releaseChannel":"stable","version":"0.0.119"}, modulepath: /home/onicuto/.config/discord/0.0.119/modules
1/1/2026, 11:43:18 PM GMT+3 2: ✅ webContents.created web1 ""
1/1/2026, 11:43:18 PM GMT+3 3: ✅ window.created win1 "discord"
1/1/2026, 11:43:18 PM GMT+3 4: ✅ webContents.did-finish-load web1
1/1/2026, 11:43:20 PM GMT+3 5: window.close win1
1/1/2026, 11:43:20 PM GMT+3 6: webContents.destroyed web1
1/2/2026, 1:54:06 PM GMT+3 0: 

----------------------------------------------
1/2/2026, 1:54:06 PM GMT+3 1: Discord starting: {"releaseChannel":"stable","version":"0.0.119"}, modulepath: /home/onicuto/.config/discord/0.0.119/modules
1/2/2026, 1:54:06 PM GMT+3 2: ✅ webContents.created web1 ""
1/2/2026, 1:54:06 PM GMT+3 3: ✅ window.created win1 "discord"
1/2/2026, 1:54:06 PM GMT+3 4: ✅ webContents.did-finish-load web1
1/2/2026, 1:54:06 PM GMT+3 5: ✅ webContents.created web2 ""
1/2/2026, 1:54:06 PM GMT+3 6: ✅ window.created win2 "Discord"
1/2/2026, 1:54:08 PM GMT+3 7: ✅ webContents.did-finish-load web2
1/2/2026, 1:54:09 PM GMT+3 8: window.close win1
1/2/2026, 1:54:09 PM GMT+3 9: webContents.destroyed web1
1/2/2026, 1:54:09 PM GMT+3 10: window.closed win1
1/2/2026, 2:56:52 PM GMT+3 11: window.close win2
1/2/2026, 2:56:54 PM GMT+3 12: before-quit
1/2/2026, 2:56:54 PM GMT+3 13: window.close win2
1/2/2026, 3:03:09 PM GMT+3 0: 

----------------------------------------------
1/2/2026, 3:03:09 PM GMT+3 1: Discord starting: {"releaseChannel":"stable","version":"0.0.119"}, modulepath: /home/onicuto/.config/discord/0.0.119/modules
1/2/2026, 3:03:09 PM GMT+3 2: ✅ webContents.created web1 ""
1/2/2026, 3:03:09 PM GMT+3 3: ✅ window.created win1 "discord"
1/2/2026, 3:03:09 PM GMT+3 4: ✅ webContents.did-finish-load web1
1/2/2026, 3:03:09 PM GMT+3 5: window.close win1
1/2/2026, 3:03:09 PM GMT+3 6: webContents.destroyed web1
1/2/2026, 7:44:59 PM GMT+3 0: 

----------------------------------------------
1/2/2026, 7:44:59 PM GMT+3 1: Discord starting: {"releaseChannel":"stable","version":"0.0.119"}, modulepath: /home/onicuto/.config/discord/0.0.119/modules
1/2/2026, 7:44:59 PM GMT+3 2: ✅ webContents.created web1 ""
1/2/2026, 7:44:59 PM GMT+3 3: ✅ window.created win1 "discord"
1/2/2026, 7:45:00 PM GMT+3 4: ✅ webContents.did-finish-load web1
1/2/2026, 7:45:01 PM GMT+3 5: window.close win1
1/2/2026, 7:45:01 PM GMT+3 6: webContents.destroyed web1
1/2/2026, 11:25:43 PM GMT+3 0: 

----------------------------------------------
1/2/2026, 11:25:43 PM GMT+3 1: Discord starting: {"releaseChannel":"stable","version":"0.0.119"}, modulepath: /home/onicuto/.config/discord/0.0.119/modules
1/2/2026, 11:25:43 PM GMT+3 2: ✅ webContents.created web1 ""
1/2/2026, 11:25:43 PM GMT+3 3: ✅ window.created win1 "discord"
1/2/2026, 11:25:43 PM GMT+3 4: ✅ webContents.did-finish-load web1
1/2/2026, 11:25:45 PM GMT+3 5: window.close win1
1/2/2026, 11:25:45 PM GMT+3 6: webContents.destroyed web1
1/2/2026, 11:25:53 PM GMT+3 0: 

----------------------------------------------
1/2/2026, 11:25:53 PM GMT+3 1: Discord starting: {"releaseChannel":"stable","version":"0.0.119"}, modulepath: /home/onicuto/.config/discord/0.0.119/modules
1/2/2026, 11:25:53 PM GMT+3 2: ✅ webContents.created web1 ""
1/2/2026, 11:25:53 PM GMT+3 3: ✅ window.created win1 "discord"
1/2/2026, 11:25:53 PM GMT+3 4: ✅ webContents.did-finish-load web1
1/2/2026, 11:25:54 PM GMT+3 5: window.close win1
1/2/2026, 11:25:54 PM GMT+3 6: webContents.destroyed web1
1/3/2026, 10:33:47 PM GMT+3 0: 

----------------------------------------------
1/3/2026, 10:33:47 PM GMT+3 1: Discord starting: {"releaseChannel":"stable","version":"0.0.119"}, modulepath: /home/onicuto/.config/discord/0.0.119/modules
1/3/2026, 10:33:47 PM GMT+3 2: ✅ webContents.created web1 ""
1/3/2026, 10:33:47 PM GMT+3 3: ✅ window.created win1 "discord"
1/3/2026, 10:33:47 PM GMT+3 4: ✅ webContents.did-finish-load web1
1/3/2026, 10:33:47 PM GMT+3 5: ✅ webContents.created web2 ""
1/3/2026, 10:33:47 PM GMT+3 6: ✅ window.created win2 "Discord"
1/3/2026, 10:33:48 PM GMT+3 7: window.close win1
1/3/2026, 10:33:48 PM GMT+3 8: webContents.destroyed web1
1/3/2026, 10:33:48 PM GMT+3 9: window.closed win1
1/3/2026, 10:33:49 PM GMT+3 10: ✅ webContents.did-finish-load web2
1/3/2026, 10:33:51 PM GMT+3 11: before-quit
1/3/2026, 10:33:51 PM GMT+3 12: window.close win2
1/3/2026, 10:33:51 PM GMT+3 13: webContents.destroyed web2
