    OpenRGB v0.9+ (1.0rc2)
    Commit:  from 
    Launched: 20251216_084803
====================================================================================================

1     |Info:    [ProfileManager] Found file: new main.orp attempting to validate header
2     |Info:    [ProfileManager] Valid v5 profile found for new main
76    |Info:    [ResourceManager] Initializing HID interfaces: Success
76    |Info:    ------------------------------------------------------
76    |Info:    |               Start device detection               |
76    |Info:    ------------------------------------------------------
90    |Info:    ------------------------------------------------------
90    |Info:    |             Detecting I2C interfaces               |
90    |Info:    ------------------------------------------------------
91    |Info:    [ResourceManager] Registering I2C interface: /dev/i2c-3 Device 10DE:2489 Subsystem: 10DE:2489
91    |Info:    [ResourceManager] Registering I2C interface: /dev/i2c-1 Device 10DE:2489 Subsystem: 10DE:2489
91    |Info:    [ResourceManager] Registering I2C interface: /dev/i2c-6 Device 1022:790B Subsystem: 1849:FFFF
91    |Info:    [ResourceManager] Registering I2C interface: /dev/i2c-4 Device 10DE:2489 Subsystem: 10DE:2489
91    |Info:    [ResourceManager] Registering I2C interface: /dev/i2c-2 Device 10DE:2489 Subsystem: 10DE:2489
92    |Info:    [ResourceManager] Registering I2C interface: /dev/i2c-0 Device 10DE:2489 Subsystem: 10DE:2489
92    |Info:    [ResourceManager] Registering I2C interface: /dev/i2c-7 Device 1022:790B Subsystem: 1849:FFFF
92    |Info:    [ResourceManager] Registering I2C interface: /dev/i2c-5 Device 1022:790B Subsystem: 1849:FFFF
92    |Info:    ------------------------------------------------------
92    |Info:    |               Detecting I2C devices                |
92    |Info:    ------------------------------------------------------
1082  |Info:    ------------------------------------------------------
1083  |Info:    |            Detecting I2C DIMM modules              |
1083  |Info:    ------------------------------------------------------
1948  |Info:    [ResourceManager] Detected occupied slot 1, bus 7, type DDR4
3245  |Info:    [ResourceManager] Detected occupied slot 2, bus 7, type DDR4
4282  |Info:    ------------------------------------------------------
4282  |Info:    |               Detecting I2C PCI devices            |
4282  |Info:    ------------------------------------------------------
4283  |Info:    ------------------------------------------------------
4283  |Info:    |               Detecting HID devices                |
4283  |Info:    ------------------------------------------------------
4283  |Info:    ------------------------------------------------------
4283  |Info:    |            Detecting libusb HID devices            |
4283  |Info:    ------------------------------------------------------
4295  |Info:    ------------------------------------------------------
4295  |Info:    |              Detecting other devices               |
4295  |Info:    ------------------------------------------------------
4338  |Info:    [NVIDIA GeForce RTX 3060 Ti LHR] Registering RGB controller
4348  |Info:    [ResourceManager] Calling Post-detection callbacks
4348  |Info:    ------------------------------------------------------
4348  |Info:    |                Detection completed                 |
4348  |Info:    ------------------------------------------------------
10183 |Info:    [ProfileManager] Profile loading: Succeeded for NVIDIA GeForce RTX 3060 Ti LHR @ 
