    OpenRGB v0.9+ (1.0rc2)
    Commit:  from 
    Launched: 20251215_072427
====================================================================================================

0     |Info:    [ProfileManager] Found file: new main.orp attempting to validate header
0     |Info:    [ProfileManager] Valid v5 profile found for new main
54    |Info:    [ResourceManager] Initializing HID interfaces: Success
54    |Info:    ------------------------------------------------------
54    |Info:    |               Start device detection               |
54    |Info:    ------------------------------------------------------
71    |Info:    ------------------------------------------------------
71    |Info:    |             Detecting I2C interfaces               |
71    |Info:    ------------------------------------------------------
71    |Info:    [ResourceManager] Registering I2C interface: /dev/i2c-3 Device 10DE:2489 Subsystem: 10DE:2489
71    |Info:    [ResourceManager] Registering I2C interface: /dev/i2c-1 Device 1022:790B Subsystem: 1849:FFFF
71    |Info:    [ResourceManager] Registering I2C interface: /dev/i2c-6 Device 10DE:2489 Subsystem: 10DE:2489
72    |Info:    [ResourceManager] Registering I2C interface: /dev/i2c-4 Device 10DE:2489 Subsystem: 10DE:2489
72    |Info:    [ResourceManager] Registering I2C interface: /dev/i2c-2 Device 1022:790B Subsystem: 1849:FFFF
72    |Info:    [ResourceManager] Registering I2C interface: /dev/i2c-0 Device 1022:790B Subsystem: 1849:FFFF
72    |Info:    [ResourceManager] Registering I2C interface: /dev/i2c-7 Device 10DE:2489 Subsystem: 10DE:2489
72    |Info:    [ResourceManager] Registering I2C interface: /dev/i2c-5 Device 10DE:2489 Subsystem: 10DE:2489
72    |Info:    ------------------------------------------------------
72    |Info:    |               Detecting I2C devices                |
72    |Info:    ------------------------------------------------------
1052  |Info:    ------------------------------------------------------
1052  |Info:    |            Detecting I2C DIMM modules              |
1052  |Info:    ------------------------------------------------------
1916  |Info:    [ResourceManager] Detected occupied slot 1, bus 5, type DDR4
3212  |Info:    [ResourceManager] Detected occupied slot 2, bus 5, type DDR4
4248  |Info:    ------------------------------------------------------
4248  |Info:    |               Detecting I2C PCI devices            |
4248  |Info:    ------------------------------------------------------
4250  |Info:    ------------------------------------------------------
4250  |Info:    |               Detecting HID devices                |
4250  |Info:    ------------------------------------------------------
4250  |Info:    ------------------------------------------------------
4250  |Info:    |            Detecting libusb HID devices            |
4250  |Info:    ------------------------------------------------------
4258  |Info:    ------------------------------------------------------
4258  |Info:    |              Detecting other devices               |
4258  |Info:    ------------------------------------------------------
4299  |Info:    [NVIDIA GeForce RTX 3060 Ti LHR] Registering RGB controller
4313  |Info:    [ResourceManager] Calling Post-detection callbacks
4313  |Info:    ------------------------------------------------------
4313  |Info:    |                Detection completed                 |
4313  |Info:    ------------------------------------------------------
6457  |Info:    [ProfileManager] Profile loading: Succeeded for NVIDIA GeForce RTX 3060 Ti LHR @ 
