    OpenRGB v0.9+ (1.0rc2)
    Commit:  from 
    Launched: 20251209_125419
====================================================================================================

7     |Info:    [ProfileManager] Found file: new main.orp attempting to validate header
10    |Info:    [ProfileManager] Valid v5 profile found for new main
124   |Info:    [ResourceManager] Initializing HID interfaces: Success
124   |Info:    ------------------------------------------------------
124   |Info:    |               Start device detection               |
124   |Info:    ------------------------------------------------------
134   |Info:    ------------------------------------------------------
134   |Info:    |             Detecting I2C interfaces               |
134   |Info:    ------------------------------------------------------
134   |Info:    [ResourceManager] Registering I2C interface: /dev/i2c-3 Device 10DE:2489 Subsystem: 10DE:2489
134   |Info:    [ResourceManager] Registering I2C interface: /dev/i2c-1 Device 1022:790B Subsystem: 1849:FFFF
134   |Info:    [ResourceManager] Registering I2C interface: /dev/i2c-6 Device 10DE:2489 Subsystem: 10DE:2489
134   |Info:    [ResourceManager] Registering I2C interface: /dev/i2c-4 Device 10DE:2489 Subsystem: 10DE:2489
134   |Info:    [ResourceManager] Registering I2C interface: /dev/i2c-2 Device 1022:790B Subsystem: 1849:FFFF
134   |Info:    [ResourceManager] Registering I2C interface: /dev/i2c-0 Device 1022:790B Subsystem: 1849:FFFF
135   |Info:    [ResourceManager] Registering I2C interface: /dev/i2c-7 Device 10DE:2489 Subsystem: 10DE:2489
135   |Info:    [ResourceManager] Registering I2C interface: /dev/i2c-5 Device 10DE:2489 Subsystem: 10DE:2489
135   |Info:    ------------------------------------------------------
135   |Info:    |               Detecting I2C devices                |
135   |Info:    ------------------------------------------------------
1104  |Info:    ------------------------------------------------------
1104  |Info:    |            Detecting I2C DIMM modules              |
1104  |Info:    ------------------------------------------------------
1965  |Info:    [ResourceManager] Detected occupied slot 1, bus 5, type DDR4
3257  |Info:    [ResourceManager] Detected occupied slot 2, bus 5, type DDR4
4289  |Info:    ------------------------------------------------------
4289  |Info:    |               Detecting I2C PCI devices            |
4289  |Info:    ------------------------------------------------------
4290  |Info:    ------------------------------------------------------
4290  |Info:    |               Detecting HID devices                |
4290  |Info:    ------------------------------------------------------
4290  |Info:    ------------------------------------------------------
4290  |Info:    |            Detecting libusb HID devices            |
4290  |Info:    ------------------------------------------------------
4300  |Info:    ------------------------------------------------------
4300  |Info:    |              Detecting other devices               |
4300  |Info:    ------------------------------------------------------
4345  |Info:    [NVIDIA GeForce RTX 3060 Ti LHR] Registering RGB controller
4359  |Info:    [ResourceManager] Calling Post-detection callbacks
4359  |Info:    ------------------------------------------------------
4359  |Info:    |                Detection completed                 |
4359  |Info:    ------------------------------------------------------
