    OpenRGB v0.9+ (1.0rc2)
    Commit:  from 
    Launched: 20251214_221114
====================================================================================================

1     |Info:    [ProfileManager] Found file: new main.orp attempting to validate header
2     |Info:    [ProfileManager] Valid v5 profile found for new main
78    |Info:    [ResourceManager] Initializing HID interfaces: Success
78    |Info:    ------------------------------------------------------
78    |Info:    |               Start device detection               |
78    |Info:    ------------------------------------------------------
90    |Info:    ------------------------------------------------------
90    |Info:    |             Detecting I2C interfaces               |
90    |Info:    ------------------------------------------------------
91    |Info:    [ResourceManager] Registering I2C interface: /dev/i2c-3 Device 10DE:2489 Subsystem: 10DE:2489
91    |Info:    [ResourceManager] Registering I2C interface: /dev/i2c-1 Device 1022:790B Subsystem: 1849:FFFF
91    |Info:    [ResourceManager] Registering I2C interface: /dev/i2c-6 Device 10DE:2489 Subsystem: 10DE:2489
91    |Info:    [ResourceManager] Registering I2C interface: /dev/i2c-4 Device 10DE:2489 Subsystem: 10DE:2489
91    |Info:    [ResourceManager] Registering I2C interface: /dev/i2c-2 Device 1022:790B Subsystem: 1849:FFFF
91    |Info:    [ResourceManager] Registering I2C interface: /dev/i2c-0 Device 1022:790B Subsystem: 1849:FFFF
91    |Info:    [ResourceManager] Registering I2C interface: /dev/i2c-7 Device 10DE:2489 Subsystem: 10DE:2489
91    |Info:    [ResourceManager] Registering I2C interface: /dev/i2c-5 Device 10DE:2489 Subsystem: 10DE:2489
91    |Info:    ------------------------------------------------------
91    |Info:    |               Detecting I2C devices                |
91    |Info:    ------------------------------------------------------
1068  |Info:    ------------------------------------------------------
1068  |Info:    |            Detecting I2C DIMM modules              |
1068  |Info:    ------------------------------------------------------
1939  |Info:    [ResourceManager] Detected occupied slot 1, bus 5, type DDR4
3226  |Info:    [ResourceManager] Detected occupied slot 2, bus 5, type DDR4
4259  |Info:    ------------------------------------------------------
4259  |Info:    |               Detecting I2C PCI devices            |
4259  |Info:    ------------------------------------------------------
4261  |Info:    ------------------------------------------------------
4261  |Info:    |               Detecting HID devices                |
4261  |Info:    ------------------------------------------------------
4261  |Info:    ------------------------------------------------------
4261  |Info:    |            Detecting libusb HID devices            |
4261  |Info:    ------------------------------------------------------
4270  |Info:    ------------------------------------------------------
4270  |Info:    |              Detecting other devices               |
4270  |Info:    ------------------------------------------------------
4314  |Info:    [NVIDIA GeForce RTX 3060 Ti LHR] Registering RGB controller
4334  |Info:    [ResourceManager] Calling Post-detection callbacks
4334  |Info:    ------------------------------------------------------
4334  |Info:    |                Detection completed                 |
4334  |Info:    ------------------------------------------------------
61529 |Info:    [ProfileManager] Profile loading: Succeeded for NVIDIA GeForce RTX 3060 Ti LHR @ 
