    OpenRGB v0.9+ (1.0rc2)
    Commit:  from 
    Launched: 20251223_142657
====================================================================================================

1     |Info:    [ProfileManager] Found file: oof.orp attempting to validate header
3     |Info:    [ProfileManager] Valid v5 profile found for oof
3     |Info:    [ProfileManager] Found file: new main.orp attempting to validate header
3     |Info:    [ProfileManager] Valid v5 profile found for new main
81    |Info:    [ResourceManager] Initializing HID interfaces: Success
81    |Info:    ------------------------------------------------------
81    |Info:    |               Start device detection               |
81    |Info:    ------------------------------------------------------
96    |Info:    ------------------------------------------------------
96    |Info:    |             Detecting I2C interfaces               |
96    |Info:    ------------------------------------------------------
97    |Info:    [ResourceManager] Registering I2C interface: /dev/i2c-3 Device 10DE:2489 Subsystem: 10DE:2489
97    |Info:    [ResourceManager] Registering I2C interface: /dev/i2c-1 Device 10DE:2489 Subsystem: 10DE:2489
97    |Info:    [ResourceManager] Registering I2C interface: /dev/i2c-6 Device 1022:790B Subsystem: 1849:FFFF
98    |Info:    [ResourceManager] Registering I2C interface: /dev/i2c-4 Device 10DE:2489 Subsystem: 10DE:2489
98    |Info:    [ResourceManager] Registering I2C interface: /dev/i2c-2 Device 10DE:2489 Subsystem: 10DE:2489
98    |Info:    [ResourceManager] Registering I2C interface: /dev/i2c-0 Device 10DE:2489 Subsystem: 10DE:2489
98    |Info:    [ResourceManager] Registering I2C interface: /dev/i2c-7 Device 1022:790B Subsystem: 1849:FFFF
98    |Info:    [ResourceManager] Registering I2C interface: /dev/i2c-5 Device 1022:790B Subsystem: 1849:FFFF
98    |Info:    ------------------------------------------------------
98    |Info:    |               Detecting I2C devices                |
98    |Info:    ------------------------------------------------------
1078  |Info:    ------------------------------------------------------
1078  |Info:    |            Detecting I2C DIMM modules              |
1078  |Info:    ------------------------------------------------------
1943  |Info:    [ResourceManager] Detected occupied slot 1, bus 7, type DDR4
3242  |Info:    [ResourceManager] Detected occupied slot 2, bus 7, type DDR4
4274  |Info:    ------------------------------------------------------
4274  |Info:    |               Detecting I2C PCI devices            |
4274  |Info:    ------------------------------------------------------
4275  |Info:    ------------------------------------------------------
4275  |Info:    |               Detecting HID devices                |
4275  |Info:    ------------------------------------------------------
4275  |Info:    ------------------------------------------------------
4275  |Info:    |            Detecting libusb HID devices            |
4275  |Info:    ------------------------------------------------------
4283  |Info:    ------------------------------------------------------
4283  |Info:    |              Detecting other devices               |
4283  |Info:    ------------------------------------------------------
4325  |Info:    [NVIDIA GeForce RTX 3060 Ti LHR] Registering RGB controller
4336  |Info:    [ResourceManager] Calling Post-detection callbacks
4336  |Info:    ------------------------------------------------------
4336  |Info:    |                Detection completed                 |
4336  |Info:    ------------------------------------------------------
8011  |Info:    [ProfileManager] Profile loading: Succeeded for NVIDIA GeForce RTX 3060 Ti LHR @ 
