    OpenRGB v0.9+ (1.0rc2)
    Commit:  from 
    Launched: 20251225_183628
====================================================================================================

1     |Info:    [ProfileManager] Found file: oof.orp attempting to validate header
3     |Info:    [ProfileManager] Valid v5 profile found for oof
3     |Info:    [ProfileManager] Found file: new main.orp attempting to validate header
4     |Info:    [ProfileManager] Valid v5 profile found for new main
82    |Info:    [ResourceManager] Initializing HID interfaces: Success
82    |Info:    ------------------------------------------------------
82    |Info:    |               Start device detection               |
82    |Info:    ------------------------------------------------------
97    |Info:    ------------------------------------------------------
97    |Info:    |             Detecting I2C interfaces               |
97    |Info:    ------------------------------------------------------
97    |Info:    [ResourceManager] Registering I2C interface: /dev/i2c-3 Device 10DE:2489 Subsystem: 10DE:2489
97    |Info:    [ResourceManager] Registering I2C interface: /dev/i2c-1 Device 10DE:2489 Subsystem: 10DE:2489
98    |Info:    [ResourceManager] Registering I2C interface: /dev/i2c-6 Device 1022:790B Subsystem: 1849:FFFF
98    |Info:    [ResourceManager] Registering I2C interface: /dev/i2c-4 Device 10DE:2489 Subsystem: 10DE:2489
98    |Info:    [ResourceManager] Registering I2C interface: /dev/i2c-2 Device 10DE:2489 Subsystem: 10DE:2489
98    |Info:    [ResourceManager] Registering I2C interface: /dev/i2c-0 Device 10DE:2489 Subsystem: 10DE:2489
98    |Info:    [ResourceManager] Registering I2C interface: /dev/i2c-7 Device 1022:790B Subsystem: 1849:FFFF
98    |Info:    [ResourceManager] Registering I2C interface: /dev/i2c-5 Device 1022:790B Subsystem: 1849:FFFF
98    |Info:    ------------------------------------------------------
98    |Info:    |               Detecting I2C devices                |
98    |Info:    ------------------------------------------------------
1087  |Info:    ------------------------------------------------------
1087  |Info:    |            Detecting I2C DIMM modules              |
1087  |Info:    ------------------------------------------------------
1955  |Info:    [ResourceManager] Detected occupied slot 1, bus 7, type DDR4
3244  |Info:    [ResourceManager] Detected occupied slot 2, bus 7, type DDR4
4278  |Info:    ------------------------------------------------------
4278  |Info:    |               Detecting I2C PCI devices            |
4278  |Info:    ------------------------------------------------------
4279  |Info:    ------------------------------------------------------
4279  |Info:    |               Detecting HID devices                |
4279  |Info:    ------------------------------------------------------
4279  |Info:    ------------------------------------------------------
4279  |Info:    |            Detecting libusb HID devices            |
4279  |Info:    ------------------------------------------------------
4287  |Info:    ------------------------------------------------------
4287  |Info:    |              Detecting other devices               |
4287  |Info:    ------------------------------------------------------
4330  |Info:    [NVIDIA GeForce RTX 3060 Ti LHR] Registering RGB controller
4340  |Info:    [ResourceManager] Calling Post-detection callbacks
4340  |Info:    ------------------------------------------------------
4340  |Info:    |                Detection completed                 |
4340  |Info:    ------------------------------------------------------
6306  |Info:    [ProfileManager] Profile loading: Succeeded for NVIDIA GeForce RTX 3060 Ti LHR @ 
