    OpenRGB v0.9+ (1.0rc2)
    Commit:  from 
    Launched: 20251216_202836
====================================================================================================

0     |Info:    [ProfileManager] Found file: new main.orp attempting to validate header
1     |Info:    [ProfileManager] Valid v5 profile found for new main
64    |Info:    [ResourceManager] Initializing HID interfaces: Success
64    |Info:    ------------------------------------------------------
64    |Info:    |               Start device detection               |
64    |Info:    ------------------------------------------------------
79    |Info:    ------------------------------------------------------
79    |Info:    |             Detecting I2C interfaces               |
79    |Info:    ------------------------------------------------------
79    |Info:    [ResourceManager] Registering I2C interface: /dev/i2c-3 Device 10DE:2489 Subsystem: 10DE:2489
79    |Info:    [ResourceManager] Registering I2C interface: /dev/i2c-1 Device 10DE:2489 Subsystem: 10DE:2489
79    |Info:    [ResourceManager] Registering I2C interface: /dev/i2c-6 Device 1022:790B Subsystem: 1849:FFFF
79    |Info:    [ResourceManager] Registering I2C interface: /dev/i2c-4 Device 10DE:2489 Subsystem: 10DE:2489
80    |Info:    [ResourceManager] Registering I2C interface: /dev/i2c-2 Device 10DE:2489 Subsystem: 10DE:2489
80    |Info:    [ResourceManager] Registering I2C interface: /dev/i2c-0 Device 10DE:2489 Subsystem: 10DE:2489
80    |Info:    [ResourceManager] Registering I2C interface: /dev/i2c-7 Device 1022:790B Subsystem: 1849:FFFF
80    |Info:    [ResourceManager] Registering I2C interface: /dev/i2c-5 Device 1022:790B Subsystem: 1849:FFFF
80    |Info:    ------------------------------------------------------
80    |Info:    |               Detecting I2C devices                |
80    |Info:    ------------------------------------------------------
1084  |Info:    ------------------------------------------------------
1084  |Info:    |            Detecting I2C DIMM modules              |
1084  |Info:    ------------------------------------------------------
1959  |Info:    [ResourceManager] Detected occupied slot 1, bus 7, type DDR4
3260  |Info:    [ResourceManager] Detected occupied slot 2, bus 7, type DDR4
4294  |Info:    ------------------------------------------------------
4294  |Info:    |               Detecting I2C PCI devices            |
4294  |Info:    ------------------------------------------------------
4296  |Info:    ------------------------------------------------------
4296  |Info:    |               Detecting HID devices                |
4296  |Info:    ------------------------------------------------------
4296  |Info:    ------------------------------------------------------
4296  |Info:    |            Detecting libusb HID devices            |
4296  |Info:    ------------------------------------------------------
4305  |Info:    ------------------------------------------------------
4305  |Info:    |              Detecting other devices               |
4305  |Info:    ------------------------------------------------------
4347  |Info:    [NVIDIA GeForce RTX 3060 Ti LHR] Registering RGB controller
4358  |Info:    [ResourceManager] Calling Post-detection callbacks
4358  |Info:    ------------------------------------------------------
4358  |Info:    |                Detection completed                 |
4358  |Info:    ------------------------------------------------------
9667  |Info:    [ProfileManager] Profile loading: Succeeded for NVIDIA GeForce RTX 3060 Ti LHR @ 
