    OpenRGB v0.9+ (1.0rc2)
    Commit:  from 
    Launched: 20251210_083404
====================================================================================================

1     |Info:    [ProfileManager] Found file: new main.orp attempting to validate header
1     |Info:    [ProfileManager] Valid v5 profile found for new main
73    |Info:    [ResourceManager] Initializing HID interfaces: Success
73    |Info:    ------------------------------------------------------
73    |Info:    |               Start device detection               |
73    |Info:    ------------------------------------------------------
85    |Info:    ------------------------------------------------------
85    |Info:    |             Detecting I2C interfaces               |
85    |Info:    ------------------------------------------------------
85    |Info:    [ResourceManager] Registering I2C interface: /dev/i2c-3 Device 10DE:2489 Subsystem: 10DE:2489
85    |Info:    [ResourceManager] Registering I2C interface: /dev/i2c-1 Device 1022:790B Subsystem: 1849:FFFF
85    |Info:    [ResourceManager] Registering I2C interface: /dev/i2c-6 Device 10DE:2489 Subsystem: 10DE:2489
85    |Info:    [ResourceManager] Registering I2C interface: /dev/i2c-4 Device 10DE:2489 Subsystem: 10DE:2489
86    |Info:    [ResourceManager] Registering I2C interface: /dev/i2c-2 Device 1022:790B Subsystem: 1849:FFFF
86    |Info:    [ResourceManager] Registering I2C interface: /dev/i2c-0 Device 1022:790B Subsystem: 1849:FFFF
86    |Info:    [ResourceManager] Registering I2C interface: /dev/i2c-7 Device 10DE:2489 Subsystem: 10DE:2489
86    |Info:    [ResourceManager] Registering I2C interface: /dev/i2c-5 Device 10DE:2489 Subsystem: 10DE:2489
86    |Info:    ------------------------------------------------------
86    |Info:    |               Detecting I2C devices                |
86    |Info:    ------------------------------------------------------
1061  |Info:    ------------------------------------------------------
1061  |Info:    |            Detecting I2C DIMM modules              |
1061  |Info:    ------------------------------------------------------
1926  |Info:    [ResourceManager] Detected occupied slot 1, bus 5, type DDR4
3215  |Info:    [ResourceManager] Detected occupied slot 2, bus 5, type DDR4
4257  |Info:    ------------------------------------------------------
4257  |Info:    |               Detecting I2C PCI devices            |
4257  |Info:    ------------------------------------------------------
4258  |Info:    ------------------------------------------------------
4258  |Info:    |               Detecting HID devices                |
4258  |Info:    ------------------------------------------------------
4258  |Info:    ------------------------------------------------------
4258  |Info:    |            Detecting libusb HID devices            |
4258  |Info:    ------------------------------------------------------
4266  |Info:    ------------------------------------------------------
4266  |Info:    |              Detecting other devices               |
4266  |Info:    ------------------------------------------------------
4307  |Info:    [NVIDIA GeForce RTX 3060 Ti LHR] Registering RGB controller
4321  |Info:    [ResourceManager] Calling Post-detection callbacks
4321  |Info:    ------------------------------------------------------
4321  |Info:    |                Detection completed                 |
4321  |Info:    ------------------------------------------------------
5358  |Info:    [ProfileManager] Profile loading: Succeeded for NVIDIA GeForce RTX 3060 Ti LHR @ 
