    OpenRGB v0.9+ (1.0rc2)
    Commit:  from 
    Launched: 20251210_150730
====================================================================================================

2     |Info:    [ProfileManager] Found file: new main.orp attempting to validate header
3     |Info:    [ProfileManager] Valid v5 profile found for new main
76    |Info:    [ResourceManager] Initializing HID interfaces: Success
76    |Info:    ------------------------------------------------------
76    |Info:    |               Start device detection               |
76    |Info:    ------------------------------------------------------
86    |Info:    ------------------------------------------------------
86    |Info:    |             Detecting I2C interfaces               |
86    |Info:    ------------------------------------------------------
86    |Info:    [ResourceManager] Registering I2C interface: /dev/i2c-3 Device 10DE:2489 Subsystem: 10DE:2489
86    |Info:    [ResourceManager] Registering I2C interface: /dev/i2c-1 Device 1022:790B Subsystem: 1849:FFFF
87    |Info:    [ResourceManager] Registering I2C interface: /dev/i2c-6 Device 10DE:2489 Subsystem: 10DE:2489
87    |Info:    [ResourceManager] Registering I2C interface: /dev/i2c-4 Device 10DE:2489 Subsystem: 10DE:2489
87    |Info:    [ResourceManager] Registering I2C interface: /dev/i2c-2 Device 1022:790B Subsystem: 1849:FFFF
87    |Info:    [ResourceManager] Registering I2C interface: /dev/i2c-0 Device 1022:790B Subsystem: 1849:FFFF
87    |Info:    [ResourceManager] Registering I2C interface: /dev/i2c-7 Device 10DE:2489 Subsystem: 10DE:2489
87    |Info:    [ResourceManager] Registering I2C interface: /dev/i2c-5 Device 10DE:2489 Subsystem: 10DE:2489
87    |Info:    ------------------------------------------------------
87    |Info:    |               Detecting I2C devices                |
87    |Info:    ------------------------------------------------------
1074  |Info:    ------------------------------------------------------
1074  |Info:    |            Detecting I2C DIMM modules              |
1074  |Info:    ------------------------------------------------------
1933  |Info:    [ResourceManager] Detected occupied slot 1, bus 5, type DDR4
3233  |Info:    [ResourceManager] Detected occupied slot 2, bus 5, type DDR4
4263  |Info:    ------------------------------------------------------
4263  |Info:    |               Detecting I2C PCI devices            |
4263  |Info:    ------------------------------------------------------
4265  |Info:    ------------------------------------------------------
4265  |Info:    |               Detecting HID devices                |
4265  |Info:    ------------------------------------------------------
4265  |Info:    ------------------------------------------------------
4265  |Info:    |            Detecting libusb HID devices            |
4265  |Info:    ------------------------------------------------------
4271  |Info:    ------------------------------------------------------
4271  |Info:    |              Detecting other devices               |
4271  |Info:    ------------------------------------------------------
4311  |Info:    [NVIDIA GeForce RTX 3060 Ti LHR] Registering RGB controller
4323  |Info:    [ResourceManager] Calling Post-detection callbacks
4323  |Info:    ------------------------------------------------------
4323  |Info:    |                Detection completed                 |
4323  |Info:    ------------------------------------------------------
22468 |Info:    [ProfileManager] Profile loading: Succeeded for NVIDIA GeForce RTX 3060 Ti LHR @ 
