    OpenRGB v0.9+ (1.0rc2)
    Commit:  from 
    Launched: 20251226_233357
====================================================================================================

0     |Info:    [ProfileManager] Found file: oof.orp attempting to validate header
0     |Info:    [ProfileManager] Valid v5 profile found for oof
0     |Info:    [ProfileManager] Found file: new main.orp attempting to validate header
1     |Info:    [ProfileManager] Valid v5 profile found for new main
63    |Info:    [ResourceManager] Initializing HID interfaces: Success
63    |Info:    ------------------------------------------------------
63    |Info:    |               Start device detection               |
63    |Info:    ------------------------------------------------------
78    |Info:    ------------------------------------------------------
78    |Info:    |             Detecting I2C interfaces               |
78    |Info:    ------------------------------------------------------
78    |Info:    [ResourceManager] Registering I2C interface: /dev/i2c-3 Device 10DE:2489 Subsystem: 10DE:2489
79    |Info:    [ResourceManager] Registering I2C interface: /dev/i2c-1 Device 10DE:2489 Subsystem: 10DE:2489
79    |Info:    [ResourceManager] Registering I2C interface: /dev/i2c-6 Device 1022:790B Subsystem: 1849:FFFF
79    |Info:    [ResourceManager] Registering I2C interface: /dev/i2c-4 Device 10DE:2489 Subsystem: 10DE:2489
79    |Info:    [ResourceManager] Registering I2C interface: /dev/i2c-2 Device 10DE:2489 Subsystem: 10DE:2489
79    |Info:    [ResourceManager] Registering I2C interface: /dev/i2c-0 Device 10DE:2489 Subsystem: 10DE:2489
79    |Info:    [ResourceManager] Registering I2C interface: /dev/i2c-7 Device 1022:790B Subsystem: 1849:FFFF
79    |Info:    [ResourceManager] Registering I2C interface: /dev/i2c-5 Device 1022:790B Subsystem: 1849:FFFF
79    |Info:    ------------------------------------------------------
79    |Info:    |               Detecting I2C devices                |
79    |Info:    ------------------------------------------------------
1052  |Info:    ------------------------------------------------------
1052  |Info:    |            Detecting I2C DIMM modules              |
1052  |Info:    ------------------------------------------------------
1907  |Info:    [ResourceManager] Detected occupied slot 1, bus 7, type DDR4
3185  |Info:    [ResourceManager] Detected occupied slot 2, bus 7, type DDR4
4213  |Info:    ------------------------------------------------------
4213  |Info:    |               Detecting I2C PCI devices            |
4213  |Info:    ------------------------------------------------------
4214  |Info:    ------------------------------------------------------
4214  |Info:    |               Detecting HID devices                |
4214  |Info:    ------------------------------------------------------
4214  |Info:    ------------------------------------------------------
4214  |Info:    |            Detecting libusb HID devices            |
4214  |Info:    ------------------------------------------------------
4222  |Info:    ------------------------------------------------------
4222  |Info:    |              Detecting other devices               |
4222  |Info:    ------------------------------------------------------
4273  |Info:    [NVIDIA GeForce RTX 3060 Ti LHR] Registering RGB controller
4283  |Info:    [ResourceManager] Calling Post-detection callbacks
4283  |Info:    ------------------------------------------------------
4283  |Info:    |                Detection completed                 |
4283  |Info:    ------------------------------------------------------
5002  |Info:    [ProfileManager] Profile loading: Succeeded for NVIDIA GeForce RTX 3060 Ti LHR @ 
5321  |Info:    [ProfileManager] Profile loading: Succeeded for NVIDIA GeForce RTX 3060 Ti LHR @ 
5573  |Info:    [ProfileManager] Profile loading: Succeeded for NVIDIA GeForce RTX 3060 Ti LHR @ 
