    OpenRGB v0.9+ (1.0rc2)
    Commit:  from 
    Launched: 20251223_110124
====================================================================================================

1     |Info:    [ProfileManager] Found file: new main.orp attempting to validate header
2     |Info:    [ProfileManager] Valid v5 profile found for new main
78    |Info:    [ResourceManager] Initializing HID interfaces: Success
78    |Info:    ------------------------------------------------------
78    |Info:    |               Start device detection               |
78    |Info:    ------------------------------------------------------
97    |Info:    ------------------------------------------------------
97    |Info:    |             Detecting I2C interfaces               |
97    |Info:    ------------------------------------------------------
97    |Info:    [ResourceManager] Registering I2C interface: /dev/i2c-3 Device 10DE:2489 Subsystem: 10DE:2489
97    |Info:    [ResourceManager] Registering I2C interface: /dev/i2c-1 Device 10DE:2489 Subsystem: 10DE:2489
97    |Info:    [ResourceManager] Registering I2C interface: /dev/i2c-6 Device 1022:790B Subsystem: 1849:FFFF
97    |Info:    [ResourceManager] Registering I2C interface: /dev/i2c-4 Device 10DE:2489 Subsystem: 10DE:2489
97    |Info:    [ResourceManager] Registering I2C interface: /dev/i2c-2 Device 10DE:2489 Subsystem: 10DE:2489
97    |Info:    [ResourceManager] Registering I2C interface: /dev/i2c-0 Device 10DE:2489 Subsystem: 10DE:2489
97    |Info:    [ResourceManager] Registering I2C interface: /dev/i2c-7 Device 1022:790B Subsystem: 1849:FFFF
98    |Info:    [ResourceManager] Registering I2C interface: /dev/i2c-5 Device 1022:790B Subsystem: 1849:FFFF
98    |Info:    ------------------------------------------------------
98    |Info:    |               Detecting I2C devices                |
98    |Info:    ------------------------------------------------------
1090  |Info:    ------------------------------------------------------
1090  |Info:    |            Detecting I2C DIMM modules              |
1090  |Info:    ------------------------------------------------------
1955  |Info:    [ResourceManager] Detected occupied slot 1, bus 7, type DDR4
3242  |Info:    [ResourceManager] Detected occupied slot 2, bus 7, type DDR4
4283  |Info:    ------------------------------------------------------
4283  |Info:    |               Detecting I2C PCI devices            |
4283  |Info:    ------------------------------------------------------
4286  |Info:    ------------------------------------------------------
4286  |Info:    |               Detecting HID devices                |
4286  |Info:    ------------------------------------------------------
4286  |Info:    ------------------------------------------------------
4286  |Info:    |            Detecting libusb HID devices            |
4286  |Info:    ------------------------------------------------------
4295  |Info:    ------------------------------------------------------
4295  |Info:    |              Detecting other devices               |
4295  |Info:    ------------------------------------------------------
4335  |Info:    [NVIDIA GeForce RTX 3060 Ti LHR] Registering RGB controller
4350  |Info:    [ResourceManager] Calling Post-detection callbacks
4350  |Info:    ------------------------------------------------------
4351  |Info:    |                Detection completed                 |
4351  |Info:    ------------------------------------------------------
56271 |Info:    [ProfileManager] Found file: oof.orp attempting to validate header
56271 |Info:    [ProfileManager] Valid v5 profile found for oof
56271 |Info:    [ProfileManager] Found file: new main.orp attempting to validate header
56271 |Info:    [ProfileManager] Valid v5 profile found for new main
58624 |Info:    [ProfileManager] Profile loading: Succeeded for NVIDIA GeForce RTX 3060 Ti LHR @ 
