    OpenRGB v0.9+ (1.0rc2)
    Commit:  from 
    Launched: 20251209_010037
====================================================================================================

0     |Info:    [ProfileManager] Found file: new main.orp attempting to validate header
0     |Info:    [ProfileManager] Valid v5 profile found for new main
53    |Info:    [ResourceManager] Initializing HID interfaces: Success
53    |Info:    ------------------------------------------------------
53    |Info:    |               Start device detection               |
53    |Info:    ------------------------------------------------------
63    |Info:    ------------------------------------------------------
63    |Info:    |             Detecting I2C interfaces               |
63    |Info:    ------------------------------------------------------
63    |Info:    [ResourceManager] Registering I2C interface: /dev/i2c-3 Device 10DE:2489 Subsystem: 10DE:2489
63    |Info:    [ResourceManager] Registering I2C interface: /dev/i2c-1 Device 1022:790B Subsystem: 1849:FFFF
63    |Info:    [ResourceManager] Registering I2C interface: /dev/i2c-6 Device 10DE:2489 Subsystem: 10DE:2489
63    |Info:    [ResourceManager] Registering I2C interface: /dev/i2c-4 Device 10DE:2489 Subsystem: 10DE:2489
63    |Info:    [ResourceManager] Registering I2C interface: /dev/i2c-2 Device 1022:790B Subsystem: 1849:FFFF
63    |Info:    [ResourceManager] Registering I2C interface: /dev/i2c-0 Device 1022:790B Subsystem: 1849:FFFF
63    |Info:    [ResourceManager] Registering I2C interface: /dev/i2c-7 Device 10DE:2489 Subsystem: 10DE:2489
63    |Info:    [ResourceManager] Registering I2C interface: /dev/i2c-5 Device 10DE:2489 Subsystem: 10DE:2489
63    |Info:    ------------------------------------------------------
63    |Info:    |               Detecting I2C devices                |
63    |Info:    ------------------------------------------------------
1014  |Info:    ------------------------------------------------------
1014  |Info:    |            Detecting I2C DIMM modules              |
1015  |Info:    ------------------------------------------------------
1873  |Info:    [ResourceManager] Detected occupied slot 1, bus 5, type DDR4
3157  |Info:    [ResourceManager] Detected occupied slot 2, bus 5, type DDR4
4188  |Info:    ------------------------------------------------------
4188  |Info:    |               Detecting I2C PCI devices            |
4188  |Info:    ------------------------------------------------------
4189  |Info:    ------------------------------------------------------
4189  |Info:    |               Detecting HID devices                |
4189  |Info:    ------------------------------------------------------
4189  |Info:    ------------------------------------------------------
4189  |Info:    |            Detecting libusb HID devices            |
4189  |Info:    ------------------------------------------------------
4196  |Info:    ------------------------------------------------------
4196  |Info:    |              Detecting other devices               |
4196  |Info:    ------------------------------------------------------
4254  |Info:    [NVIDIA GeForce RTX 3060 Ti LHR] Registering RGB controller
4262  |Info:    [ResourceManager] Calling Post-detection callbacks
4262  |Info:    ------------------------------------------------------
4262  |Info:    |                Detection completed                 |
4262  |Info:    ------------------------------------------------------
