    OpenRGB v0.9+ (1.0rc2)
    Commit:  from 
    Launched: 20251224_204046
====================================================================================================

2     |Info:    [ProfileManager] Found file: oof.orp attempting to validate header
3     |Info:    [ProfileManager] Valid v5 profile found for oof
3     |Info:    [ProfileManager] Found file: new main.orp attempting to validate header
4     |Info:    [ProfileManager] Valid v5 profile found for new main
79    |Info:    [ResourceManager] Initializing HID interfaces: Success
79    |Info:    ------------------------------------------------------
79    |Info:    |               Start device detection               |
79    |Info:    ------------------------------------------------------
94    |Info:    ------------------------------------------------------
94    |Info:    |             Detecting I2C interfaces               |
94    |Info:    ------------------------------------------------------
94    |Info:    [ResourceManager] Registering I2C interface: /dev/i2c-3 Device 10DE:2489 Subsystem: 10DE:2489
94    |Info:    [ResourceManager] Registering I2C interface: /dev/i2c-1 Device 10DE:2489 Subsystem: 10DE:2489
94    |Info:    [ResourceManager] Registering I2C interface: /dev/i2c-6 Device 1022:790B Subsystem: 1849:FFFF
94    |Info:    [ResourceManager] Registering I2C interface: /dev/i2c-4 Device 10DE:2489 Subsystem: 10DE:2489
94    |Info:    [ResourceManager] Registering I2C interface: /dev/i2c-2 Device 10DE:2489 Subsystem: 10DE:2489
94    |Info:    [ResourceManager] Registering I2C interface: /dev/i2c-0 Device 10DE:2489 Subsystem: 10DE:2489
95    |Info:    [ResourceManager] Registering I2C interface: /dev/i2c-7 Device 1022:790B Subsystem: 1849:FFFF
95    |Info:    [ResourceManager] Registering I2C interface: /dev/i2c-5 Device 1022:790B Subsystem: 1849:FFFF
95    |Info:    ------------------------------------------------------
95    |Info:    |               Detecting I2C devices                |
95    |Info:    ------------------------------------------------------
1092  |Info:    ------------------------------------------------------
1092  |Info:    |            Detecting I2C DIMM modules              |
1092  |Info:    ------------------------------------------------------
1961  |Info:    [ResourceManager] Detected occupied slot 1, bus 7, type DDR4
3260  |Info:    [ResourceManager] Detected occupied slot 2, bus 7, type DDR4
4305  |Info:    ------------------------------------------------------
4305  |Info:    |               Detecting I2C PCI devices            |
4305  |Info:    ------------------------------------------------------
4307  |Info:    ------------------------------------------------------
4307  |Info:    |               Detecting HID devices                |
4307  |Info:    ------------------------------------------------------
4307  |Info:    ------------------------------------------------------
4307  |Info:    |            Detecting libusb HID devices            |
4307  |Info:    ------------------------------------------------------
4313  |Info:    ------------------------------------------------------
4313  |Info:    |              Detecting other devices               |
4313  |Info:    ------------------------------------------------------
4358  |Info:    [NVIDIA GeForce RTX 3060 Ti LHR] Registering RGB controller
4369  |Info:    [ResourceManager] Calling Post-detection callbacks
4369  |Info:    ------------------------------------------------------
4369  |Info:    |                Detection completed                 |
4369  |Info:    ------------------------------------------------------
33469 |Info:    [ProfileManager] Profile loading: Succeeded for NVIDIA GeForce RTX 3060 Ti LHR @ 
