    OpenRGB v0.9+ (1.0rc2)
    Commit:  from 
    Launched: 20251218_162902
====================================================================================================

1     |Info:    [ProfileManager] Found file: new main.orp attempting to validate header
2     |Info:    [ProfileManager] Valid v5 profile found for new main
76    |Info:    [ResourceManager] Initializing HID interfaces: Success
76    |Info:    ------------------------------------------------------
76    |Info:    |               Start device detection               |
76    |Info:    ------------------------------------------------------
99    |Info:    ------------------------------------------------------
99    |Info:    |             Detecting I2C interfaces               |
99    |Info:    ------------------------------------------------------
99    |Info:    [ResourceManager] Registering I2C interface: /dev/i2c-3 Device 10DE:2489 Subsystem: 10DE:2489
99    |Info:    [ResourceManager] Registering I2C interface: /dev/i2c-1 Device 10DE:2489 Subsystem: 10DE:2489
99    |Info:    [ResourceManager] Registering I2C interface: /dev/i2c-6 Device 1022:790B Subsystem: 1849:FFFF
99    |Info:    [ResourceManager] Registering I2C interface: /dev/i2c-4 Device 10DE:2489 Subsystem: 10DE:2489
99    |Info:    [ResourceManager] Registering I2C interface: /dev/i2c-2 Device 10DE:2489 Subsystem: 10DE:2489
99    |Info:    [ResourceManager] Registering I2C interface: /dev/i2c-0 Device 10DE:2489 Subsystem: 10DE:2489
100   |Info:    [ResourceManager] Registering I2C interface: /dev/i2c-7 Device 1022:790B Subsystem: 1849:FFFF
100   |Info:    [ResourceManager] Registering I2C interface: /dev/i2c-5 Device 1022:790B Subsystem: 1849:FFFF
100   |Info:    ------------------------------------------------------
100   |Info:    |               Detecting I2C devices                |
100   |Info:    ------------------------------------------------------
1088  |Info:    ------------------------------------------------------
1088  |Info:    |            Detecting I2C DIMM modules              |
1088  |Info:    ------------------------------------------------------
1957  |Info:    [ResourceManager] Detected occupied slot 1, bus 7, type DDR4
3252  |Info:    [ResourceManager] Detected occupied slot 2, bus 7, type DDR4
4284  |Info:    ------------------------------------------------------
4284  |Info:    |               Detecting I2C PCI devices            |
4284  |Info:    ------------------------------------------------------
4286  |Info:    ------------------------------------------------------
4286  |Info:    |               Detecting HID devices                |
4286  |Info:    ------------------------------------------------------
4286  |Info:    ------------------------------------------------------
4286  |Info:    |            Detecting libusb HID devices            |
4286  |Info:    ------------------------------------------------------
4294  |Info:    ------------------------------------------------------
4294  |Info:    |              Detecting other devices               |
4294  |Info:    ------------------------------------------------------
4338  |Info:    [NVIDIA GeForce RTX 3060 Ti LHR] Registering RGB controller
4352  |Info:    [ResourceManager] Calling Post-detection callbacks
4352  |Info:    ------------------------------------------------------
4352  |Info:    |                Detection completed                 |
4352  |Info:    ------------------------------------------------------
5034  |Info:    [ProfileManager] Profile loading: Succeeded for NVIDIA GeForce RTX 3060 Ti LHR @ 
