    OpenRGB v0.9+ (1.0rc2)
    Commit:  from 
    Launched: 20251215_221727
====================================================================================================

0     |Info:    [ProfileManager] Found file: new main.orp attempting to validate header
0     |Info:    [ProfileManager] Valid v5 profile found for new main
58    |Info:    [ResourceManager] Initializing HID interfaces: Success
58    |Info:    ------------------------------------------------------
58    |Info:    |               Start device detection               |
58    |Info:    ------------------------------------------------------
83    |Info:    ------------------------------------------------------
83    |Info:    |             Detecting I2C interfaces               |
83    |Info:    ------------------------------------------------------
84    |Info:    [ResourceManager] Registering I2C interface: /dev/i2c-3 Device 10DE:2489 Subsystem: 10DE:2489
84    |Info:    [ResourceManager] Registering I2C interface: /dev/i2c-1 Device 10DE:2489 Subsystem: 10DE:2489
84    |Info:    [ResourceManager] Registering I2C interface: /dev/i2c-6 Device 1022:790B Subsystem: 1849:FFFF
84    |Info:    [ResourceManager] Registering I2C interface: /dev/i2c-4 Device 10DE:2489 Subsystem: 10DE:2489
84    |Info:    [ResourceManager] Registering I2C interface: /dev/i2c-2 Device 10DE:2489 Subsystem: 10DE:2489
84    |Info:    [ResourceManager] Registering I2C interface: /dev/i2c-0 Device 10DE:2489 Subsystem: 10DE:2489
84    |Info:    [ResourceManager] Registering I2C interface: /dev/i2c-7 Device 1022:790B Subsystem: 1849:FFFF
84    |Info:    [ResourceManager] Registering I2C interface: /dev/i2c-5 Device 1022:790B Subsystem: 1849:FFFF
84    |Info:    ------------------------------------------------------
84    |Info:    |               Detecting I2C devices                |
84    |Info:    ------------------------------------------------------
1096  |Info:    ------------------------------------------------------
1096  |Info:    |            Detecting I2C DIMM modules              |
1096  |Info:    ------------------------------------------------------
1957  |Info:    [ResourceManager] Detected occupied slot 1, bus 7, type DDR4
3241  |Info:    [ResourceManager] Detected occupied slot 2, bus 7, type DDR4
4274  |Info:    ------------------------------------------------------
4274  |Info:    |               Detecting I2C PCI devices            |
4274  |Info:    ------------------------------------------------------
4276  |Info:    ------------------------------------------------------
4276  |Info:    |               Detecting HID devices                |
4276  |Info:    ------------------------------------------------------
4276  |Info:    ------------------------------------------------------
4276  |Info:    |            Detecting libusb HID devices            |
4276  |Info:    ------------------------------------------------------
4288  |Info:    ------------------------------------------------------
4288  |Info:    |              Detecting other devices               |
4288  |Info:    ------------------------------------------------------
4328  |Info:    [NVIDIA GeForce RTX 3060 Ti LHR] Registering RGB controller
4337  |Info:    [ResourceManager] Calling Post-detection callbacks
4337  |Info:    ------------------------------------------------------
4337  |Info:    |                Detection completed                 |
4337  |Info:    ------------------------------------------------------
9067  |Info:    [ProfileManager] Profile loading: Succeeded for NVIDIA GeForce RTX 3060 Ti LHR @ 
