    OpenRGB v0.9+ (1.0rc2)
    Commit:  from 
    Launched: 20251213_131158
====================================================================================================

2     |Info:    [ProfileManager] Found file: new main.orp attempting to validate header
4     |Info:    [ProfileManager] Valid v5 profile found for new main
77    |Info:    [ResourceManager] Initializing HID interfaces: Success
77    |Info:    ------------------------------------------------------
77    |Info:    |               Start device detection               |
77    |Info:    ------------------------------------------------------
89    |Info:    ------------------------------------------------------
89    |Info:    |             Detecting I2C interfaces               |
89    |Info:    ------------------------------------------------------
89    |Info:    [ResourceManager] Registering I2C interface: /dev/i2c-3 Device 10DE:2489 Subsystem: 10DE:2489
89    |Info:    [ResourceManager] Registering I2C interface: /dev/i2c-1 Device 1022:790B Subsystem: 1849:FFFF
89    |Info:    [ResourceManager] Registering I2C interface: /dev/i2c-6 Device 10DE:2489 Subsystem: 10DE:2489
89    |Info:    [ResourceManager] Registering I2C interface: /dev/i2c-4 Device 10DE:2489 Subsystem: 10DE:2489
90    |Info:    [ResourceManager] Registering I2C interface: /dev/i2c-2 Device 1022:790B Subsystem: 1849:FFFF
90    |Info:    [ResourceManager] Registering I2C interface: /dev/i2c-0 Device 1022:790B Subsystem: 1849:FFFF
90    |Info:    [ResourceManager] Registering I2C interface: /dev/i2c-7 Device 10DE:2489 Subsystem: 10DE:2489
90    |Info:    [ResourceManager] Registering I2C interface: /dev/i2c-5 Device 10DE:2489 Subsystem: 10DE:2489
90    |Info:    ------------------------------------------------------
90    |Info:    |               Detecting I2C devices                |
90    |Info:    ------------------------------------------------------
1068  |Info:    ------------------------------------------------------
1068  |Info:    |            Detecting I2C DIMM modules              |
1068  |Info:    ------------------------------------------------------
1931  |Info:    [ResourceManager] Detected occupied slot 1, bus 5, type DDR4
3220  |Info:    [ResourceManager] Detected occupied slot 2, bus 5, type DDR4
4271  |Info:    ------------------------------------------------------
4271  |Info:    |               Detecting I2C PCI devices            |
4271  |Info:    ------------------------------------------------------
4272  |Info:    ------------------------------------------------------
4272  |Info:    |               Detecting HID devices                |
4272  |Info:    ------------------------------------------------------
4273  |Info:    ------------------------------------------------------
4273  |Info:    |            Detecting libusb HID devices            |
4273  |Info:    ------------------------------------------------------
4281  |Info:    ------------------------------------------------------
4281  |Info:    |              Detecting other devices               |
4281  |Info:    ------------------------------------------------------
4324  |Info:    [NVIDIA GeForce RTX 3060 Ti LHR] Registering RGB controller
4334  |Info:    [ResourceManager] Calling Post-detection callbacks
4334  |Info:    ------------------------------------------------------
4334  |Info:    |                Detection completed                 |
4334  |Info:    ------------------------------------------------------
