    OpenRGB v0.9+ (1.0rc2)
    Commit:  from 
    Launched: 20251215_221431
====================================================================================================

0     |Info:    [ProfileManager] Found file: new main.orp attempting to validate header
0     |Info:    [ProfileManager] Valid v5 profile found for new main
54    |Info:    [ResourceManager] Initializing HID interfaces: Success
54    |Info:    ------------------------------------------------------
54    |Info:    |               Start device detection               |
54    |Info:    ------------------------------------------------------
65    |Info:    ------------------------------------------------------
65    |Info:    |             Detecting I2C interfaces               |
65    |Info:    ------------------------------------------------------
65    |Info:    [ResourceManager] Registering I2C interface: /dev/i2c-3 Device 10DE:2489 Subsystem: 10DE:2489
66    |Info:    [ResourceManager] Registering I2C interface: /dev/i2c-1 Device 10DE:2489 Subsystem: 10DE:2489
66    |Info:    [ResourceManager] Registering I2C interface: /dev/i2c-6 Device 1022:790B Subsystem: 1849:FFFF
66    |Info:    [ResourceManager] Registering I2C interface: /dev/i2c-4 Device 10DE:2489 Subsystem: 10DE:2489
66    |Info:    [ResourceManager] Registering I2C interface: /dev/i2c-2 Device 10DE:2489 Subsystem: 10DE:2489
66    |Info:    [ResourceManager] Registering I2C interface: /dev/i2c-0 Device 10DE:2489 Subsystem: 10DE:2489
66    |Info:    [ResourceManager] Registering I2C interface: /dev/i2c-7 Device 1022:790B Subsystem: 1849:FFFF
66    |Info:    [ResourceManager] Registering I2C interface: /dev/i2c-5 Device 1022:790B Subsystem: 1849:FFFF
66    |Info:    ------------------------------------------------------
66    |Info:    |               Detecting I2C devices                |
66    |Info:    ------------------------------------------------------
1058  |Info:    ------------------------------------------------------
1058  |Info:    |            Detecting I2C DIMM modules              |
1058  |Info:    ------------------------------------------------------
1924  |Info:    [ResourceManager] Detected occupied slot 1, bus 7, type DDR4
3209  |Info:    [ResourceManager] Detected occupied slot 2, bus 7, type DDR4
4246  |Info:    ------------------------------------------------------
4246  |Info:    |               Detecting I2C PCI devices            |
4246  |Info:    ------------------------------------------------------
4247  |Info:    ------------------------------------------------------
4247  |Info:    |               Detecting HID devices                |
4247  |Info:    ------------------------------------------------------
4247  |Info:    ------------------------------------------------------
4247  |Info:    |            Detecting libusb HID devices            |
4247  |Info:    ------------------------------------------------------
4254  |Info:    ------------------------------------------------------
4254  |Info:    |              Detecting other devices               |
4254  |Info:    ------------------------------------------------------
4295  |Info:    [NVIDIA GeForce RTX 3060 Ti LHR] Registering RGB controller
4303  |Info:    [ResourceManager] Calling Post-detection callbacks
4303  |Info:    ------------------------------------------------------
4303  |Info:    |                Detection completed                 |
4303  |Info:    ------------------------------------------------------
