    OpenRGB v0.9+ (1.0rc2)
    Commit:  from 
    Launched: 20251227_115215
====================================================================================================

0     |Info:    [ProfileManager] Found file: oof.orp attempting to validate header
0     |Info:    [ProfileManager] Valid v5 profile found for oof
0     |Info:    [ProfileManager] Found file: new main.orp attempting to validate header
0     |Info:    [ProfileManager] Valid v5 profile found for new main
53    |Info:    [ResourceManager] Initializing HID interfaces: Success
53    |Info:    ------------------------------------------------------
53    |Info:    |               Start device detection               |
53    |Info:    ------------------------------------------------------
64    |Info:    ------------------------------------------------------
64    |Info:    |             Detecting I2C interfaces               |
64    |Info:    ------------------------------------------------------
64    |Info:    [ResourceManager] Registering I2C interface: /dev/i2c-3 Device 10DE:2489 Subsystem: 10DE:2489
64    |Info:    [ResourceManager] Registering I2C interface: /dev/i2c-1 Device 10DE:2489 Subsystem: 10DE:2489
64    |Info:    [ResourceManager] Registering I2C interface: /dev/i2c-6 Device 1022:790B Subsystem: 1849:FFFF
64    |Info:    [ResourceManager] Registering I2C interface: /dev/i2c-4 Device 10DE:2489 Subsystem: 10DE:2489
64    |Info:    [ResourceManager] Registering I2C interface: /dev/i2c-2 Device 10DE:2489 Subsystem: 10DE:2489
64    |Info:    [ResourceManager] Registering I2C interface: /dev/i2c-0 Device 10DE:2489 Subsystem: 10DE:2489
64    |Info:    [ResourceManager] Registering I2C interface: /dev/i2c-7 Device 1022:790B Subsystem: 1849:FFFF
65    |Info:    [ResourceManager] Registering I2C interface: /dev/i2c-5 Device 1022:790B Subsystem: 1849:FFFF
65    |Info:    ------------------------------------------------------
65    |Info:    |               Detecting I2C devices                |
65    |Info:    ------------------------------------------------------
1007  |Info:    ------------------------------------------------------
1007  |Info:    |            Detecting I2C DIMM modules              |
1007  |Info:    ------------------------------------------------------
1865  |Info:    [ResourceManager] Detected occupied slot 1, bus 7, type DDR4
3149  |Info:    [ResourceManager] Detected occupied slot 2, bus 7, type DDR4
4179  |Info:    ------------------------------------------------------
4179  |Info:    |               Detecting I2C PCI devices            |
4179  |Info:    ------------------------------------------------------
4181  |Info:    ------------------------------------------------------
4181  |Info:    |               Detecting HID devices                |
4181  |Info:    ------------------------------------------------------
4181  |Info:    ------------------------------------------------------
4181  |Info:    |            Detecting libusb HID devices            |
4181  |Info:    ------------------------------------------------------
4188  |Info:    ------------------------------------------------------
4188  |Info:    |              Detecting other devices               |
4188  |Info:    ------------------------------------------------------
4228  |Info:    [NVIDIA GeForce RTX 3060 Ti LHR] Registering RGB controller
4236  |Info:    [ResourceManager] Calling Post-detection callbacks
4236  |Info:    ------------------------------------------------------
4236  |Info:    |                Detection completed                 |
4236  |Info:    ------------------------------------------------------
6987  |Info:    [ProfileManager] Profile loading: Succeeded for NVIDIA GeForce RTX 3060 Ti LHR @ 
7910  |Info:    [ProfileManager] Profile loading: Succeeded for NVIDIA GeForce RTX 3060 Ti LHR @ 
8162  |Info:    [ProfileManager] Profile loading: Succeeded for NVIDIA GeForce RTX 3060 Ti LHR @ 
