    OpenRGB v0.9+ (1.0rc2)
    Commit:  from 
    Launched: 20251209_165357
====================================================================================================

6     |Info:    [ProfileManager] Found file: new main.orp attempting to validate header
10    |Info:    [ProfileManager] Valid v5 profile found for new main
132   |Info:    [ResourceManager] Initializing HID interfaces: Success
132   |Info:    ------------------------------------------------------
132   |Info:    |               Start device detection               |
132   |Info:    ------------------------------------------------------
141   |Info:    ------------------------------------------------------
141   |Info:    |             Detecting I2C interfaces               |
141   |Info:    ------------------------------------------------------
142   |Info:    [ResourceManager] Registering I2C interface: /dev/i2c-3 Device 10DE:2489 Subsystem: 10DE:2489
142   |Info:    [ResourceManager] Registering I2C interface: /dev/i2c-1 Device 1022:790B Subsystem: 1849:FFFF
142   |Info:    [ResourceManager] Registering I2C interface: /dev/i2c-6 Device 10DE:2489 Subsystem: 10DE:2489
142   |Info:    [ResourceManager] Registering I2C interface: /dev/i2c-4 Device 10DE:2489 Subsystem: 10DE:2489
142   |Info:    [ResourceManager] Registering I2C interface: /dev/i2c-2 Device 1022:790B Subsystem: 1849:FFFF
142   |Info:    [ResourceManager] Registering I2C interface: /dev/i2c-0 Device 1022:790B Subsystem: 1849:FFFF
142   |Info:    [ResourceManager] Registering I2C interface: /dev/i2c-7 Device 10DE:2489 Subsystem: 10DE:2489
142   |Info:    [ResourceManager] Registering I2C interface: /dev/i2c-5 Device 10DE:2489 Subsystem: 10DE:2489
142   |Info:    ------------------------------------------------------
142   |Info:    |               Detecting I2C devices                |
142   |Info:    ------------------------------------------------------
1106  |Info:    ------------------------------------------------------
1106  |Info:    |            Detecting I2C DIMM modules              |
1106  |Info:    ------------------------------------------------------
1966  |Info:    [ResourceManager] Detected occupied slot 1, bus 5, type DDR4
3256  |Info:    [ResourceManager] Detected occupied slot 2, bus 5, type DDR4
4295  |Info:    ------------------------------------------------------
4295  |Info:    |               Detecting I2C PCI devices            |
4295  |Info:    ------------------------------------------------------
4297  |Info:    ------------------------------------------------------
4297  |Info:    |               Detecting HID devices                |
4297  |Info:    ------------------------------------------------------
4297  |Info:    ------------------------------------------------------
4297  |Info:    |            Detecting libusb HID devices            |
4297  |Info:    ------------------------------------------------------
4305  |Info:    ------------------------------------------------------
4305  |Info:    |              Detecting other devices               |
4305  |Info:    ------------------------------------------------------
4347  |Info:    [NVIDIA GeForce RTX 3060 Ti LHR] Registering RGB controller
4357  |Info:    [ResourceManager] Calling Post-detection callbacks
4357  |Info:    ------------------------------------------------------
4357  |Info:    |                Detection completed                 |
4357  |Info:    ------------------------------------------------------
5780  |Info:    [ProfileManager] Profile loading: Succeeded for NVIDIA GeForce RTX 3060 Ti LHR @ 
