    OpenRGB v0.9+ (1.0rc2)
    Commit:  from 
    Launched: 20251213_133534
====================================================================================================

3     |Info:    [ProfileManager] Found file: new main.orp attempting to validate header
5     |Info:    [ProfileManager] Valid v5 profile found for new main
78    |Info:    [ResourceManager] Initializing HID interfaces: Success
78    |Info:    ------------------------------------------------------
78    |Info:    |               Start device detection               |
78    |Info:    ------------------------------------------------------
91    |Info:    ------------------------------------------------------
91    |Info:    |             Detecting I2C interfaces               |
91    |Info:    ------------------------------------------------------
91    |Info:    [ResourceManager] Registering I2C interface: /dev/i2c-3 Device 10DE:2489 Subsystem: 10DE:2489
91    |Info:    [ResourceManager] Registering I2C interface: /dev/i2c-1 Device 1022:790B Subsystem: 1849:FFFF
91    |Info:    [ResourceManager] Registering I2C interface: /dev/i2c-6 Device 10DE:2489 Subsystem: 10DE:2489
91    |Info:    [ResourceManager] Registering I2C interface: /dev/i2c-4 Device 10DE:2489 Subsystem: 10DE:2489
91    |Info:    [ResourceManager] Registering I2C interface: /dev/i2c-2 Device 1022:790B Subsystem: 1849:FFFF
91    |Info:    [ResourceManager] Registering I2C interface: /dev/i2c-0 Device 1022:790B Subsystem: 1849:FFFF
92    |Info:    [ResourceManager] Registering I2C interface: /dev/i2c-7 Device 10DE:2489 Subsystem: 10DE:2489
92    |Info:    [ResourceManager] Registering I2C interface: /dev/i2c-5 Device 10DE:2489 Subsystem: 10DE:2489
92    |Info:    ------------------------------------------------------
92    |Info:    |               Detecting I2C devices                |
92    |Info:    ------------------------------------------------------
1064  |Info:    ------------------------------------------------------
1064  |Info:    |            Detecting I2C DIMM modules              |
1064  |Info:    ------------------------------------------------------
1920  |Info:    [ResourceManager] Detected occupied slot 1, bus 5, type DDR4
3210  |Info:    [ResourceManager] Detected occupied slot 2, bus 5, type DDR4
4247  |Info:    ------------------------------------------------------
4247  |Info:    |               Detecting I2C PCI devices            |
4247  |Info:    ------------------------------------------------------
4248  |Info:    ------------------------------------------------------
4248  |Info:    |               Detecting HID devices                |
4248  |Info:    ------------------------------------------------------
4248  |Info:    ------------------------------------------------------
4248  |Info:    |            Detecting libusb HID devices            |
4248  |Info:    ------------------------------------------------------
4256  |Info:    ------------------------------------------------------
4256  |Info:    |              Detecting other devices               |
4256  |Info:    ------------------------------------------------------
4298  |Info:    [NVIDIA GeForce RTX 3060 Ti LHR] Registering RGB controller
4307  |Info:    [ResourceManager] Calling Post-detection callbacks
4307  |Info:    ------------------------------------------------------
4308  |Info:    |                Detection completed                 |
4308  |Info:    ------------------------------------------------------
7001  |Info:    [ProfileManager] Profile loading: Succeeded for NVIDIA GeForce RTX 3060 Ti LHR @ 
