    OpenRGB v0.9+ (1.0rc2)
    Commit:  from 
    Launched: 20251213_093951
====================================================================================================

1     |Info:    [ProfileManager] Found file: new main.orp attempting to validate header
2     |Info:    [ProfileManager] Valid v5 profile found for new main
73    |Info:    [ResourceManager] Initializing HID interfaces: Success
73    |Info:    ------------------------------------------------------
73    |Info:    |               Start device detection               |
73    |Info:    ------------------------------------------------------
84    |Info:    ------------------------------------------------------
84    |Info:    |             Detecting I2C interfaces               |
84    |Info:    ------------------------------------------------------
84    |Info:    [ResourceManager] Registering I2C interface: /dev/i2c-3 Device 10DE:2489 Subsystem: 10DE:2489
84    |Info:    [ResourceManager] Registering I2C interface: /dev/i2c-1 Device 1022:790B Subsystem: 1849:FFFF
84    |Info:    [ResourceManager] Registering I2C interface: /dev/i2c-6 Device 10DE:2489 Subsystem: 10DE:2489
84    |Info:    [ResourceManager] Registering I2C interface: /dev/i2c-4 Device 10DE:2489 Subsystem: 10DE:2489
84    |Info:    [ResourceManager] Registering I2C interface: /dev/i2c-2 Device 1022:790B Subsystem: 1849:FFFF
85    |Info:    [ResourceManager] Registering I2C interface: /dev/i2c-0 Device 1022:790B Subsystem: 1849:FFFF
86    |Info:    [ResourceManager] Registering I2C interface: /dev/i2c-7 Device 10DE:2489 Subsystem: 10DE:2489
86    |Info:    [ResourceManager] Registering I2C interface: /dev/i2c-5 Device 10DE:2489 Subsystem: 10DE:2489
86    |Info:    ------------------------------------------------------
86    |Info:    |               Detecting I2C devices                |
86    |Info:    ------------------------------------------------------
1065  |Info:    ------------------------------------------------------
1065  |Info:    |            Detecting I2C DIMM modules              |
1065  |Info:    ------------------------------------------------------
1933  |Info:    [ResourceManager] Detected occupied slot 1, bus 5, type DDR4
3223  |Info:    [ResourceManager] Detected occupied slot 2, bus 5, type DDR4
4265  |Info:    ------------------------------------------------------
4265  |Info:    |               Detecting I2C PCI devices            |
4265  |Info:    ------------------------------------------------------
4267  |Info:    ------------------------------------------------------
4267  |Info:    |               Detecting HID devices                |
4267  |Info:    ------------------------------------------------------
4267  |Info:    ------------------------------------------------------
4267  |Info:    |            Detecting libusb HID devices            |
4267  |Info:    ------------------------------------------------------
4274  |Info:    ------------------------------------------------------
4274  |Info:    |              Detecting other devices               |
4274  |Info:    ------------------------------------------------------
4315  |Info:    [NVIDIA GeForce RTX 3060 Ti LHR] Registering RGB controller
4324  |Info:    [ResourceManager] Calling Post-detection callbacks
4324  |Info:    ------------------------------------------------------
4324  |Info:    |                Detection completed                 |
4324  |Info:    ------------------------------------------------------
