    OpenRGB v0.9+ (1.0rc2)
    Commit:  from 
    Launched: 20251209_193316
====================================================================================================

1     |Info:    [ProfileManager] Found file: new main.orp attempting to validate header
2     |Info:    [ProfileManager] Valid v5 profile found for new main
72    |Info:    [ResourceManager] Initializing HID interfaces: Success
72    |Info:    ------------------------------------------------------
72    |Info:    |               Start device detection               |
72    |Info:    ------------------------------------------------------
83    |Info:    ------------------------------------------------------
83    |Info:    |             Detecting I2C interfaces               |
83    |Info:    ------------------------------------------------------
83    |Info:    [ResourceManager] Registering I2C interface: /dev/i2c-3 Device 10DE:2489 Subsystem: 10DE:2489
83    |Info:    [ResourceManager] Registering I2C interface: /dev/i2c-1 Device 1022:790B Subsystem: 1849:FFFF
83    |Info:    [ResourceManager] Registering I2C interface: /dev/i2c-6 Device 10DE:2489 Subsystem: 10DE:2489
83    |Info:    [ResourceManager] Registering I2C interface: /dev/i2c-4 Device 10DE:2489 Subsystem: 10DE:2489
83    |Info:    [ResourceManager] Registering I2C interface: /dev/i2c-2 Device 1022:790B Subsystem: 1849:FFFF
83    |Info:    [ResourceManager] Registering I2C interface: /dev/i2c-0 Device 1022:790B Subsystem: 1849:FFFF
84    |Info:    [ResourceManager] Registering I2C interface: /dev/i2c-7 Device 10DE:2489 Subsystem: 10DE:2489
84    |Info:    [ResourceManager] Registering I2C interface: /dev/i2c-5 Device 10DE:2489 Subsystem: 10DE:2489
84    |Info:    ------------------------------------------------------
84    |Info:    |               Detecting I2C devices                |
84    |Info:    ------------------------------------------------------
1070  |Info:    ------------------------------------------------------
1070  |Info:    |            Detecting I2C DIMM modules              |
1070  |Info:    ------------------------------------------------------
1932  |Info:    [ResourceManager] Detected occupied slot 1, bus 5, type DDR4
3229  |Info:    [ResourceManager] Detected occupied slot 2, bus 5, type DDR4
4277  |Info:    ------------------------------------------------------
4277  |Info:    |               Detecting I2C PCI devices            |
4277  |Info:    ------------------------------------------------------
4279  |Info:    ------------------------------------------------------
4279  |Info:    |               Detecting HID devices                |
4279  |Info:    ------------------------------------------------------
4279  |Info:    ------------------------------------------------------
4279  |Info:    |            Detecting libusb HID devices            |
4279  |Info:    ------------------------------------------------------
4287  |Info:    ------------------------------------------------------
4287  |Info:    |              Detecting other devices               |
4287  |Info:    ------------------------------------------------------
4328  |Info:    [NVIDIA GeForce RTX 3060 Ti LHR] Registering RGB controller
4336  |Info:    [ResourceManager] Calling Post-detection callbacks
4337  |Info:    ------------------------------------------------------
4337  |Info:    |                Detection completed                 |
4337  |Info:    ------------------------------------------------------
