    OpenRGB v0.9+ (1.0rc2)
    Commit:  from 
    Launched: 20251209_172319
====================================================================================================

6     |Info:    [ProfileManager] Found file: new main.orp attempting to validate header
11    |Info:    [ProfileManager] Valid v5 profile found for new main
135   |Info:    [ResourceManager] Initializing HID interfaces: Success
135   |Info:    ------------------------------------------------------
135   |Info:    |               Start device detection               |
135   |Info:    ------------------------------------------------------
145   |Info:    ------------------------------------------------------
145   |Info:    |             Detecting I2C interfaces               |
145   |Info:    ------------------------------------------------------
145   |Info:    [ResourceManager] Registering I2C interface: /dev/i2c-3 Device 10DE:2489 Subsystem: 10DE:2489
145   |Info:    [ResourceManager] Registering I2C interface: /dev/i2c-1 Device 1022:790B Subsystem: 1849:FFFF
145   |Info:    [ResourceManager] Registering I2C interface: /dev/i2c-6 Device 10DE:2489 Subsystem: 10DE:2489
145   |Info:    [ResourceManager] Registering I2C interface: /dev/i2c-4 Device 10DE:2489 Subsystem: 10DE:2489
146   |Info:    [ResourceManager] Registering I2C interface: /dev/i2c-2 Device 1022:790B Subsystem: 1849:FFFF
146   |Info:    [ResourceManager] Registering I2C interface: /dev/i2c-0 Device 1022:790B Subsystem: 1849:FFFF
146   |Info:    [ResourceManager] Registering I2C interface: /dev/i2c-7 Device 10DE:2489 Subsystem: 10DE:2489
146   |Info:    [ResourceManager] Registering I2C interface: /dev/i2c-5 Device 10DE:2489 Subsystem: 10DE:2489
146   |Info:    ------------------------------------------------------
146   |Info:    |               Detecting I2C devices                |
146   |Info:    ------------------------------------------------------
1108  |Info:    ------------------------------------------------------
1108  |Info:    |            Detecting I2C DIMM modules              |
1108  |Info:    ------------------------------------------------------
1972  |Info:    [ResourceManager] Detected occupied slot 1, bus 5, type DDR4
3262  |Info:    [ResourceManager] Detected occupied slot 2, bus 5, type DDR4
4298  |Info:    ------------------------------------------------------
4298  |Info:    |               Detecting I2C PCI devices            |
4298  |Info:    ------------------------------------------------------
4299  |Info:    ------------------------------------------------------
4299  |Info:    |               Detecting HID devices                |
4299  |Info:    ------------------------------------------------------
4299  |Info:    ------------------------------------------------------
4299  |Info:    |            Detecting libusb HID devices            |
4299  |Info:    ------------------------------------------------------
4306  |Info:    ------------------------------------------------------
4306  |Info:    |              Detecting other devices               |
4306  |Info:    ------------------------------------------------------
4348  |Info:    [NVIDIA GeForce RTX 3060 Ti LHR] Registering RGB controller
4358  |Info:    [ResourceManager] Calling Post-detection callbacks
4358  |Info:    ------------------------------------------------------
4358  |Info:    |                Detection completed                 |
4358  |Info:    ------------------------------------------------------
5202  |Info:    [ProfileManager] Profile loading: Succeeded for NVIDIA GeForce RTX 3060 Ti LHR @ 
