    OpenRGB v0.9+ (1.0rc2)
    Commit:  from 
    Launched: 20251228_202015
====================================================================================================

0     |Info:    [ProfileManager] Found file: oof.orp attempting to validate header
0     |Info:    [ProfileManager] Valid v5 profile found for oof
0     |Info:    [ProfileManager] Found file: new main.orp attempting to validate header
0     |Info:    [ProfileManager] Valid v5 profile found for new main
53    |Info:    [ResourceManager] Initializing HID interfaces: Success
53    |Info:    ------------------------------------------------------
53    |Info:    |               Start device detection               |
53    |Info:    ------------------------------------------------------
67    |Info:    ------------------------------------------------------
67    |Info:    |             Detecting I2C interfaces               |
67    |Info:    ------------------------------------------------------
67    |Info:    [ResourceManager] Registering I2C interface: /dev/i2c-3 Device 10DE:2489 Subsystem: 10DE:2489
67    |Info:    [ResourceManager] Registering I2C interface: /dev/i2c-1 Device 10DE:2489 Subsystem: 10DE:2489
67    |Info:    [ResourceManager] Registering I2C interface: /dev/i2c-6 Device 1022:790B Subsystem: 1849:FFFF
67    |Info:    [ResourceManager] Registering I2C interface: /dev/i2c-4 Device 10DE:2489 Subsystem: 10DE:2489
67    |Info:    [ResourceManager] Registering I2C interface: /dev/i2c-2 Device 10DE:2489 Subsystem: 10DE:2489
67    |Info:    [ResourceManager] Registering I2C interface: /dev/i2c-0 Device 10DE:2489 Subsystem: 10DE:2489
67    |Info:    [ResourceManager] Registering I2C interface: /dev/i2c-7 Device 1022:790B Subsystem: 1849:FFFF
67    |Info:    [ResourceManager] Registering I2C interface: /dev/i2c-5 Device 1022:790B Subsystem: 1849:FFFF
67    |Info:    ------------------------------------------------------
67    |Info:    |               Detecting I2C devices                |
67    |Info:    ------------------------------------------------------
1064  |Info:    ------------------------------------------------------
1064  |Info:    |            Detecting I2C DIMM modules              |
1064  |Info:    ------------------------------------------------------
1921  |Info:    [ResourceManager] Detected occupied slot 1, bus 7, type DDR4
3216  |Info:    [ResourceManager] Detected occupied slot 2, bus 7, type DDR4
4260  |Info:    ------------------------------------------------------
4260  |Info:    |               Detecting I2C PCI devices            |
4260  |Info:    ------------------------------------------------------
4262  |Info:    ------------------------------------------------------
4262  |Info:    |               Detecting HID devices                |
4262  |Info:    ------------------------------------------------------
4262  |Info:    ------------------------------------------------------
4262  |Info:    |            Detecting libusb HID devices            |
4262  |Info:    ------------------------------------------------------
4270  |Info:    ------------------------------------------------------
4270  |Info:    |              Detecting other devices               |
4270  |Info:    ------------------------------------------------------
4311  |Info:    [NVIDIA GeForce RTX 3060 Ti LHR] Registering RGB controller
4320  |Info:    [ResourceManager] Calling Post-detection callbacks
4320  |Info:    ------------------------------------------------------
4320  |Info:    |                Detection completed                 |
4320  |Info:    ------------------------------------------------------
5375  |Info:    [ProfileManager] Profile loading: Succeeded for NVIDIA GeForce RTX 3060 Ti LHR @ 
5626  |Info:    [ProfileManager] Profile loading: Succeeded for NVIDIA GeForce RTX 3060 Ti LHR @ 
