    OpenRGB v0.9+ (1.0rc2)
    Commit:  from 
    Launched: 20251209_194311
====================================================================================================

1     |Info:    [ProfileManager] Found file: new main.orp attempting to validate header
2     |Info:    [ProfileManager] Valid v5 profile found for new main
73    |Info:    [ResourceManager] Initializing HID interfaces: Success
73    |Info:    ------------------------------------------------------
73    |Info:    |               Start device detection               |
73    |Info:    ------------------------------------------------------
86    |Info:    ------------------------------------------------------
86    |Info:    |             Detecting I2C interfaces               |
86    |Info:    ------------------------------------------------------
86    |Info:    [ResourceManager] Registering I2C interface: /dev/i2c-3 Device 10DE:2489 Subsystem: 10DE:2489
86    |Info:    [ResourceManager] Registering I2C interface: /dev/i2c-1 Device 1022:790B Subsystem: 1849:FFFF
86    |Info:    [ResourceManager] Registering I2C interface: /dev/i2c-6 Device 10DE:2489 Subsystem: 10DE:2489
86    |Info:    [ResourceManager] Registering I2C interface: /dev/i2c-4 Device 10DE:2489 Subsystem: 10DE:2489
86    |Info:    [ResourceManager] Registering I2C interface: /dev/i2c-2 Device 1022:790B Subsystem: 1849:FFFF
86    |Info:    [ResourceManager] Registering I2C interface: /dev/i2c-0 Device 1022:790B Subsystem: 1849:FFFF
86    |Info:    [ResourceManager] Registering I2C interface: /dev/i2c-7 Device 10DE:2489 Subsystem: 10DE:2489
87    |Info:    [ResourceManager] Registering I2C interface: /dev/i2c-5 Device 10DE:2489 Subsystem: 10DE:2489
87    |Info:    ------------------------------------------------------
87    |Info:    |               Detecting I2C devices                |
87    |Info:    ------------------------------------------------------
1066  |Info:    ------------------------------------------------------
1066  |Info:    |            Detecting I2C DIMM modules              |
1066  |Info:    ------------------------------------------------------
1929  |Info:    [ResourceManager] Detected occupied slot 1, bus 5, type DDR4
3217  |Info:    [ResourceManager] Detected occupied slot 2, bus 5, type DDR4
4250  |Info:    ------------------------------------------------------
4250  |Info:    |               Detecting I2C PCI devices            |
4250  |Info:    ------------------------------------------------------
4252  |Info:    ------------------------------------------------------
4252  |Info:    |               Detecting HID devices                |
4252  |Info:    ------------------------------------------------------
4252  |Info:    ------------------------------------------------------
4252  |Info:    |            Detecting libusb HID devices            |
4252  |Info:    ------------------------------------------------------
4260  |Info:    ------------------------------------------------------
4260  |Info:    |              Detecting other devices               |
4260  |Info:    ------------------------------------------------------
4301  |Info:    [NVIDIA GeForce RTX 3060 Ti LHR] Registering RGB controller
4310  |Info:    [ResourceManager] Calling Post-detection callbacks
4310  |Info:    ------------------------------------------------------
4310  |Info:    |                Detection completed                 |
4310  |Info:    ------------------------------------------------------
5184  |Info:    [ProfileManager] Profile loading: Succeeded for NVIDIA GeForce RTX 3060 Ti LHR @ 
