    OpenRGB v0.9+ (1.0rc2)
    Commit:  from 
    Launched: 20251228_194543
====================================================================================================

0     |Info:    [ProfileManager] Found file: oof.orp attempting to validate header
0     |Info:    [ProfileManager] Valid v5 profile found for oof
0     |Info:    [ProfileManager] Found file: new main.orp attempting to validate header
1     |Info:    [ProfileManager] Valid v5 profile found for new main
60    |Info:    [ResourceManager] Initializing HID interfaces: Success
60    |Info:    ------------------------------------------------------
60    |Info:    |               Start device detection               |
60    |Info:    ------------------------------------------------------
70    |Info:    ------------------------------------------------------
70    |Info:    |             Detecting I2C interfaces               |
70    |Info:    ------------------------------------------------------
70    |Info:    [ResourceManager] Registering I2C interface: /dev/i2c-3 Device 10DE:2489 Subsystem: 10DE:2489
70    |Info:    [ResourceManager] Registering I2C interface: /dev/i2c-1 Device 10DE:2489 Subsystem: 10DE:2489
70    |Info:    [ResourceManager] Registering I2C interface: /dev/i2c-6 Device 1022:790B Subsystem: 1849:FFFF
70    |Info:    [ResourceManager] Registering I2C interface: /dev/i2c-4 Device 10DE:2489 Subsystem: 10DE:2489
70    |Info:    [ResourceManager] Registering I2C interface: /dev/i2c-2 Device 10DE:2489 Subsystem: 10DE:2489
70    |Info:    [ResourceManager] Registering I2C interface: /dev/i2c-0 Device 10DE:2489 Subsystem: 10DE:2489
70    |Info:    [ResourceManager] Registering I2C interface: /dev/i2c-7 Device 1022:790B Subsystem: 1849:FFFF
70    |Info:    [ResourceManager] Registering I2C interface: /dev/i2c-5 Device 1022:790B Subsystem: 1849:FFFF
70    |Info:    ------------------------------------------------------
70    |Info:    |               Detecting I2C devices                |
70    |Info:    ------------------------------------------------------
1021  |Info:    ------------------------------------------------------
1021  |Info:    |            Detecting I2C DIMM modules              |
1021  |Info:    ------------------------------------------------------
1878  |Info:    [ResourceManager] Detected occupied slot 1, bus 7, type DDR4
3161  |Info:    [ResourceManager] Detected occupied slot 2, bus 7, type DDR4
4192  |Info:    ------------------------------------------------------
4192  |Info:    |               Detecting I2C PCI devices            |
4192  |Info:    ------------------------------------------------------
4193  |Info:    ------------------------------------------------------
4193  |Info:    |               Detecting HID devices                |
4193  |Info:    ------------------------------------------------------
4193  |Info:    ------------------------------------------------------
4193  |Info:    |            Detecting libusb HID devices            |
4193  |Info:    ------------------------------------------------------
4202  |Info:    ------------------------------------------------------
4202  |Info:    |              Detecting other devices               |
4202  |Info:    ------------------------------------------------------
4241  |Info:    [NVIDIA GeForce RTX 3060 Ti LHR] Registering RGB controller
4250  |Info:    [ResourceManager] Calling Post-detection callbacks
4250  |Info:    ------------------------------------------------------
4250  |Info:    |                Detection completed                 |
4250  |Info:    ------------------------------------------------------
4251  |Info:    [ProfileManager] Profile loading: Succeeded for NVIDIA GeForce RTX 3060 Ti LHR @ 
