    OpenRGB v0.9+ (1.0rc2)
    Commit:  from 
    Launched: 20251226_144730
====================================================================================================

0     |Info:    [ProfileManager] Found file: oof.orp attempting to validate header
0     |Info:    [ProfileManager] Valid v5 profile found for oof
0     |Info:    [ProfileManager] Found file: new main.orp attempting to validate header
0     |Info:    [ProfileManager] Valid v5 profile found for new main
53    |Info:    [ResourceManager] Initializing HID interfaces: Success
53    |Info:    ------------------------------------------------------
53    |Info:    |               Start device detection               |
53    |Info:    ------------------------------------------------------
68    |Info:    ------------------------------------------------------
68    |Info:    |             Detecting I2C interfaces               |
68    |Info:    ------------------------------------------------------
68    |Info:    [ResourceManager] Registering I2C interface: /dev/i2c-3 Device 10DE:2489 Subsystem: 10DE:2489
68    |Info:    [ResourceManager] Registering I2C interface: /dev/i2c-1 Device 10DE:2489 Subsystem: 10DE:2489
68    |Info:    [ResourceManager] Registering I2C interface: /dev/i2c-6 Device 1022:790B Subsystem: 1849:FFFF
68    |Info:    [ResourceManager] Registering I2C interface: /dev/i2c-4 Device 10DE:2489 Subsystem: 10DE:2489
68    |Info:    [ResourceManager] Registering I2C interface: /dev/i2c-2 Device 10DE:2489 Subsystem: 10DE:2489
68    |Info:    [ResourceManager] Registering I2C interface: /dev/i2c-0 Device 10DE:2489 Subsystem: 10DE:2489
69    |Info:    [ResourceManager] Registering I2C interface: /dev/i2c-7 Device 1022:790B Subsystem: 1849:FFFF
69    |Info:    [ResourceManager] Registering I2C interface: /dev/i2c-5 Device 1022:790B Subsystem: 1849:FFFF
69    |Info:    ------------------------------------------------------
69    |Info:    |               Detecting I2C devices                |
69    |Info:    ------------------------------------------------------
1017  |Info:    ------------------------------------------------------
1017  |Info:    |            Detecting I2C DIMM modules              |
1017  |Info:    ------------------------------------------------------
1877  |Info:    [ResourceManager] Detected occupied slot 1, bus 7, type DDR4
3162  |Info:    [ResourceManager] Detected occupied slot 2, bus 7, type DDR4
4193  |Info:    ------------------------------------------------------
4193  |Info:    |               Detecting I2C PCI devices            |
4193  |Info:    ------------------------------------------------------
4195  |Info:    ------------------------------------------------------
4195  |Info:    |               Detecting HID devices                |
4195  |Info:    ------------------------------------------------------
4195  |Info:    ------------------------------------------------------
4195  |Info:    |            Detecting libusb HID devices            |
4195  |Info:    ------------------------------------------------------
4202  |Info:    ------------------------------------------------------
4202  |Info:    |              Detecting other devices               |
4202  |Info:    ------------------------------------------------------
4245  |Info:    [NVIDIA GeForce RTX 3060 Ti LHR] Registering RGB controller
4253  |Info:    [ResourceManager] Calling Post-detection callbacks
4253  |Info:    ------------------------------------------------------
4253  |Info:    |                Detection completed                 |
4253  |Info:    ------------------------------------------------------
25071 |Info:    [ProfileManager] Profile loading: Succeeded for NVIDIA GeForce RTX 3060 Ti LHR @ 
31612 |Info:    [ProfileManager] Profile loading: Succeeded for NVIDIA GeForce RTX 3060 Ti LHR @ 
31863 |Info:    [ProfileManager] Profile loading: Succeeded for NVIDIA GeForce RTX 3060 Ti LHR @ 
