    OpenRGB v0.9+ (1.0rc2)
    Commit:  from 
    Launched: 20251231_161422
====================================================================================================

0     |Info:    [ProfileManager] Found file: oof.orp attempting to validate header
1     |Info:    [ProfileManager] Valid v5 profile found for oof
1     |Info:    [ProfileManager] Found file: new main.orp attempting to validate header
1     |Info:    [ProfileManager] Valid v5 profile found for new main
63    |Info:    [ResourceManager] Initializing HID interfaces: Success
63    |Info:    ------------------------------------------------------
63    |Info:    |               Start device detection               |
63    |Info:    ------------------------------------------------------
71    |Info:    ------------------------------------------------------
71    |Info:    |             Detecting I2C interfaces               |
71    |Info:    ------------------------------------------------------
72    |Info:    [ResourceManager] Registering I2C interface: /dev/i2c-3 Device 10DE:2489 Subsystem: 10DE:2489
72    |Info:    [ResourceManager] Registering I2C interface: /dev/i2c-1 Device 1022:790B Subsystem: 1849:FFFF
72    |Info:    [ResourceManager] Registering I2C interface: /dev/i2c-6 Device 10DE:2489 Subsystem: 10DE:2489
72    |Info:    [ResourceManager] Registering I2C interface: /dev/i2c-4 Device 10DE:2489 Subsystem: 10DE:2489
72    |Info:    [ResourceManager] Registering I2C interface: /dev/i2c-2 Device 1022:790B Subsystem: 1849:FFFF
72    |Info:    [ResourceManager] Registering I2C interface: /dev/i2c-0 Device 1022:790B Subsystem: 1849:FFFF
72    |Info:    [ResourceManager] Registering I2C interface: /dev/i2c-7 Device 10DE:2489 Subsystem: 10DE:2489
72    |Info:    [ResourceManager] Registering I2C interface: /dev/i2c-5 Device 10DE:2489 Subsystem: 10DE:2489
72    |Info:    ------------------------------------------------------
72    |Info:    |               Detecting I2C devices                |
72    |Info:    ------------------------------------------------------
1020  |Info:    ------------------------------------------------------
1020  |Info:    |            Detecting I2C DIMM modules              |
1020  |Info:    ------------------------------------------------------
1879  |Info:    [ResourceManager] Detected occupied slot 1, bus 5, type DDR4
3162  |Info:    [ResourceManager] Detected occupied slot 2, bus 5, type DDR4
4191  |Info:    ------------------------------------------------------
4191  |Info:    |               Detecting I2C PCI devices            |
4191  |Info:    ------------------------------------------------------
4191  |Info:    ------------------------------------------------------
4191  |Info:    |               Detecting HID devices                |
4191  |Info:    ------------------------------------------------------
4191  |Info:    ------------------------------------------------------
4191  |Info:    |            Detecting libusb HID devices            |
4191  |Info:    ------------------------------------------------------
4197  |Info:    ------------------------------------------------------
4197  |Info:    |              Detecting other devices               |
4197  |Info:    ------------------------------------------------------
4236  |Info:    [NVIDIA GeForce RTX 3060 Ti LHR] Registering RGB controller
4245  |Info:    [ResourceManager] Calling Post-detection callbacks
4245  |Info:    ------------------------------------------------------
4245  |Info:    |                Detection completed                 |
4245  |Info:    ------------------------------------------------------
4246  |Info:    [ProfileManager] Profile loading: Succeeded for NVIDIA GeForce RTX 3060 Ti LHR @ 
