    OpenRGB v0.9+ (1.0rc2)
    Commit:  from 
    Launched: 20251209_195007
====================================================================================================

1     |Info:    [ProfileManager] Found file: new main.orp attempting to validate header
1     |Info:    [ProfileManager] Valid v5 profile found for new main
70    |Info:    [ResourceManager] Initializing HID interfaces: Success
70    |Info:    ------------------------------------------------------
70    |Info:    |               Start device detection               |
70    |Info:    ------------------------------------------------------
86    |Info:    ------------------------------------------------------
86    |Info:    |             Detecting I2C interfaces               |
86    |Info:    ------------------------------------------------------
89    |Info:    [ResourceManager] Registering I2C interface: /dev/i2c-3 Device 10DE:2489 Subsystem: 10DE:2489
89    |Info:    [ResourceManager] Registering I2C interface: /dev/i2c-1 Device 1022:790B Subsystem: 1849:FFFF
89    |Info:    [ResourceManager] Registering I2C interface: /dev/i2c-6 Device 10DE:2489 Subsystem: 10DE:2489
90    |Info:    [ResourceManager] Registering I2C interface: /dev/i2c-4 Device 10DE:2489 Subsystem: 10DE:2489
90    |Info:    [ResourceManager] Registering I2C interface: /dev/i2c-2 Device 1022:790B Subsystem: 1849:FFFF
90    |Info:    [ResourceManager] Registering I2C interface: /dev/i2c-0 Device 1022:790B Subsystem: 1849:FFFF
90    |Info:    [ResourceManager] Registering I2C interface: /dev/i2c-7 Device 10DE:2489 Subsystem: 10DE:2489
90    |Info:    [ResourceManager] Registering I2C interface: /dev/i2c-5 Device 10DE:2489 Subsystem: 10DE:2489
90    |Info:    ------------------------------------------------------
90    |Info:    |               Detecting I2C devices                |
90    |Info:    ------------------------------------------------------
1070  |Info:    ------------------------------------------------------
1070  |Info:    |            Detecting I2C DIMM modules              |
1070  |Info:    ------------------------------------------------------
1926  |Info:    [ResourceManager] Detected occupied slot 1, bus 5, type DDR4
3207  |Info:    [ResourceManager] Detected occupied slot 2, bus 5, type DDR4
4246  |Info:    ------------------------------------------------------
4246  |Info:    |               Detecting I2C PCI devices            |
4246  |Info:    ------------------------------------------------------
4248  |Info:    ------------------------------------------------------
4248  |Info:    |               Detecting HID devices                |
4248  |Info:    ------------------------------------------------------
4248  |Info:    ------------------------------------------------------
4248  |Info:    |            Detecting libusb HID devices            |
4248  |Info:    ------------------------------------------------------
4257  |Info:    ------------------------------------------------------
4257  |Info:    |              Detecting other devices               |
4257  |Info:    ------------------------------------------------------
4297  |Info:    [NVIDIA GeForce RTX 3060 Ti LHR] Registering RGB controller
4308  |Info:    [ResourceManager] Calling Post-detection callbacks
4308  |Info:    ------------------------------------------------------
4308  |Info:    |                Detection completed                 |
4308  |Info:    ------------------------------------------------------
6294  |Info:    [ProfileManager] Profile loading: Succeeded for NVIDIA GeForce RTX 3060 Ti LHR @ 
