    OpenRGB v0.9+ (1.0rc2)
    Commit:  from 
    Launched: 20260103_131612
====================================================================================================

0     |Info:    [ProfileManager] Found file: oof.orp attempting to validate header
0     |Info:    [ProfileManager] Valid v5 profile found for oof
0     |Info:    [ProfileManager] Found file: new main.orp attempting to validate header
0     |Info:    [ProfileManager] Valid v5 profile found for new main
54    |Info:    [ResourceManager] Initializing HID interfaces: Success
54    |Info:    ------------------------------------------------------
54    |Info:    |               Start device detection               |
54    |Info:    ------------------------------------------------------
62    |Info:    ------------------------------------------------------
62    |Info:    |             Detecting I2C interfaces               |
62    |Info:    ------------------------------------------------------
62    |Info:    [ResourceManager] Registering I2C interface: /dev/i2c-3 Device 10DE:2489 Subsystem: 10DE:2489
62    |Info:    [ResourceManager] Registering I2C interface: /dev/i2c-1 Device 1022:790B Subsystem: 1849:FFFF
62    |Info:    [ResourceManager] Registering I2C interface: /dev/i2c-6 Device 10DE:2489 Subsystem: 10DE:2489
62    |Info:    [ResourceManager] Registering I2C interface: /dev/i2c-4 Device 10DE:2489 Subsystem: 10DE:2489
63    |Info:    [ResourceManager] Registering I2C interface: /dev/i2c-2 Device 1022:790B Subsystem: 1849:FFFF
63    |Info:    [ResourceManager] Registering I2C interface: /dev/i2c-0 Device 1022:790B Subsystem: 1849:FFFF
63    |Info:    [ResourceManager] Registering I2C interface: /dev/i2c-7 Device 10DE:2489 Subsystem: 10DE:2489
63    |Info:    [ResourceManager] Registering I2C interface: /dev/i2c-5 Device 10DE:2489 Subsystem: 10DE:2489
63    |Info:    ------------------------------------------------------
63    |Info:    |               Detecting I2C devices                |
63    |Info:    ------------------------------------------------------
1008  |Info:    ------------------------------------------------------
1008  |Info:    |            Detecting I2C DIMM modules              |
1008  |Info:    ------------------------------------------------------
1862  |Info:    [ResourceManager] Detected occupied slot 1, bus 5, type DDR4
3143  |Info:    [ResourceManager] Detected occupied slot 2, bus 5, type DDR4
4171  |Info:    ------------------------------------------------------
4171  |Info:    |               Detecting I2C PCI devices            |
4171  |Info:    ------------------------------------------------------
4172  |Info:    ------------------------------------------------------
4172  |Info:    |               Detecting HID devices                |
4172  |Info:    ------------------------------------------------------
4172  |Info:    ------------------------------------------------------
4172  |Info:    |            Detecting libusb HID devices            |
4172  |Info:    ------------------------------------------------------
4178  |Info:    ------------------------------------------------------
4178  |Info:    |              Detecting other devices               |
4178  |Info:    ------------------------------------------------------
4214  |Info:    [NVIDIA GeForce RTX 3060 Ti LHR] Registering RGB controller
4220  |Info:    [ResourceManager] Calling Post-detection callbacks
4220  |Info:    ------------------------------------------------------
4220  |Info:    |                Detection completed                 |
4220  |Info:    ------------------------------------------------------
4221  |Info:    [ProfileManager] Profile loading: Succeeded for NVIDIA GeForce RTX 3060 Ti LHR @ 
