    OpenRGB v0.9+ (1.0rc2)
    Commit:  from 
    Launched: 20251225_185245
====================================================================================================

1     |Info:    [ProfileManager] Found file: oof.orp attempting to validate header
2     |Info:    [ProfileManager] Valid v5 profile found for oof
2     |Info:    [ProfileManager] Found file: new main.orp attempting to validate header
2     |Info:    [ProfileManager] Valid v5 profile found for new main
79    |Info:    [ResourceManager] Initializing HID interfaces: Success
79    |Info:    ------------------------------------------------------
79    |Info:    |               Start device detection               |
79    |Info:    ------------------------------------------------------
90    |Info:    ------------------------------------------------------
90    |Info:    |             Detecting I2C interfaces               |
90    |Info:    ------------------------------------------------------
90    |Info:    [ResourceManager] Registering I2C interface: /dev/i2c-3 Device 10DE:2489 Subsystem: 10DE:2489
90    |Info:    [ResourceManager] Registering I2C interface: /dev/i2c-1 Device 10DE:2489 Subsystem: 10DE:2489
90    |Info:    [ResourceManager] Registering I2C interface: /dev/i2c-6 Device 1022:790B Subsystem: 1849:FFFF
91    |Info:    [ResourceManager] Registering I2C interface: /dev/i2c-4 Device 10DE:2489 Subsystem: 10DE:2489
91    |Info:    [ResourceManager] Registering I2C interface: /dev/i2c-2 Device 10DE:2489 Subsystem: 10DE:2489
91    |Info:    [ResourceManager] Registering I2C interface: /dev/i2c-0 Device 10DE:2489 Subsystem: 10DE:2489
91    |Info:    [ResourceManager] Registering I2C interface: /dev/i2c-7 Device 1022:790B Subsystem: 1849:FFFF
91    |Info:    [ResourceManager] Registering I2C interface: /dev/i2c-5 Device 1022:790B Subsystem: 1849:FFFF
91    |Info:    ------------------------------------------------------
91    |Info:    |               Detecting I2C devices                |
91    |Info:    ------------------------------------------------------
1046  |Info:    ------------------------------------------------------
1046  |Info:    |            Detecting I2C DIMM modules              |
1046  |Info:    ------------------------------------------------------
1904  |Info:    [ResourceManager] Detected occupied slot 1, bus 7, type DDR4
3198  |Info:    [ResourceManager] Detected occupied slot 2, bus 7, type DDR4
4233  |Info:    ------------------------------------------------------
4233  |Info:    |               Detecting I2C PCI devices            |
4233  |Info:    ------------------------------------------------------
4235  |Info:    ------------------------------------------------------
4235  |Info:    |               Detecting HID devices                |
4235  |Info:    ------------------------------------------------------
4235  |Info:    ------------------------------------------------------
4235  |Info:    |            Detecting libusb HID devices            |
4235  |Info:    ------------------------------------------------------
4243  |Info:    ------------------------------------------------------
4243  |Info:    |              Detecting other devices               |
4243  |Info:    ------------------------------------------------------
4283  |Info:    [NVIDIA GeForce RTX 3060 Ti LHR] Registering RGB controller
4293  |Info:    [ResourceManager] Calling Post-detection callbacks
4293  |Info:    ------------------------------------------------------
4293  |Info:    |                Detection completed                 |
4293  |Info:    ------------------------------------------------------
7790  |Info:    [ProfileManager] Profile loading: Succeeded for NVIDIA GeForce RTX 3060 Ti LHR @ 
