    OpenRGB v0.9+ (1.0rc2)
    Commit:  from 
    Launched: 20251215_182408
====================================================================================================

1     |Info:    [ProfileManager] Found file: new main.orp attempting to validate header
1     |Info:    [ProfileManager] Valid v5 profile found for new main
71    |Info:    [ResourceManager] Initializing HID interfaces: Success
71    |Info:    ------------------------------------------------------
71    |Info:    |               Start device detection               |
71    |Info:    ------------------------------------------------------
84    |Info:    ------------------------------------------------------
84    |Info:    |             Detecting I2C interfaces               |
84    |Info:    ------------------------------------------------------
84    |Info:    [ResourceManager] Registering I2C interface: /dev/i2c-3 Device 10DE:2489 Subsystem: 10DE:2489
85    |Info:    [ResourceManager] Registering I2C interface: /dev/i2c-1 Device 10DE:2489 Subsystem: 10DE:2489
85    |Info:    [ResourceManager] Registering I2C interface: /dev/i2c-6 Device 1022:790B Subsystem: 1849:FFFF
85    |Info:    [ResourceManager] Registering I2C interface: /dev/i2c-4 Device 10DE:2489 Subsystem: 10DE:2489
85    |Info:    [ResourceManager] Registering I2C interface: /dev/i2c-2 Device 10DE:2489 Subsystem: 10DE:2489
85    |Info:    [ResourceManager] Registering I2C interface: /dev/i2c-0 Device 10DE:2489 Subsystem: 10DE:2489
85    |Info:    [ResourceManager] Registering I2C interface: /dev/i2c-7 Device 1022:790B Subsystem: 1849:FFFF
85    |Info:    [ResourceManager] Registering I2C interface: /dev/i2c-5 Device 1022:790B Subsystem: 1849:FFFF
85    |Info:    ------------------------------------------------------
85    |Info:    |               Detecting I2C devices                |
85    |Info:    ------------------------------------------------------
1070  |Info:    ------------------------------------------------------
1070  |Info:    |            Detecting I2C DIMM modules              |
1070  |Info:    ------------------------------------------------------
1934  |Info:    [ResourceManager] Detected occupied slot 1, bus 7, type DDR4
3227  |Info:    [ResourceManager] Detected occupied slot 2, bus 7, type DDR4
4262  |Info:    ------------------------------------------------------
4262  |Info:    |               Detecting I2C PCI devices            |
4262  |Info:    ------------------------------------------------------
4263  |Info:    ------------------------------------------------------
4263  |Info:    |               Detecting HID devices                |
4263  |Info:    ------------------------------------------------------
4263  |Info:    ------------------------------------------------------
4263  |Info:    |            Detecting libusb HID devices            |
4263  |Info:    ------------------------------------------------------
4274  |Info:    ------------------------------------------------------
4274  |Info:    |              Detecting other devices               |
4274  |Info:    ------------------------------------------------------
4317  |Info:    [NVIDIA GeForce RTX 3060 Ti LHR] Registering RGB controller
4327  |Info:    [ResourceManager] Calling Post-detection callbacks
4327  |Info:    ------------------------------------------------------
4327  |Info:    |                Detection completed                 |
4327  |Info:    ------------------------------------------------------
5538  |Info:    [ProfileManager] Profile loading: Succeeded for NVIDIA GeForce RTX 3060 Ti LHR @ 
