    OpenRGB v0.9+ (1.0rc2)
    Commit:  from 
    Launched: 20251216_180504
====================================================================================================

1     |Info:    [ProfileManager] Found file: new main.orp attempting to validate header
2     |Info:    [ProfileManager] Valid v5 profile found for new main
79    |Info:    [ResourceManager] Initializing HID interfaces: Success
79    |Info:    ------------------------------------------------------
79    |Info:    |               Start device detection               |
79    |Info:    ------------------------------------------------------
93    |Info:    ------------------------------------------------------
93    |Info:    |             Detecting I2C interfaces               |
93    |Info:    ------------------------------------------------------
93    |Info:    [ResourceManager] Registering I2C interface: /dev/i2c-3 Device 10DE:2489 Subsystem: 10DE:2489
93    |Info:    [ResourceManager] Registering I2C interface: /dev/i2c-1 Device 10DE:2489 Subsystem: 10DE:2489
93    |Info:    [ResourceManager] Registering I2C interface: /dev/i2c-6 Device 1022:790B Subsystem: 1849:FFFF
93    |Info:    [ResourceManager] Registering I2C interface: /dev/i2c-4 Device 10DE:2489 Subsystem: 10DE:2489
94    |Info:    [ResourceManager] Registering I2C interface: /dev/i2c-2 Device 10DE:2489 Subsystem: 10DE:2489
94    |Info:    [ResourceManager] Registering I2C interface: /dev/i2c-0 Device 10DE:2489 Subsystem: 10DE:2489
94    |Info:    [ResourceManager] Registering I2C interface: /dev/i2c-7 Device 1022:790B Subsystem: 1849:FFFF
94    |Info:    [ResourceManager] Registering I2C interface: /dev/i2c-5 Device 1022:790B Subsystem: 1849:FFFF
94    |Info:    ------------------------------------------------------
94    |Info:    |               Detecting I2C devices                |
94    |Info:    ------------------------------------------------------
1081  |Info:    ------------------------------------------------------
1081  |Info:    |            Detecting I2C DIMM modules              |
1081  |Info:    ------------------------------------------------------
1946  |Info:    [ResourceManager] Detected occupied slot 1, bus 7, type DDR4
3235  |Info:    [ResourceManager] Detected occupied slot 2, bus 7, type DDR4
4282  |Info:    ------------------------------------------------------
4282  |Info:    |               Detecting I2C PCI devices            |
4282  |Info:    ------------------------------------------------------
4283  |Info:    ------------------------------------------------------
4283  |Info:    |               Detecting HID devices                |
4283  |Info:    ------------------------------------------------------
4283  |Info:    ------------------------------------------------------
4283  |Info:    |            Detecting libusb HID devices            |
4283  |Info:    ------------------------------------------------------
4292  |Info:    ------------------------------------------------------
4292  |Info:    |              Detecting other devices               |
4292  |Info:    ------------------------------------------------------
4334  |Info:    [NVIDIA GeForce RTX 3060 Ti LHR] Registering RGB controller
4345  |Info:    [ResourceManager] Calling Post-detection callbacks
4345  |Info:    ------------------------------------------------------
4345  |Info:    |                Detection completed                 |
4345  |Info:    ------------------------------------------------------
23475 |Info:    [ProfileManager] Profile loading: Succeeded for NVIDIA GeForce RTX 3060 Ti LHR @ 
