    OpenRGB v0.9+ (1.0rc2)
    Commit:  from 
    Launched: 20251214_210116
====================================================================================================

0     |Info:    [ProfileManager] Found file: new main.orp attempting to validate header
0     |Info:    [ProfileManager] Valid v5 profile found for new main
61    |Info:    [ResourceManager] Initializing HID interfaces: Success
61    |Info:    ------------------------------------------------------
61    |Info:    |               Start device detection               |
61    |Info:    ------------------------------------------------------
72    |Info:    ------------------------------------------------------
72    |Info:    |             Detecting I2C interfaces               |
72    |Info:    ------------------------------------------------------
72    |Info:    [ResourceManager] Registering I2C interface: /dev/i2c-3 Device 10DE:2489 Subsystem: 10DE:2489
72    |Info:    [ResourceManager] Registering I2C interface: /dev/i2c-1 Device 1022:790B Subsystem: 1849:FFFF
72    |Info:    [ResourceManager] Registering I2C interface: /dev/i2c-6 Device 10DE:2489 Subsystem: 10DE:2489
72    |Info:    [ResourceManager] Registering I2C interface: /dev/i2c-4 Device 10DE:2489 Subsystem: 10DE:2489
72    |Info:    [ResourceManager] Registering I2C interface: /dev/i2c-2 Device 1022:790B Subsystem: 1849:FFFF
72    |Info:    [ResourceManager] Registering I2C interface: /dev/i2c-0 Device 1022:790B Subsystem: 1849:FFFF
72    |Info:    [ResourceManager] Registering I2C interface: /dev/i2c-7 Device 10DE:2489 Subsystem: 10DE:2489
72    |Info:    [ResourceManager] Registering I2C interface: /dev/i2c-5 Device 10DE:2489 Subsystem: 10DE:2489
72    |Info:    ------------------------------------------------------
72    |Info:    |               Detecting I2C devices                |
72    |Info:    ------------------------------------------------------
1032  |Info:    ------------------------------------------------------
1032  |Info:    |            Detecting I2C DIMM modules              |
1032  |Info:    ------------------------------------------------------
1888  |Info:    [ResourceManager] Detected occupied slot 1, bus 5, type DDR4
3173  |Info:    [ResourceManager] Detected occupied slot 2, bus 5, type DDR4
4204  |Info:    ------------------------------------------------------
4204  |Info:    |               Detecting I2C PCI devices            |
4204  |Info:    ------------------------------------------------------
4205  |Info:    ------------------------------------------------------
4205  |Info:    |               Detecting HID devices                |
4205  |Info:    ------------------------------------------------------
4205  |Info:    ------------------------------------------------------
4205  |Info:    |            Detecting libusb HID devices            |
4205  |Info:    ------------------------------------------------------
4215  |Info:    ------------------------------------------------------
4215  |Info:    |              Detecting other devices               |
4215  |Info:    ------------------------------------------------------
4270  |Info:    [NVIDIA GeForce RTX 3060 Ti LHR] Registering RGB controller
4280  |Info:    [ResourceManager] Calling Post-detection callbacks
4280  |Info:    ------------------------------------------------------
4280  |Info:    |                Detection completed                 |
4280  |Info:    ------------------------------------------------------
