    OpenRGB v0.9+ (1.0rc2)
    Commit:  from 
    Launched: 20251213_100025
====================================================================================================

2     |Info:    [ProfileManager] Found file: new main.orp attempting to validate header
3     |Info:    [ProfileManager] Valid v5 profile found for new main
77    |Info:    [ResourceManager] Initializing HID interfaces: Success
77    |Info:    ------------------------------------------------------
77    |Info:    |               Start device detection               |
77    |Info:    ------------------------------------------------------
88    |Info:    ------------------------------------------------------
88    |Info:    |             Detecting I2C interfaces               |
88    |Info:    ------------------------------------------------------
89    |Info:    [ResourceManager] Registering I2C interface: /dev/i2c-3 Device 10DE:2489 Subsystem: 10DE:2489
89    |Info:    [ResourceManager] Registering I2C interface: /dev/i2c-1 Device 1022:790B Subsystem: 1849:FFFF
89    |Info:    [ResourceManager] Registering I2C interface: /dev/i2c-6 Device 10DE:2489 Subsystem: 10DE:2489
89    |Info:    [ResourceManager] Registering I2C interface: /dev/i2c-4 Device 10DE:2489 Subsystem: 10DE:2489
89    |Info:    [ResourceManager] Registering I2C interface: /dev/i2c-2 Device 1022:790B Subsystem: 1849:FFFF
89    |Info:    [ResourceManager] Registering I2C interface: /dev/i2c-0 Device 1022:790B Subsystem: 1849:FFFF
89    |Info:    [ResourceManager] Registering I2C interface: /dev/i2c-7 Device 10DE:2489 Subsystem: 10DE:2489
89    |Info:    [ResourceManager] Registering I2C interface: /dev/i2c-5 Device 10DE:2489 Subsystem: 10DE:2489
89    |Info:    ------------------------------------------------------
89    |Info:    |               Detecting I2C devices                |
89    |Info:    ------------------------------------------------------
1072  |Info:    ------------------------------------------------------
1072  |Info:    |            Detecting I2C DIMM modules              |
1072  |Info:    ------------------------------------------------------
1936  |Info:    [ResourceManager] Detected occupied slot 1, bus 5, type DDR4
3224  |Info:    [ResourceManager] Detected occupied slot 2, bus 5, type DDR4
4262  |Info:    ------------------------------------------------------
4262  |Info:    |               Detecting I2C PCI devices            |
4262  |Info:    ------------------------------------------------------
4264  |Info:    ------------------------------------------------------
4264  |Info:    |               Detecting HID devices                |
4264  |Info:    ------------------------------------------------------
4264  |Info:    ------------------------------------------------------
4264  |Info:    |            Detecting libusb HID devices            |
4264  |Info:    ------------------------------------------------------
4273  |Info:    ------------------------------------------------------
4273  |Info:    |              Detecting other devices               |
4273  |Info:    ------------------------------------------------------
4314  |Info:    [NVIDIA GeForce RTX 3060 Ti LHR] Registering RGB controller
4323  |Info:    [ResourceManager] Calling Post-detection callbacks
4323  |Info:    ------------------------------------------------------
4323  |Info:    |                Detection completed                 |
4323  |Info:    ------------------------------------------------------
7739  |Info:    [ProfileManager] Profile loading: Succeeded for NVIDIA GeForce RTX 3060 Ti LHR @ 
