    OpenRGB v0.9+ (1.0rc2)
    Commit:  from 
    Launched: 20251215_070827
====================================================================================================

2     |Info:    [ProfileManager] Found file: new main.orp attempting to validate header
4     |Info:    [ProfileManager] Valid v5 profile found for new main
78    |Info:    [ResourceManager] Initializing HID interfaces: Success
78    |Info:    ------------------------------------------------------
78    |Info:    |               Start device detection               |
78    |Info:    ------------------------------------------------------
93    |Info:    ------------------------------------------------------
93    |Info:    |             Detecting I2C interfaces               |
93    |Info:    ------------------------------------------------------
93    |Info:    [ResourceManager] Registering I2C interface: /dev/i2c-3 Device 10DE:2489 Subsystem: 10DE:2489
93    |Info:    [ResourceManager] Registering I2C interface: /dev/i2c-1 Device 1022:790B Subsystem: 1849:FFFF
93    |Info:    [ResourceManager] Registering I2C interface: /dev/i2c-6 Device 10DE:2489 Subsystem: 10DE:2489
93    |Info:    [ResourceManager] Registering I2C interface: /dev/i2c-4 Device 10DE:2489 Subsystem: 10DE:2489
94    |Info:    [ResourceManager] Registering I2C interface: /dev/i2c-2 Device 1022:790B Subsystem: 1849:FFFF
94    |Info:    [ResourceManager] Registering I2C interface: /dev/i2c-0 Device 1022:790B Subsystem: 1849:FFFF
94    |Info:    [ResourceManager] Registering I2C interface: /dev/i2c-7 Device 10DE:2489 Subsystem: 10DE:2489
94    |Info:    [ResourceManager] Registering I2C interface: /dev/i2c-5 Device 10DE:2489 Subsystem: 10DE:2489
94    |Info:    ------------------------------------------------------
94    |Info:    |               Detecting I2C devices                |
94    |Info:    ------------------------------------------------------
1062  |Info:    ------------------------------------------------------
1062  |Info:    |            Detecting I2C DIMM modules              |
1062  |Info:    ------------------------------------------------------
1927  |Info:    [ResourceManager] Detected occupied slot 1, bus 5, type DDR4
3220  |Info:    [ResourceManager] Detected occupied slot 2, bus 5, type DDR4
4263  |Info:    ------------------------------------------------------
4263  |Info:    |               Detecting I2C PCI devices            |
4263  |Info:    ------------------------------------------------------
4265  |Info:    ------------------------------------------------------
4265  |Info:    |               Detecting HID devices                |
4265  |Info:    ------------------------------------------------------
4266  |Info:    ------------------------------------------------------
4266  |Info:    |            Detecting libusb HID devices            |
4266  |Info:    ------------------------------------------------------
4274  |Info:    ------------------------------------------------------
4274  |Info:    |              Detecting other devices               |
4274  |Info:    ------------------------------------------------------
4319  |Info:    [NVIDIA GeForce RTX 3060 Ti LHR] Registering RGB controller
4329  |Info:    [ResourceManager] Calling Post-detection callbacks
4329  |Info:    ------------------------------------------------------
4329  |Info:    |                Detection completed                 |
4329  |Info:    ------------------------------------------------------
14236 |Info:    [ProfileManager] Profile loading: Succeeded for NVIDIA GeForce RTX 3060 Ti LHR @ 
29847 |Info:    [ProfileManager] Profile loading: Succeeded for NVIDIA GeForce RTX 3060 Ti LHR @ 
