    OpenRGB v0.9+ (1.0rc2)
    Commit:  from 
    Launched: 20260103_114845
====================================================================================================

1     |Info:    [ProfileManager] Found file: oof.orp attempting to validate header
1     |Info:    [ProfileManager] Valid v5 profile found for oof
1     |Info:    [ProfileManager] Found file: new main.orp attempting to validate header
1     |Info:    [ProfileManager] Valid v5 profile found for new main
64    |Info:    [ResourceManager] Initializing HID interfaces: Success
64    |Info:    ------------------------------------------------------
64    |Info:    |               Start device detection               |
64    |Info:    ------------------------------------------------------
74    |Info:    ------------------------------------------------------
74    |Info:    |             Detecting I2C interfaces               |
74    |Info:    ------------------------------------------------------
74    |Info:    [ResourceManager] Registering I2C interface: /dev/i2c-3 Device 10DE:2489 Subsystem: 10DE:2489
74    |Info:    [ResourceManager] Registering I2C interface: /dev/i2c-1 Device 1022:790B Subsystem: 1849:FFFF
74    |Info:    [ResourceManager] Registering I2C interface: /dev/i2c-6 Device 10DE:2489 Subsystem: 10DE:2489
74    |Info:    [ResourceManager] Registering I2C interface: /dev/i2c-4 Device 10DE:2489 Subsystem: 10DE:2489
74    |Info:    [ResourceManager] Registering I2C interface: /dev/i2c-2 Device 1022:790B Subsystem: 1849:FFFF
74    |Info:    [ResourceManager] Registering I2C interface: /dev/i2c-0 Device 1022:790B Subsystem: 1849:FFFF
74    |Info:    [ResourceManager] Registering I2C interface: /dev/i2c-7 Device 10DE:2489 Subsystem: 10DE:2489
74    |Info:    [ResourceManager] Registering I2C interface: /dev/i2c-5 Device 10DE:2489 Subsystem: 10DE:2489
74    |Info:    ------------------------------------------------------
74    |Info:    |               Detecting I2C devices                |
74    |Info:    ------------------------------------------------------
1029  |Info:    ------------------------------------------------------
1029  |Info:    |            Detecting I2C DIMM modules              |
1029  |Info:    ------------------------------------------------------
1881  |Info:    [ResourceManager] Detected occupied slot 1, bus 5, type DDR4
3150  |Info:    [ResourceManager] Detected occupied slot 2, bus 5, type DDR4
4174  |Info:    ------------------------------------------------------
4174  |Info:    |               Detecting I2C PCI devices            |
4174  |Info:    ------------------------------------------------------
4175  |Info:    ------------------------------------------------------
4175  |Info:    |               Detecting HID devices                |
4175  |Info:    ------------------------------------------------------
4175  |Info:    ------------------------------------------------------
4175  |Info:    |            Detecting libusb HID devices            |
4175  |Info:    ------------------------------------------------------
4186  |Info:    ------------------------------------------------------
4186  |Info:    |              Detecting other devices               |
4186  |Info:    ------------------------------------------------------
4227  |Info:    [NVIDIA GeForce RTX 3060 Ti LHR] Registering RGB controller
4237  |Info:    [ResourceManager] Calling Post-detection callbacks
4237  |Info:    ------------------------------------------------------
4237  |Info:    |                Detection completed                 |
4237  |Info:    ------------------------------------------------------
4238  |Info:    [ProfileManager] Profile loading: Succeeded for NVIDIA GeForce RTX 3060 Ti LHR @ 
