    OpenRGB v0.9+ (1.0rc2)
    Commit:  from 
    Launched: 20251230_162308
====================================================================================================

0     |Info:    [ProfileManager] Found file: oof.orp attempting to validate header
0     |Info:    [ProfileManager] Valid v5 profile found for oof
0     |Info:    [ProfileManager] Found file: new main.orp attempting to validate header
0     |Info:    [ProfileManager] Valid v5 profile found for new main
53    |Info:    [ResourceManager] Initializing HID interfaces: Success
53    |Info:    ------------------------------------------------------
53    |Info:    |               Start device detection               |
53    |Info:    ------------------------------------------------------
62    |Info:    ------------------------------------------------------
62    |Info:    |             Detecting I2C interfaces               |
62    |Info:    ------------------------------------------------------
62    |Info:    [ResourceManager] Registering I2C interface: /dev/i2c-3 Device 10DE:2489 Subsystem: 10DE:2489
62    |Info:    [ResourceManager] Registering I2C interface: /dev/i2c-1 Device 1022:790B Subsystem: 1849:FFFF
62    |Info:    [ResourceManager] Registering I2C interface: /dev/i2c-6 Device 10DE:2489 Subsystem: 10DE:2489
63    |Info:    [ResourceManager] Registering I2C interface: /dev/i2c-4 Device 10DE:2489 Subsystem: 10DE:2489
63    |Info:    [ResourceManager] Registering I2C interface: /dev/i2c-2 Device 1022:790B Subsystem: 1849:FFFF
63    |Info:    [ResourceManager] Registering I2C interface: /dev/i2c-0 Device 1022:790B Subsystem: 1849:FFFF
63    |Info:    [ResourceManager] Registering I2C interface: /dev/i2c-7 Device 10DE:2489 Subsystem: 10DE:2489
63    |Info:    [ResourceManager] Registering I2C interface: /dev/i2c-5 Device 10DE:2489 Subsystem: 10DE:2489
63    |Info:    ------------------------------------------------------
63    |Info:    |               Detecting I2C devices                |
63    |Info:    ------------------------------------------------------
1019  |Info:    ------------------------------------------------------
1019  |Info:    |            Detecting I2C DIMM modules              |
1019  |Info:    ------------------------------------------------------
1876  |Info:    [ResourceManager] Detected occupied slot 1, bus 5, type DDR4
3162  |Info:    [ResourceManager] Detected occupied slot 2, bus 5, type DDR4
4193  |Info:    ------------------------------------------------------
4193  |Info:    |               Detecting I2C PCI devices            |
4193  |Info:    ------------------------------------------------------
4194  |Info:    ------------------------------------------------------
4194  |Info:    |               Detecting HID devices                |
4194  |Info:    ------------------------------------------------------
4194  |Info:    ------------------------------------------------------
4194  |Info:    |            Detecting libusb HID devices            |
4194  |Info:    ------------------------------------------------------
4200  |Info:    ------------------------------------------------------
4200  |Info:    |              Detecting other devices               |
4200  |Info:    ------------------------------------------------------
4239  |Info:    [NVIDIA GeForce RTX 3060 Ti LHR] Registering RGB controller
4246  |Info:    [ResourceManager] Calling Post-detection callbacks
4246  |Info:    ------------------------------------------------------
4246  |Info:    |                Detection completed                 |
4246  |Info:    ------------------------------------------------------
22293 |Info:    [ProfileManager] Profile loading: Succeeded for NVIDIA GeForce RTX 3060 Ti LHR @ 
22545 |Info:    [ProfileManager] Profile loading: Succeeded for NVIDIA GeForce RTX 3060 Ti LHR @ 
