    OpenRGB v0.9+ (1.0rc2)
    Commit:  from 
    Launched: 20251210_003945
====================================================================================================

1     |Info:    [ProfileManager] Found file: new main.orp attempting to validate header
2     |Info:    [ProfileManager] Valid v5 profile found for new main
72    |Info:    [ResourceManager] Initializing HID interfaces: Success
72    |Info:    ------------------------------------------------------
72    |Info:    |               Start device detection               |
72    |Info:    ------------------------------------------------------
85    |Info:    ------------------------------------------------------
85    |Info:    |             Detecting I2C interfaces               |
85    |Info:    ------------------------------------------------------
85    |Info:    [ResourceManager] Registering I2C interface: /dev/i2c-3 Device 10DE:2489 Subsystem: 10DE:2489
85    |Info:    [ResourceManager] Registering I2C interface: /dev/i2c-1 Device 1022:790B Subsystem: 1849:FFFF
85    |Info:    [ResourceManager] Registering I2C interface: /dev/i2c-6 Device 10DE:2489 Subsystem: 10DE:2489
86    |Info:    [ResourceManager] Registering I2C interface: /dev/i2c-4 Device 10DE:2489 Subsystem: 10DE:2489
86    |Info:    [ResourceManager] Registering I2C interface: /dev/i2c-2 Device 1022:790B Subsystem: 1849:FFFF
86    |Info:    [ResourceManager] Registering I2C interface: /dev/i2c-0 Device 1022:790B Subsystem: 1849:FFFF
86    |Info:    [ResourceManager] Registering I2C interface: /dev/i2c-7 Device 10DE:2489 Subsystem: 10DE:2489
86    |Info:    [ResourceManager] Registering I2C interface: /dev/i2c-5 Device 10DE:2489 Subsystem: 10DE:2489
86    |Info:    ------------------------------------------------------
86    |Info:    |               Detecting I2C devices                |
86    |Info:    ------------------------------------------------------
1070  |Info:    ------------------------------------------------------
1070  |Info:    |            Detecting I2C DIMM modules              |
1070  |Info:    ------------------------------------------------------
1935  |Info:    [ResourceManager] Detected occupied slot 1, bus 5, type DDR4
3219  |Info:    [ResourceManager] Detected occupied slot 2, bus 5, type DDR4
4258  |Info:    ------------------------------------------------------
4258  |Info:    |               Detecting I2C PCI devices            |
4258  |Info:    ------------------------------------------------------
4259  |Info:    ------------------------------------------------------
4259  |Info:    |               Detecting HID devices                |
4259  |Info:    ------------------------------------------------------
4259  |Info:    ------------------------------------------------------
4259  |Info:    |            Detecting libusb HID devices            |
4259  |Info:    ------------------------------------------------------
4265  |Info:    ------------------------------------------------------
4265  |Info:    |              Detecting other devices               |
4265  |Info:    ------------------------------------------------------
4306  |Info:    [NVIDIA GeForce RTX 3060 Ti LHR] Registering RGB controller
4315  |Info:    [ResourceManager] Calling Post-detection callbacks
4315  |Info:    ------------------------------------------------------
4315  |Info:    |                Detection completed                 |
4315  |Info:    ------------------------------------------------------
586974|Info:    [ProfileManager] Profile loading: Succeeded for NVIDIA GeForce RTX 3060 Ti LHR @ 
