    OpenRGB v0.9+ (1.0rc2)
    Commit:  from 
    Launched: 20251214_220740
====================================================================================================

0     |Info:    [ProfileManager] Found file: new main.orp attempting to validate header
0     |Info:    [ProfileManager] Valid v5 profile found for new main
56    |Info:    [ResourceManager] Initializing HID interfaces: Success
56    |Info:    ------------------------------------------------------
56    |Info:    |               Start device detection               |
56    |Info:    ------------------------------------------------------
67    |Info:    ------------------------------------------------------
67    |Info:    |             Detecting I2C interfaces               |
68    |Info:    ------------------------------------------------------
69    |Info:    [ResourceManager] Registering I2C interface: /dev/i2c-3 Device 10DE:2489 Subsystem: 10DE:2489
69    |Info:    [ResourceManager] Registering I2C interface: /dev/i2c-1 Device 1022:790B Subsystem: 1849:FFFF
69    |Info:    [ResourceManager] Registering I2C interface: /dev/i2c-6 Device 10DE:2489 Subsystem: 10DE:2489
69    |Info:    [ResourceManager] Registering I2C interface: /dev/i2c-4 Device 10DE:2489 Subsystem: 10DE:2489
69    |Info:    [ResourceManager] Registering I2C interface: /dev/i2c-2 Device 1022:790B Subsystem: 1849:FFFF
69    |Info:    [ResourceManager] Registering I2C interface: /dev/i2c-0 Device 1022:790B Subsystem: 1849:FFFF
70    |Info:    [ResourceManager] Registering I2C interface: /dev/i2c-7 Device 10DE:2489 Subsystem: 10DE:2489
70    |Info:    [ResourceManager] Registering I2C interface: /dev/i2c-5 Device 10DE:2489 Subsystem: 10DE:2489
70    |Info:    ------------------------------------------------------
70    |Info:    |               Detecting I2C devices                |
70    |Info:    ------------------------------------------------------
1048  |Info:    ------------------------------------------------------
1048  |Info:    |            Detecting I2C DIMM modules              |
1048  |Info:    ------------------------------------------------------
1908  |Info:    [ResourceManager] Detected occupied slot 1, bus 5, type DDR4
3200  |Info:    [ResourceManager] Detected occupied slot 2, bus 5, type DDR4
4241  |Info:    ------------------------------------------------------
4241  |Info:    |               Detecting I2C PCI devices            |
4241  |Info:    ------------------------------------------------------
4243  |Info:    ------------------------------------------------------
4243  |Info:    |               Detecting HID devices                |
4243  |Info:    ------------------------------------------------------
4243  |Info:    ------------------------------------------------------
4243  |Info:    |            Detecting libusb HID devices            |
4243  |Info:    ------------------------------------------------------
4251  |Info:    ------------------------------------------------------
4251  |Info:    |              Detecting other devices               |
4251  |Info:    ------------------------------------------------------
4292  |Info:    [NVIDIA GeForce RTX 3060 Ti LHR] Registering RGB controller
4300  |Info:    [ResourceManager] Calling Post-detection callbacks
4300  |Info:    ------------------------------------------------------
4300  |Info:    |                Detection completed                 |
4300  |Info:    ------------------------------------------------------
5459  |Info:    [ProfileManager] Profile loading: Succeeded for NVIDIA GeForce RTX 3060 Ti LHR @ 
