    OpenRGB v0.9+ (1.0rc2)
    Commit:  from 
    Launched: 20251222_070805
====================================================================================================

1     |Info:    [ProfileManager] Found file: new main.orp attempting to validate header
1     |Info:    [ProfileManager] Valid v5 profile found for new main
72    |Info:    [ResourceManager] Initializing HID interfaces: Success
72    |Info:    ------------------------------------------------------
72    |Info:    |               Start device detection               |
72    |Info:    ------------------------------------------------------
92    |Info:    ------------------------------------------------------
92    |Info:    |             Detecting I2C interfaces               |
92    |Info:    ------------------------------------------------------
93    |Info:    [ResourceManager] Registering I2C interface: /dev/i2c-3 Device 10DE:2489 Subsystem: 10DE:2489
93    |Info:    [ResourceManager] Registering I2C interface: /dev/i2c-1 Device 10DE:2489 Subsystem: 10DE:2489
93    |Info:    [ResourceManager] Registering I2C interface: /dev/i2c-6 Device 1022:790B Subsystem: 1849:FFFF
94    |Info:    [ResourceManager] Registering I2C interface: /dev/i2c-4 Device 10DE:2489 Subsystem: 10DE:2489
94    |Info:    [ResourceManager] Registering I2C interface: /dev/i2c-2 Device 10DE:2489 Subsystem: 10DE:2489
94    |Info:    [ResourceManager] Registering I2C interface: /dev/i2c-0 Device 10DE:2489 Subsystem: 10DE:2489
94    |Info:    [ResourceManager] Registering I2C interface: /dev/i2c-7 Device 1022:790B Subsystem: 1849:FFFF
94    |Info:    [ResourceManager] Registering I2C interface: /dev/i2c-5 Device 1022:790B Subsystem: 1849:FFFF
94    |Info:    ------------------------------------------------------
94    |Info:    |               Detecting I2C devices                |
94    |Info:    ------------------------------------------------------
1075  |Info:    ------------------------------------------------------
1075  |Info:    |            Detecting I2C DIMM modules              |
1075  |Info:    ------------------------------------------------------
1939  |Info:    [ResourceManager] Detected occupied slot 1, bus 7, type DDR4
3231  |Info:    [ResourceManager] Detected occupied slot 2, bus 7, type DDR4
4266  |Info:    ------------------------------------------------------
4266  |Info:    |               Detecting I2C PCI devices            |
4266  |Info:    ------------------------------------------------------
4267  |Info:    ------------------------------------------------------
4267  |Info:    |               Detecting HID devices                |
4267  |Info:    ------------------------------------------------------
4267  |Info:    ------------------------------------------------------
4267  |Info:    |            Detecting libusb HID devices            |
4267  |Info:    ------------------------------------------------------
4276  |Info:    ------------------------------------------------------
4276  |Info:    |              Detecting other devices               |
4276  |Info:    ------------------------------------------------------
4315  |Info:    [NVIDIA GeForce RTX 3060 Ti LHR] Registering RGB controller
4328  |Info:    [ResourceManager] Calling Post-detection callbacks
4328  |Info:    ------------------------------------------------------
4328  |Info:    |                Detection completed                 |
4328  |Info:    ------------------------------------------------------
20910 |Info:    [ProfileManager] Profile loading: Succeeded for NVIDIA GeForce RTX 3060 Ti LHR @ 
