    OpenRGB v0.9+ (1.0rc2)
    Commit:  from 
    Launched: 20251226_125403
====================================================================================================

0     |Info:    [ProfileManager] Found file: oof.orp attempting to validate header
0     |Info:    [ProfileManager] Valid v5 profile found for oof
0     |Info:    [ProfileManager] Found file: new main.orp attempting to validate header
0     |Info:    [ProfileManager] Valid v5 profile found for new main
61    |Info:    [ResourceManager] Initializing HID interfaces: Success
61    |Info:    ------------------------------------------------------
61    |Info:    |               Start device detection               |
61    |Info:    ------------------------------------------------------
76    |Info:    ------------------------------------------------------
76    |Info:    |             Detecting I2C interfaces               |
76    |Info:    ------------------------------------------------------
76    |Info:    [ResourceManager] Registering I2C interface: /dev/i2c-3 Device 10DE:2489 Subsystem: 10DE:2489
76    |Info:    [ResourceManager] Registering I2C interface: /dev/i2c-1 Device 10DE:2489 Subsystem: 10DE:2489
77    |Info:    [ResourceManager] Registering I2C interface: /dev/i2c-6 Device 1022:790B Subsystem: 1849:FFFF
77    |Info:    [ResourceManager] Registering I2C interface: /dev/i2c-4 Device 10DE:2489 Subsystem: 10DE:2489
77    |Info:    [ResourceManager] Registering I2C interface: /dev/i2c-2 Device 10DE:2489 Subsystem: 10DE:2489
77    |Info:    [ResourceManager] Registering I2C interface: /dev/i2c-0 Device 10DE:2489 Subsystem: 10DE:2489
77    |Info:    [ResourceManager] Registering I2C interface: /dev/i2c-7 Device 1022:790B Subsystem: 1849:FFFF
77    |Info:    [ResourceManager] Registering I2C interface: /dev/i2c-5 Device 1022:790B Subsystem: 1849:FFFF
77    |Info:    ------------------------------------------------------
77    |Info:    |               Detecting I2C devices                |
77    |Info:    ------------------------------------------------------
1030  |Info:    ------------------------------------------------------
1030  |Info:    |            Detecting I2C DIMM modules              |
1030  |Info:    ------------------------------------------------------
1889  |Info:    [ResourceManager] Detected occupied slot 1, bus 7, type DDR4
3173  |Info:    [ResourceManager] Detected occupied slot 2, bus 7, type DDR4
4204  |Info:    ------------------------------------------------------
4204  |Info:    |               Detecting I2C PCI devices            |
4204  |Info:    ------------------------------------------------------
4205  |Info:    ------------------------------------------------------
4205  |Info:    |               Detecting HID devices                |
4205  |Info:    ------------------------------------------------------
4206  |Info:    ------------------------------------------------------
4206  |Info:    |            Detecting libusb HID devices            |
4206  |Info:    ------------------------------------------------------
4216  |Info:    ------------------------------------------------------
4216  |Info:    |              Detecting other devices               |
4216  |Info:    ------------------------------------------------------
4260  |Info:    [NVIDIA GeForce RTX 3060 Ti LHR] Registering RGB controller
4271  |Info:    [ResourceManager] Calling Post-detection callbacks
4271  |Info:    ------------------------------------------------------
4271  |Info:    |                Detection completed                 |
4271  |Info:    ------------------------------------------------------
6304  |Info:    [ProfileManager] Profile loading: Succeeded for NVIDIA GeForce RTX 3060 Ti LHR @ 
