    OpenRGB v0.9+ (1.0rc2)
    Commit:  from 
    Launched: 20251221_192155
====================================================================================================

1     |Info:    [ProfileManager] Found file: new main.orp attempting to validate header
2     |Info:    [ProfileManager] Valid v5 profile found for new main
73    |Info:    [ResourceManager] Initializing HID interfaces: Success
73    |Info:    ------------------------------------------------------
73    |Info:    |               Start device detection               |
73    |Info:    ------------------------------------------------------
92    |Info:    ------------------------------------------------------
92    |Info:    |             Detecting I2C interfaces               |
92    |Info:    ------------------------------------------------------
93    |Info:    [ResourceManager] Registering I2C interface: /dev/i2c-3 Device 10DE:2489 Subsystem: 10DE:2489
93    |Info:    [ResourceManager] Registering I2C interface: /dev/i2c-1 Device 10DE:2489 Subsystem: 10DE:2489
93    |Info:    [ResourceManager] Registering I2C interface: /dev/i2c-6 Device 1022:790B Subsystem: 1849:FFFF
93    |Info:    [ResourceManager] Registering I2C interface: /dev/i2c-4 Device 10DE:2489 Subsystem: 10DE:2489
93    |Info:    [ResourceManager] Registering I2C interface: /dev/i2c-2 Device 10DE:2489 Subsystem: 10DE:2489
93    |Info:    [ResourceManager] Registering I2C interface: /dev/i2c-0 Device 10DE:2489 Subsystem: 10DE:2489
93    |Info:    [ResourceManager] Registering I2C interface: /dev/i2c-7 Device 1022:790B Subsystem: 1849:FFFF
93    |Info:    [ResourceManager] Registering I2C interface: /dev/i2c-5 Device 1022:790B Subsystem: 1849:FFFF
93    |Info:    ------------------------------------------------------
93    |Info:    |               Detecting I2C devices                |
93    |Info:    ------------------------------------------------------
1080  |Info:    ------------------------------------------------------
1080  |Info:    |            Detecting I2C DIMM modules              |
1080  |Info:    ------------------------------------------------------
1941  |Info:    [ResourceManager] Detected occupied slot 1, bus 7, type DDR4
3230  |Info:    [ResourceManager] Detected occupied slot 2, bus 7, type DDR4
4275  |Info:    ------------------------------------------------------
4275  |Info:    |               Detecting I2C PCI devices            |
4275  |Info:    ------------------------------------------------------
4277  |Info:    ------------------------------------------------------
4277  |Info:    |               Detecting HID devices                |
4277  |Info:    ------------------------------------------------------
4277  |Info:    ------------------------------------------------------
4277  |Info:    |            Detecting libusb HID devices            |
4277  |Info:    ------------------------------------------------------
4289  |Info:    ------------------------------------------------------
4289  |Info:    |              Detecting other devices               |
4289  |Info:    ------------------------------------------------------
4333  |Info:    [NVIDIA GeForce RTX 3060 Ti LHR] Registering RGB controller
4345  |Info:    [ResourceManager] Calling Post-detection callbacks
4345  |Info:    ------------------------------------------------------
4345  |Info:    |                Detection completed                 |
4345  |Info:    ------------------------------------------------------
11970 |Info:    [ProfileManager] Profile loading: Succeeded for NVIDIA GeForce RTX 3060 Ti LHR @ 
