    OpenRGB v0.9+ (1.0rc2)
    Commit:  from 
    Launched: 20251216_202912
====================================================================================================

0     |Info:    [ProfileManager] Found file: new main.orp attempting to validate header
0     |Info:    [ProfileManager] Valid v5 profile found for new main
55    |Info:    [ResourceManager] Initializing HID interfaces: Success
55    |Info:    ------------------------------------------------------
55    |Info:    |               Start device detection               |
55    |Info:    ------------------------------------------------------
69    |Info:    ------------------------------------------------------
69    |Info:    |             Detecting I2C interfaces               |
69    |Info:    ------------------------------------------------------
69    |Info:    [ResourceManager] Registering I2C interface: /dev/i2c-3 Device 10DE:2489 Subsystem: 10DE:2489
69    |Info:    [ResourceManager] Registering I2C interface: /dev/i2c-1 Device 10DE:2489 Subsystem: 10DE:2489
69    |Info:    [ResourceManager] Registering I2C interface: /dev/i2c-6 Device 1022:790B Subsystem: 1849:FFFF
69    |Info:    [ResourceManager] Registering I2C interface: /dev/i2c-4 Device 10DE:2489 Subsystem: 10DE:2489
69    |Info:    [ResourceManager] Registering I2C interface: /dev/i2c-2 Device 10DE:2489 Subsystem: 10DE:2489
70    |Info:    [ResourceManager] Registering I2C interface: /dev/i2c-0 Device 10DE:2489 Subsystem: 10DE:2489
70    |Info:    [ResourceManager] Registering I2C interface: /dev/i2c-7 Device 1022:790B Subsystem: 1849:FFFF
70    |Info:    [ResourceManager] Registering I2C interface: /dev/i2c-5 Device 1022:790B Subsystem: 1849:FFFF
70    |Info:    ------------------------------------------------------
70    |Info:    |               Detecting I2C devices                |
70    |Info:    ------------------------------------------------------
1041  |Info:    ------------------------------------------------------
1041  |Info:    |            Detecting I2C DIMM modules              |
1041  |Info:    ------------------------------------------------------
1917  |Info:    [ResourceManager] Detected occupied slot 1, bus 7, type DDR4
3213  |Info:    [ResourceManager] Detected occupied slot 2, bus 7, type DDR4
4243  |Info:    ------------------------------------------------------
4243  |Info:    |               Detecting I2C PCI devices            |
4243  |Info:    ------------------------------------------------------
4245  |Info:    ------------------------------------------------------
4245  |Info:    |               Detecting HID devices                |
4245  |Info:    ------------------------------------------------------
4245  |Info:    ------------------------------------------------------
4245  |Info:    |            Detecting libusb HID devices            |
4245  |Info:    ------------------------------------------------------
4252  |Info:    ------------------------------------------------------
4252  |Info:    |              Detecting other devices               |
4252  |Info:    ------------------------------------------------------
4292  |Info:    [NVIDIA GeForce RTX 3060 Ti LHR] Registering RGB controller
4300  |Info:    [ResourceManager] Calling Post-detection callbacks
4300  |Info:    ------------------------------------------------------
4300  |Info:    |                Detection completed                 |
4300  |Info:    ------------------------------------------------------
7363  |Info:    [ProfileManager] Profile loading: Succeeded for NVIDIA GeForce RTX 3060 Ti LHR @ 
