    OpenRGB v0.9+ (1.0rc2)
    Commit:  from 
    Launched: 20260102_103233
====================================================================================================

0     |Info:    [ProfileManager] Found file: oof.orp attempting to validate header
1     |Info:    [ProfileManager] Valid v5 profile found for oof
1     |Info:    [ProfileManager] Found file: new main.orp attempting to validate header
1     |Info:    [ProfileManager] Valid v5 profile found for new main
62    |Info:    [ResourceManager] Initializing HID interfaces: Success
62    |Info:    ------------------------------------------------------
62    |Info:    |               Start device detection               |
62    |Info:    ------------------------------------------------------
70    |Info:    ------------------------------------------------------
70    |Info:    |             Detecting I2C interfaces               |
70    |Info:    ------------------------------------------------------
70    |Info:    [ResourceManager] Registering I2C interface: /dev/i2c-3 Device 10DE:2489 Subsystem: 10DE:2489
70    |Info:    [ResourceManager] Registering I2C interface: /dev/i2c-1 Device 1022:790B Subsystem: 1849:FFFF
70    |Info:    [ResourceManager] Registering I2C interface: /dev/i2c-6 Device 10DE:2489 Subsystem: 10DE:2489
70    |Info:    [ResourceManager] Registering I2C interface: /dev/i2c-4 Device 10DE:2489 Subsystem: 10DE:2489
70    |Info:    [ResourceManager] Registering I2C interface: /dev/i2c-2 Device 1022:790B Subsystem: 1849:FFFF
70    |Info:    [ResourceManager] Registering I2C interface: /dev/i2c-0 Device 1022:790B Subsystem: 1849:FFFF
70    |Info:    [ResourceManager] Registering I2C interface: /dev/i2c-7 Device 10DE:2489 Subsystem: 10DE:2489
70    |Info:    [ResourceManager] Registering I2C interface: /dev/i2c-5 Device 10DE:2489 Subsystem: 10DE:2489
70    |Info:    ------------------------------------------------------
70    |Info:    |               Detecting I2C devices                |
70    |Info:    ------------------------------------------------------
1022  |Info:    ------------------------------------------------------
1022  |Info:    |            Detecting I2C DIMM modules              |
1022  |Info:    ------------------------------------------------------
1880  |Info:    [ResourceManager] Detected occupied slot 1, bus 5, type DDR4
3164  |Info:    [ResourceManager] Detected occupied slot 2, bus 5, type DDR4
4193  |Info:    ------------------------------------------------------
4193  |Info:    |               Detecting I2C PCI devices            |
4193  |Info:    ------------------------------------------------------
4194  |Info:    ------------------------------------------------------
4194  |Info:    |               Detecting HID devices                |
4194  |Info:    ------------------------------------------------------
4194  |Info:    ------------------------------------------------------
4194  |Info:    |            Detecting libusb HID devices            |
4194  |Info:    ------------------------------------------------------
4200  |Info:    ------------------------------------------------------
4200  |Info:    |              Detecting other devices               |
4200  |Info:    ------------------------------------------------------
4240  |Info:    [NVIDIA GeForce RTX 3060 Ti LHR] Registering RGB controller
4248  |Info:    [ResourceManager] Calling Post-detection callbacks
4248  |Info:    ------------------------------------------------------
4248  |Info:    |                Detection completed                 |
4248  |Info:    ------------------------------------------------------
4248  |Info:    [ProfileManager] Profile loading: Succeeded for NVIDIA GeForce RTX 3060 Ti LHR @ 
