    OpenRGB v0.9+ (1.0rc2)
    Commit:  from 
    Launched: 20251219_113311
====================================================================================================

3     |Info:    [ProfileManager] Found file: new main.orp attempting to validate header
5     |Info:    [ProfileManager] Valid v5 profile found for new main
79    |Info:    [ResourceManager] Initializing HID interfaces: Success
79    |Info:    ------------------------------------------------------
79    |Info:    |               Start device detection               |
79    |Info:    ------------------------------------------------------
99    |Info:    ------------------------------------------------------
99    |Info:    |             Detecting I2C interfaces               |
99    |Info:    ------------------------------------------------------
100   |Info:    [ResourceManager] Registering I2C interface: /dev/i2c-3 Device 10DE:2489 Subsystem: 10DE:2489
100   |Info:    [ResourceManager] Registering I2C interface: /dev/i2c-1 Device 10DE:2489 Subsystem: 10DE:2489
100   |Info:    [ResourceManager] Registering I2C interface: /dev/i2c-6 Device 1022:790B Subsystem: 1849:FFFF
100   |Info:    [ResourceManager] Registering I2C interface: /dev/i2c-4 Device 10DE:2489 Subsystem: 10DE:2489
100   |Info:    [ResourceManager] Registering I2C interface: /dev/i2c-2 Device 10DE:2489 Subsystem: 10DE:2489
100   |Info:    [ResourceManager] Registering I2C interface: /dev/i2c-0 Device 10DE:2489 Subsystem: 10DE:2489
100   |Info:    [ResourceManager] Registering I2C interface: /dev/i2c-7 Device 1022:790B Subsystem: 1849:FFFF
101   |Info:    [ResourceManager] Registering I2C interface: /dev/i2c-5 Device 1022:790B Subsystem: 1849:FFFF
101   |Info:    ------------------------------------------------------
101   |Info:    |               Detecting I2C devices                |
101   |Info:    ------------------------------------------------------
1081  |Info:    ------------------------------------------------------
1081  |Info:    |            Detecting I2C DIMM modules              |
1081  |Info:    ------------------------------------------------------
1943  |Info:    [ResourceManager] Detected occupied slot 1, bus 7, type DDR4
3233  |Info:    [ResourceManager] Detected occupied slot 2, bus 7, type DDR4
4292  |Info:    ------------------------------------------------------
4292  |Info:    |               Detecting I2C PCI devices            |
4292  |Info:    ------------------------------------------------------
4294  |Info:    ------------------------------------------------------
4294  |Info:    |               Detecting HID devices                |
4294  |Info:    ------------------------------------------------------
4294  |Info:    ------------------------------------------------------
4294  |Info:    |            Detecting libusb HID devices            |
4294  |Info:    ------------------------------------------------------
4303  |Info:    ------------------------------------------------------
4304  |Info:    |              Detecting other devices               |
4304  |Info:    ------------------------------------------------------
4347  |Info:    [NVIDIA GeForce RTX 3060 Ti LHR] Registering RGB controller
4360  |Info:    [ResourceManager] Calling Post-detection callbacks
4360  |Info:    ------------------------------------------------------
4360  |Info:    |                Detection completed                 |
4360  |Info:    ------------------------------------------------------
