    OpenRGB v0.9+ (1.0rc2)
    Commit:  from 
    Launched: 20260101_133855
====================================================================================================

0     |Info:    [ProfileManager] Found file: oof.orp attempting to validate header
0     |Info:    [ProfileManager] Valid v5 profile found for oof
0     |Info:    [ProfileManager] Found file: new main.orp attempting to validate header
0     |Info:    [ProfileManager] Valid v5 profile found for new main
55    |Info:    [ResourceManager] Initializing HID interfaces: Success
55    |Info:    ------------------------------------------------------
55    |Info:    |               Start device detection               |
55    |Info:    ------------------------------------------------------
63    |Info:    ------------------------------------------------------
63    |Info:    |             Detecting I2C interfaces               |
63    |Info:    ------------------------------------------------------
63    |Info:    [ResourceManager] Registering I2C interface: /dev/i2c-3 Device 10DE:2489 Subsystem: 10DE:2489
63    |Info:    [ResourceManager] Registering I2C interface: /dev/i2c-1 Device 1022:790B Subsystem: 1849:FFFF
63    |Info:    [ResourceManager] Registering I2C interface: /dev/i2c-6 Device 10DE:2489 Subsystem: 10DE:2489
63    |Info:    [ResourceManager] Registering I2C interface: /dev/i2c-4 Device 10DE:2489 Subsystem: 10DE:2489
63    |Info:    [ResourceManager] Registering I2C interface: /dev/i2c-2 Device 1022:790B Subsystem: 1849:FFFF
63    |Info:    [ResourceManager] Registering I2C interface: /dev/i2c-0 Device 1022:790B Subsystem: 1849:FFFF
64    |Info:    [ResourceManager] Registering I2C interface: /dev/i2c-7 Device 10DE:2489 Subsystem: 10DE:2489
64    |Info:    [ResourceManager] Registering I2C interface: /dev/i2c-5 Device 10DE:2489 Subsystem: 10DE:2489
64    |Info:    ------------------------------------------------------
64    |Info:    |               Detecting I2C devices                |
64    |Info:    ------------------------------------------------------
1012  |Info:    ------------------------------------------------------
1012  |Info:    |            Detecting I2C DIMM modules              |
1012  |Info:    ------------------------------------------------------
1870  |Info:    [ResourceManager] Detected occupied slot 1, bus 5, type DDR4
3153  |Info:    [ResourceManager] Detected occupied slot 2, bus 5, type DDR4
4183  |Info:    ------------------------------------------------------
4183  |Info:    |               Detecting I2C PCI devices            |
4183  |Info:    ------------------------------------------------------
4184  |Info:    ------------------------------------------------------
4184  |Info:    |               Detecting HID devices                |
4184  |Info:    ------------------------------------------------------
4184  |Info:    ------------------------------------------------------
4184  |Info:    |            Detecting libusb HID devices            |
4184  |Info:    ------------------------------------------------------
4189  |Info:    ------------------------------------------------------
4189  |Info:    |              Detecting other devices               |
4189  |Info:    ------------------------------------------------------
4226  |Info:    [NVIDIA GeForce RTX 3060 Ti LHR] Registering RGB controller
4232  |Info:    [ResourceManager] Calling Post-detection callbacks
4232  |Info:    ------------------------------------------------------
4232  |Info:    |                Detection completed                 |
4232  |Info:    ------------------------------------------------------
4232  |Info:    [ProfileManager] Profile loading: Succeeded for NVIDIA GeForce RTX 3060 Ti LHR @ 
