    OpenRGB v0.9+ (1.0rc2)
    Commit:  from 
    Launched: 20251223_233731
====================================================================================================

1     |Info:    [ProfileManager] Found file: oof.orp attempting to validate header
3     |Info:    [ProfileManager] Valid v5 profile found for oof
3     |Info:    [ProfileManager] Found file: new main.orp attempting to validate header
3     |Info:    [ProfileManager] Valid v5 profile found for new main
79    |Info:    [ResourceManager] Initializing HID interfaces: Success
79    |Info:    ------------------------------------------------------
79    |Info:    |               Start device detection               |
79    |Info:    ------------------------------------------------------
91    |Info:    ------------------------------------------------------
91    |Info:    |             Detecting I2C interfaces               |
91    |Info:    ------------------------------------------------------
92    |Info:    [ResourceManager] Registering I2C interface: /dev/i2c-3 Device 10DE:2489 Subsystem: 10DE:2489
92    |Info:    [ResourceManager] Registering I2C interface: /dev/i2c-1 Device 10DE:2489 Subsystem: 10DE:2489
93    |Info:    [ResourceManager] Registering I2C interface: /dev/i2c-6 Device 1022:790B Subsystem: 1849:FFFF
93    |Info:    [ResourceManager] Registering I2C interface: /dev/i2c-4 Device 10DE:2489 Subsystem: 10DE:2489
93    |Info:    [ResourceManager] Registering I2C interface: /dev/i2c-2 Device 10DE:2489 Subsystem: 10DE:2489
93    |Info:    [ResourceManager] Registering I2C interface: /dev/i2c-0 Device 10DE:2489 Subsystem: 10DE:2489
93    |Info:    [ResourceManager] Registering I2C interface: /dev/i2c-7 Device 1022:790B Subsystem: 1849:FFFF
93    |Info:    [ResourceManager] Registering I2C interface: /dev/i2c-5 Device 1022:790B Subsystem: 1849:FFFF
93    |Info:    ------------------------------------------------------
93    |Info:    |               Detecting I2C devices                |
93    |Info:    ------------------------------------------------------
1090  |Info:    ------------------------------------------------------
1090  |Info:    |            Detecting I2C DIMM modules              |
1090  |Info:    ------------------------------------------------------
1952  |Info:    [ResourceManager] Detected occupied slot 1, bus 7, type DDR4
3245  |Info:    [ResourceManager] Detected occupied slot 2, bus 7, type DDR4
4283  |Info:    ------------------------------------------------------
4283  |Info:    |               Detecting I2C PCI devices            |
4283  |Info:    ------------------------------------------------------
4285  |Info:    ------------------------------------------------------
4285  |Info:    |               Detecting HID devices                |
4285  |Info:    ------------------------------------------------------
4286  |Info:    ------------------------------------------------------
4286  |Info:    |            Detecting libusb HID devices            |
4286  |Info:    ------------------------------------------------------
4295  |Info:    ------------------------------------------------------
4295  |Info:    |              Detecting other devices               |
4295  |Info:    ------------------------------------------------------
4336  |Info:    [NVIDIA GeForce RTX 3060 Ti LHR] Registering RGB controller
4352  |Info:    [ResourceManager] Calling Post-detection callbacks
4352  |Info:    ------------------------------------------------------
4352  |Info:    |                Detection completed                 |
4352  |Info:    ------------------------------------------------------
12107 |Info:    [ProfileManager] Profile loading: Succeeded for NVIDIA GeForce RTX 3060 Ti LHR @ 
