    OpenRGB v0.9+ (1.0rc2)
    Commit:  from 
    Launched: 20251218_114156
====================================================================================================

1     |Info:    [ProfileManager] Found file: new main.orp attempting to validate header
2     |Info:    [ProfileManager] Valid v5 profile found for new main
75    |Info:    [ResourceManager] Initializing HID interfaces: Success
75    |Info:    ------------------------------------------------------
75    |Info:    |               Start device detection               |
75    |Info:    ------------------------------------------------------
89    |Info:    ------------------------------------------------------
89    |Info:    |             Detecting I2C interfaces               |
89    |Info:    ------------------------------------------------------
89    |Info:    [ResourceManager] Registering I2C interface: /dev/i2c-3 Device 10DE:2489 Subsystem: 10DE:2489
90    |Info:    [ResourceManager] Registering I2C interface: /dev/i2c-1 Device 10DE:2489 Subsystem: 10DE:2489
90    |Info:    [ResourceManager] Registering I2C interface: /dev/i2c-6 Device 1022:790B Subsystem: 1849:FFFF
90    |Info:    [ResourceManager] Registering I2C interface: /dev/i2c-4 Device 10DE:2489 Subsystem: 10DE:2489
90    |Info:    [ResourceManager] Registering I2C interface: /dev/i2c-2 Device 10DE:2489 Subsystem: 10DE:2489
90    |Info:    [ResourceManager] Registering I2C interface: /dev/i2c-0 Device 10DE:2489 Subsystem: 10DE:2489
90    |Info:    [ResourceManager] Registering I2C interface: /dev/i2c-7 Device 1022:790B Subsystem: 1849:FFFF
90    |Info:    [ResourceManager] Registering I2C interface: /dev/i2c-5 Device 1022:790B Subsystem: 1849:FFFF
90    |Info:    ------------------------------------------------------
90    |Info:    |               Detecting I2C devices                |
90    |Info:    ------------------------------------------------------
1075  |Info:    ------------------------------------------------------
1075  |Info:    |            Detecting I2C DIMM modules              |
1075  |Info:    ------------------------------------------------------
1937  |Info:    [ResourceManager] Detected occupied slot 1, bus 7, type DDR4
3227  |Info:    [ResourceManager] Detected occupied slot 2, bus 7, type DDR4
4275  |Info:    ------------------------------------------------------
4275  |Info:    |               Detecting I2C PCI devices            |
4275  |Info:    ------------------------------------------------------
4276  |Info:    ------------------------------------------------------
4276  |Info:    |               Detecting HID devices                |
4276  |Info:    ------------------------------------------------------
4276  |Info:    ------------------------------------------------------
4276  |Info:    |            Detecting libusb HID devices            |
4276  |Info:    ------------------------------------------------------
4285  |Info:    ------------------------------------------------------
4285  |Info:    |              Detecting other devices               |
4285  |Info:    ------------------------------------------------------
4328  |Info:    [NVIDIA GeForce RTX 3060 Ti LHR] Registering RGB controller
4337  |Info:    [ResourceManager] Calling Post-detection callbacks
4337  |Info:    ------------------------------------------------------
4337  |Info:    |                Detection completed                 |
4337  |Info:    ------------------------------------------------------
9528  |Info:    [ProfileManager] Profile loading: Succeeded for NVIDIA GeForce RTX 3060 Ti LHR @ 
