    OpenRGB v0.9+ (1.0rc2)
    Commit:  from 
    Launched: 20251217_170625
====================================================================================================

1     |Info:    [ProfileManager] Found file: new main.orp attempting to validate header
3     |Info:    [ProfileManager] Valid v5 profile found for new main
84    |Info:    [ResourceManager] Initializing HID interfaces: Success
84    |Info:    ------------------------------------------------------
84    |Info:    |               Start device detection               |
84    |Info:    ------------------------------------------------------
97    |Info:    ------------------------------------------------------
97    |Info:    |             Detecting I2C interfaces               |
97    |Info:    ------------------------------------------------------
97    |Info:    [ResourceManager] Registering I2C interface: /dev/i2c-3 Device 10DE:2489 Subsystem: 10DE:2489
97    |Info:    [ResourceManager] Registering I2C interface: /dev/i2c-1 Device 10DE:2489 Subsystem: 10DE:2489
97    |Info:    [ResourceManager] Registering I2C interface: /dev/i2c-6 Device 1022:790B Subsystem: 1849:FFFF
100   |Info:    [ResourceManager] Registering I2C interface: /dev/i2c-4 Device 10DE:2489 Subsystem: 10DE:2489
100   |Info:    [ResourceManager] Registering I2C interface: /dev/i2c-2 Device 10DE:2489 Subsystem: 10DE:2489
100   |Info:    [ResourceManager] Registering I2C interface: /dev/i2c-0 Device 10DE:2489 Subsystem: 10DE:2489
100   |Info:    [ResourceManager] Registering I2C interface: /dev/i2c-7 Device 1022:790B Subsystem: 1849:FFFF
101   |Info:    [ResourceManager] Registering I2C interface: /dev/i2c-5 Device 1022:790B Subsystem: 1849:FFFF
101   |Info:    ------------------------------------------------------
101   |Info:    |               Detecting I2C devices                |
101   |Info:    ------------------------------------------------------
1091  |Info:    ------------------------------------------------------
1091  |Info:    |            Detecting I2C DIMM modules              |
1091  |Info:    ------------------------------------------------------
1954  |Info:    [ResourceManager] Detected occupied slot 1, bus 7, type DDR4
3246  |Info:    [ResourceManager] Detected occupied slot 2, bus 7, type DDR4
4293  |Info:    ------------------------------------------------------
4293  |Info:    |               Detecting I2C PCI devices            |
4293  |Info:    ------------------------------------------------------
4295  |Info:    ------------------------------------------------------
4295  |Info:    |               Detecting HID devices                |
4295  |Info:    ------------------------------------------------------
4296  |Info:    ------------------------------------------------------
4296  |Info:    |            Detecting libusb HID devices            |
4296  |Info:    ------------------------------------------------------
4304  |Info:    ------------------------------------------------------
4304  |Info:    |              Detecting other devices               |
4304  |Info:    ------------------------------------------------------
4347  |Info:    [NVIDIA GeForce RTX 3060 Ti LHR] Registering RGB controller
4358  |Info:    [ResourceManager] Calling Post-detection callbacks
4358  |Info:    ------------------------------------------------------
4358  |Info:    |                Detection completed                 |
4358  |Info:    ------------------------------------------------------
5912  |Info:    [ProfileManager] Profile loading: Succeeded for NVIDIA GeForce RTX 3060 Ti LHR @ 
