    OpenRGB v0.9+ (1.0rc2)
    Commit:  from 
    Launched: 20251212_215537
====================================================================================================

2     |Info:    [ProfileManager] Found file: new main.orp attempting to validate header
2     |Info:    [ProfileManager] Valid v5 profile found for new main
75    |Info:    [ResourceManager] Initializing HID interfaces: Success
75    |Info:    ------------------------------------------------------
75    |Info:    |               Start device detection               |
75    |Info:    ------------------------------------------------------
90    |Info:    ------------------------------------------------------
90    |Info:    |             Detecting I2C interfaces               |
90    |Info:    ------------------------------------------------------
90    |Info:    [ResourceManager] Registering I2C interface: /dev/i2c-3 Device 10DE:2489 Subsystem: 10DE:2489
90    |Info:    [ResourceManager] Registering I2C interface: /dev/i2c-1 Device 1022:790B Subsystem: 1849:FFFF
90    |Info:    [ResourceManager] Registering I2C interface: /dev/i2c-6 Device 10DE:2489 Subsystem: 10DE:2489
91    |Info:    [ResourceManager] Registering I2C interface: /dev/i2c-4 Device 10DE:2489 Subsystem: 10DE:2489
91    |Info:    [ResourceManager] Registering I2C interface: /dev/i2c-2 Device 1022:790B Subsystem: 1849:FFFF
91    |Info:    [ResourceManager] Registering I2C interface: /dev/i2c-0 Device 1022:790B Subsystem: 1849:FFFF
91    |Info:    [ResourceManager] Registering I2C interface: /dev/i2c-7 Device 10DE:2489 Subsystem: 10DE:2489
91    |Info:    [ResourceManager] Registering I2C interface: /dev/i2c-5 Device 10DE:2489 Subsystem: 10DE:2489
91    |Info:    ------------------------------------------------------
91    |Info:    |               Detecting I2C devices                |
91    |Info:    ------------------------------------------------------
1080  |Info:    ------------------------------------------------------
1080  |Info:    |            Detecting I2C DIMM modules              |
1080  |Info:    ------------------------------------------------------
1941  |Info:    [ResourceManager] Detected occupied slot 1, bus 5, type DDR4
3225  |Info:    [ResourceManager] Detected occupied slot 2, bus 5, type DDR4
4259  |Info:    ------------------------------------------------------
4259  |Info:    |               Detecting I2C PCI devices            |
4259  |Info:    ------------------------------------------------------
4261  |Info:    ------------------------------------------------------
4261  |Info:    |               Detecting HID devices                |
4261  |Info:    ------------------------------------------------------
4261  |Info:    ------------------------------------------------------
4261  |Info:    |            Detecting libusb HID devices            |
4261  |Info:    ------------------------------------------------------
4270  |Info:    ------------------------------------------------------
4270  |Info:    |              Detecting other devices               |
4270  |Info:    ------------------------------------------------------
4311  |Info:    [NVIDIA GeForce RTX 3060 Ti LHR] Registering RGB controller
4319  |Info:    [ResourceManager] Calling Post-detection callbacks
4319  |Info:    ------------------------------------------------------
4319  |Info:    |                Detection completed                 |
4319  |Info:    ------------------------------------------------------
6960  |Info:    [ProfileManager] Profile loading: Succeeded for NVIDIA GeForce RTX 3060 Ti LHR @ 
