    OpenRGB v0.9+ (1.0rc2)
    Commit:  from 
    Launched: 20251215_215344
====================================================================================================

1     |Info:    [ProfileManager] Found file: new main.orp attempting to validate header
2     |Info:    [ProfileManager] Valid v5 profile found for new main
85    |Info:    [ResourceManager] Initializing HID interfaces: Success
85    |Info:    ------------------------------------------------------
85    |Info:    |               Start device detection               |
85    |Info:    ------------------------------------------------------
106   |Info:    ------------------------------------------------------
106   |Info:    |             Detecting I2C interfaces               |
106   |Info:    ------------------------------------------------------
106   |Info:    [ResourceManager] Registering I2C interface: /dev/i2c-3 Device 10DE:2489 Subsystem: 10DE:2489
106   |Info:    [ResourceManager] Registering I2C interface: /dev/i2c-1 Device 10DE:2489 Subsystem: 10DE:2489
106   |Info:    [ResourceManager] Registering I2C interface: /dev/i2c-6 Device 1022:790B Subsystem: 1849:FFFF
106   |Info:    [ResourceManager] Registering I2C interface: /dev/i2c-4 Device 10DE:2489 Subsystem: 10DE:2489
107   |Info:    [ResourceManager] Registering I2C interface: /dev/i2c-2 Device 10DE:2489 Subsystem: 10DE:2489
107   |Info:    [ResourceManager] Registering I2C interface: /dev/i2c-0 Device 10DE:2489 Subsystem: 10DE:2489
107   |Info:    [ResourceManager] Registering I2C interface: /dev/i2c-7 Device 1022:790B Subsystem: 1849:FFFF
107   |Info:    [ResourceManager] Registering I2C interface: /dev/i2c-5 Device 1022:790B Subsystem: 1849:FFFF
107   |Info:    ------------------------------------------------------
107   |Info:    |               Detecting I2C devices                |
107   |Info:    ------------------------------------------------------
1103  |Info:    ------------------------------------------------------
1103  |Info:    |            Detecting I2C DIMM modules              |
1103  |Info:    ------------------------------------------------------
1973  |Info:    [ResourceManager] Detected occupied slot 1, bus 7, type DDR4
3263  |Info:    [ResourceManager] Detected occupied slot 2, bus 7, type DDR4
4306  |Info:    ------------------------------------------------------
4306  |Info:    |               Detecting I2C PCI devices            |
4306  |Info:    ------------------------------------------------------
4308  |Info:    ------------------------------------------------------
4308  |Info:    |               Detecting HID devices                |
4308  |Info:    ------------------------------------------------------
4308  |Info:    ------------------------------------------------------
4308  |Info:    |            Detecting libusb HID devices            |
4308  |Info:    ------------------------------------------------------
4317  |Info:    ------------------------------------------------------
4317  |Info:    |              Detecting other devices               |
4317  |Info:    ------------------------------------------------------
4359  |Info:    [NVIDIA GeForce RTX 3060 Ti LHR] Registering RGB controller
4373  |Info:    [ResourceManager] Calling Post-detection callbacks
4373  |Info:    ------------------------------------------------------
4373  |Info:    |                Detection completed                 |
4373  |Info:    ------------------------------------------------------
9056  |Info:    [ProfileManager] Profile loading: Succeeded for NVIDIA GeForce RTX 3060 Ti LHR @ 
9962  |Info:    [ProfileManager] Profile loading: Succeeded for NVIDIA GeForce RTX 3060 Ti LHR @ 
