    OpenRGB v0.9+ (1.0rc2)
    Commit:  from 
    Launched: 20251209_005846
====================================================================================================

53    |Info:    [ResourceManager] Saving detector settings
54    |Info:    [ResourceManager] Initializing HID interfaces: Success
54    |Info:    ------------------------------------------------------
54    |Info:    |               Start device detection               |
54    |Info:    ------------------------------------------------------
64    |Info:    ------------------------------------------------------
64    |Info:    |             Detecting I2C interfaces               |
64    |Info:    ------------------------------------------------------
64    |Info:    [ResourceManager] Registering I2C interface: /dev/i2c-3 Device 10DE:2489 Subsystem: 10DE:2489
64    |Info:    [ResourceManager] Registering I2C interface: /dev/i2c-1 Device 1022:790B Subsystem: 1849:FFFF
64    |Info:    [ResourceManager] Registering I2C interface: /dev/i2c-6 Device 10DE:2489 Subsystem: 10DE:2489
64    |Info:    [ResourceManager] Registering I2C interface: /dev/i2c-4 Device 10DE:2489 Subsystem: 10DE:2489
65    |Info:    [ResourceManager] Registering I2C interface: /dev/i2c-2 Device 1022:790B Subsystem: 1849:FFFF
65    |Info:    [ResourceManager] Registering I2C interface: /dev/i2c-0 Device 1022:790B Subsystem: 1849:FFFF
65    |Info:    [ResourceManager] Registering I2C interface: /dev/i2c-7 Device 10DE:2489 Subsystem: 10DE:2489
65    |Info:    [ResourceManager] Registering I2C interface: /dev/i2c-5 Device 10DE:2489 Subsystem: 10DE:2489
65    |Info:    ------------------------------------------------------
65    |Info:    |               Detecting I2C devices                |
65    |Info:    ------------------------------------------------------
1013  |Info:    ------------------------------------------------------
1013  |Info:    |            Detecting I2C DIMM modules              |
1013  |Info:    ------------------------------------------------------
1872  |Info:    [ResourceManager] Detected occupied slot 1, bus 5, type DDR4
3157  |Info:    [ResourceManager] Detected occupied slot 2, bus 5, type DDR4
4188  |Info:    ------------------------------------------------------
4188  |Info:    |               Detecting I2C PCI devices            |
4188  |Info:    ------------------------------------------------------
4189  |Info:    ------------------------------------------------------
4189  |Info:    |               Detecting HID devices                |
4189  |Info:    ------------------------------------------------------
4189  |Info:    ------------------------------------------------------
4189  |Info:    |            Detecting libusb HID devices            |
4189  |Info:    ------------------------------------------------------
4199  |Info:    ------------------------------------------------------
4199  |Info:    |              Detecting other devices               |
4199  |Info:    ------------------------------------------------------
4254  |Info:    [NVIDIA GeForce RTX 3060 Ti LHR] Registering RGB controller
4262  |Info:    [ResourceManager] Calling Post-detection callbacks
4262  |Info:    ------------------------------------------------------
4262  |Info:    |                Detection completed                 |
4262  |Info:    ------------------------------------------------------
12290 |Info:    [ProfileManager] Profile loading: FAILED! for NVIDIA GeForce RTX 3060 Ti LHR @ 
15418 |Info:    [ResourceManager] Initializing HID interfaces: Success
15418 |Info:    ------------------------------------------------------
15418 |Info:    |               Start device detection               |
15418 |Info:    ------------------------------------------------------
15426 |Info:    ------------------------------------------------------
15426 |Info:    |             Detecting I2C interfaces               |
15426 |Info:    ------------------------------------------------------
15426 |Info:    [ResourceManager] Registering I2C interface: /dev/i2c-3 Device 10DE:2489 Subsystem: 10DE:2489
15426 |Info:    [ResourceManager] Registering I2C interface: /dev/i2c-1 Device 1022:790B Subsystem: 1849:FFFF
15426 |Info:    [ResourceManager] Registering I2C interface: /dev/i2c-6 Device 10DE:2489 Subsystem: 10DE:2489
15426 |Info:    [ResourceManager] Registering I2C interface: /dev/i2c-4 Device 10DE:2489 Subsystem: 10DE:2489
15426 |Info:    [ResourceManager] Registering I2C interface: /dev/i2c-2 Device 1022:790B Subsystem: 1849:FFFF
15426 |Info:    [ResourceManager] Registering I2C interface: /dev/i2c-0 Device 1022:790B Subsystem: 1849:FFFF
15426 |Info:    [ResourceManager] Registering I2C interface: /dev/i2c-7 Device 10DE:2489 Subsystem: 10DE:2489
15426 |Info:    [ResourceManager] Registering I2C interface: /dev/i2c-5 Device 10DE:2489 Subsystem: 10DE:2489
15426 |Info:    ------------------------------------------------------
15426 |Info:    |               Detecting I2C devices                |
15426 |Info:    ------------------------------------------------------
16376 |Info:    ------------------------------------------------------
16376 |Info:    |            Detecting I2C DIMM modules              |
16376 |Info:    ------------------------------------------------------
17239 |Info:    [ResourceManager] Detected occupied slot 1, bus 5, type DDR4
18524 |Info:    [ResourceManager] Detected occupied slot 2, bus 5, type DDR4
19555 |Info:    ------------------------------------------------------
19555 |Info:    |               Detecting I2C PCI devices            |
19555 |Info:    ------------------------------------------------------
19556 |Info:    ------------------------------------------------------
19556 |Info:    |               Detecting HID devices                |
19556 |Info:    ------------------------------------------------------
19556 |Info:    ------------------------------------------------------
19556 |Info:    |            Detecting libusb HID devices            |
19556 |Info:    ------------------------------------------------------
19556 |Info:    ------------------------------------------------------
19556 |Info:    |              Detecting other devices               |
19556 |Info:    ------------------------------------------------------
19591 |Info:    [NVIDIA GeForce RTX 3060 Ti LHR] Registering RGB controller
19599 |Info:    [ResourceManager] Calling Post-detection callbacks
19599 |Info:    ------------------------------------------------------
19599 |Info:    |                Detection completed                 |
19599 |Info:    ------------------------------------------------------
69994 |Info:    [ProfileManager] Found file: new main.orp attempting to validate header
69994 |Info:    [ProfileManager] Valid v5 profile found for new main
