    OpenRGB v0.9+ (1.0rc2)
    Commit:  from 
    Launched: 20251215_114210
====================================================================================================

1     |Info:    [ProfileManager] Found file: new main.orp attempting to validate header
1     |Info:    [ProfileManager] Valid v5 profile found for new main
78    |Info:    [ResourceManager] Initializing HID interfaces: Success
78    |Info:    ------------------------------------------------------
78    |Info:    |               Start device detection               |
78    |Info:    ------------------------------------------------------
92    |Info:    ------------------------------------------------------
92    |Info:    |             Detecting I2C interfaces               |
92    |Info:    ------------------------------------------------------
92    |Info:    [ResourceManager] Registering I2C interface: /dev/i2c-3 Device 10DE:2489 Subsystem: 10DE:2489
92    |Info:    [ResourceManager] Registering I2C interface: /dev/i2c-1 Device 10DE:2489 Subsystem: 10DE:2489
93    |Info:    [ResourceManager] Registering I2C interface: /dev/i2c-6 Device 1022:790B Subsystem: 1849:FFFF
93    |Info:    [ResourceManager] Registering I2C interface: /dev/i2c-4 Device 10DE:2489 Subsystem: 10DE:2489
93    |Info:    [ResourceManager] Registering I2C interface: /dev/i2c-2 Device 10DE:2489 Subsystem: 10DE:2489
93    |Info:    [ResourceManager] Registering I2C interface: /dev/i2c-0 Device 10DE:2489 Subsystem: 10DE:2489
93    |Info:    [ResourceManager] Registering I2C interface: /dev/i2c-7 Device 1022:790B Subsystem: 1849:FFFF
93    |Info:    [ResourceManager] Registering I2C interface: /dev/i2c-5 Device 1022:790B Subsystem: 1849:FFFF
93    |Info:    ------------------------------------------------------
93    |Info:    |               Detecting I2C devices                |
93    |Info:    ------------------------------------------------------
1072  |Info:    ------------------------------------------------------
1072  |Info:    |            Detecting I2C DIMM modules              |
1072  |Info:    ------------------------------------------------------
1935  |Info:    [ResourceManager] Detected occupied slot 1, bus 7, type DDR4
3226  |Info:    [ResourceManager] Detected occupied slot 2, bus 7, type DDR4
4258  |Info:    ------------------------------------------------------
4258  |Info:    |               Detecting I2C PCI devices            |
4258  |Info:    ------------------------------------------------------
4259  |Info:    ------------------------------------------------------
4259  |Info:    |               Detecting HID devices                |
4259  |Info:    ------------------------------------------------------
4260  |Info:    ------------------------------------------------------
4260  |Info:    |            Detecting libusb HID devices            |
4260  |Info:    ------------------------------------------------------
4267  |Info:    ------------------------------------------------------
4267  |Info:    |              Detecting other devices               |
4267  |Info:    ------------------------------------------------------
4314  |Info:    [NVIDIA GeForce RTX 3060 Ti LHR] Registering RGB controller
4325  |Info:    [ResourceManager] Calling Post-detection callbacks
4325  |Info:    ------------------------------------------------------
4325  |Info:    |                Detection completed                 |
4325  |Info:    ------------------------------------------------------
9459  |Info:    [ProfileManager] Profile loading: Succeeded for NVIDIA GeForce RTX 3060 Ti LHR @ 
