    OpenRGB v0.9+ (1.0rc2)
    Commit:  from 
    Launched: 20251228_202005
====================================================================================================

1     |Info:    [ProfileManager] Found file: oof.orp attempting to validate header
1     |Info:    [ProfileManager] Valid v5 profile found for oof
1     |Info:    [ProfileManager] Found file: new main.orp attempting to validate header
1     |Info:    [ProfileManager] Valid v5 profile found for new main
63    |Info:    [ResourceManager] Initializing HID interfaces: Success
63    |Info:    ------------------------------------------------------
63    |Info:    |               Start device detection               |
63    |Info:    ------------------------------------------------------
72    |Info:    ------------------------------------------------------
72    |Info:    |             Detecting I2C interfaces               |
72    |Info:    ------------------------------------------------------
73    |Info:    [ResourceManager] Registering I2C interface: /dev/i2c-3 Device 10DE:2489 Subsystem: 10DE:2489
73    |Info:    [ResourceManager] Registering I2C interface: /dev/i2c-1 Device 10DE:2489 Subsystem: 10DE:2489
73    |Info:    [ResourceManager] Registering I2C interface: /dev/i2c-6 Device 1022:790B Subsystem: 1849:FFFF
73    |Info:    [ResourceManager] Registering I2C interface: /dev/i2c-4 Device 10DE:2489 Subsystem: 10DE:2489
73    |Info:    [ResourceManager] Registering I2C interface: /dev/i2c-2 Device 10DE:2489 Subsystem: 10DE:2489
73    |Info:    [ResourceManager] Registering I2C interface: /dev/i2c-0 Device 10DE:2489 Subsystem: 10DE:2489
73    |Info:    [ResourceManager] Registering I2C interface: /dev/i2c-7 Device 1022:790B Subsystem: 1849:FFFF
73    |Info:    [ResourceManager] Registering I2C interface: /dev/i2c-5 Device 1022:790B Subsystem: 1849:FFFF
73    |Info:    ------------------------------------------------------
73    |Info:    |               Detecting I2C devices                |
73    |Info:    ------------------------------------------------------
899   |Info:    ------------------------------------------------------
899   |Info:    |            Detecting I2C DIMM modules              |
899   |Info:    ------------------------------------------------------
1722  |Info:    [ResourceManager] Detected occupied slot 1, bus 7, type DDR4
3007  |Info:    [ResourceManager] Detected occupied slot 2, bus 7, type DDR4
4035  |Info:    ------------------------------------------------------
4035  |Info:    |               Detecting I2C PCI devices            |
4035  |Info:    ------------------------------------------------------
4036  |Info:    ------------------------------------------------------
4036  |Info:    |               Detecting HID devices                |
4036  |Info:    ------------------------------------------------------
4036  |Info:    ------------------------------------------------------
4036  |Info:    |            Detecting libusb HID devices            |
4036  |Info:    ------------------------------------------------------
4046  |Info:    ------------------------------------------------------
4046  |Info:    |              Detecting other devices               |
4046  |Info:    ------------------------------------------------------
4086  |Info:    [NVIDIA GeForce RTX 3060 Ti LHR] Registering RGB controller
4095  |Info:    [ResourceManager] Calling Post-detection callbacks
4095  |Info:    ------------------------------------------------------
4095  |Info:    |                Detection completed                 |
4095  |Info:    ------------------------------------------------------
4095  |Dialog:  <h2>Some internal devices may not be detected:</h2><p>One or more I2C or SMBus interfaces failed to initialize.</p><p><b>RGB DRAM modules, some motherboards' onboard RGB lighting, and RGB Graphics Cards, will not be available in OpenRGB</b> without I2C or SMBus.</p><h4>How to fix this:</h4><p>On Linux, this is usually because the i2c-dev module is not loaded.</p><p>You must load the i2c-dev module along with the correct i2c driver for your motherboard. This is usually i2c-piix4 for AMD systems and i2c-i801 for Intel systems.</p><p>See <a href='https://help.openrgb.org/'>help.openrgb.org</a> for additional troubleshooting steps if you keep seeing this message.<br></p><h3>If you are not using internal RGB on a desktop this message is not important to you.</h3>
4096  |Info:    [ProfileManager] Profile loading: Succeeded for NVIDIA GeForce RTX 3060 Ti LHR @ 
