    OpenRGB v0.9+ (1.0rc2)
    Commit:  from 
    Launched: 20251211_220639
====================================================================================================

2     |Info:    [ProfileManager] Found file: new main.orp attempting to validate header
3     |Info:    [ProfileManager] Valid v5 profile found for new main
76    |Info:    [ResourceManager] Initializing HID interfaces: Success
76    |Info:    ------------------------------------------------------
76    |Info:    |               Start device detection               |
76    |Info:    ------------------------------------------------------
86    |Info:    ------------------------------------------------------
86    |Info:    |             Detecting I2C interfaces               |
86    |Info:    ------------------------------------------------------
86    |Info:    [ResourceManager] Registering I2C interface: /dev/i2c-3 Device 10DE:2489 Subsystem: 10DE:2489
86    |Info:    [ResourceManager] Registering I2C interface: /dev/i2c-1 Device 1022:790B Subsystem: 1849:FFFF
87    |Info:    [ResourceManager] Registering I2C interface: /dev/i2c-6 Device 10DE:2489 Subsystem: 10DE:2489
87    |Info:    [ResourceManager] Registering I2C interface: /dev/i2c-4 Device 10DE:2489 Subsystem: 10DE:2489
87    |Info:    [ResourceManager] Registering I2C interface: /dev/i2c-2 Device 1022:790B Subsystem: 1849:FFFF
87    |Info:    [ResourceManager] Registering I2C interface: /dev/i2c-0 Device 1022:790B Subsystem: 1849:FFFF
87    |Info:    [ResourceManager] Registering I2C interface: /dev/i2c-7 Device 10DE:2489 Subsystem: 10DE:2489
87    |Info:    [ResourceManager] Registering I2C interface: /dev/i2c-5 Device 10DE:2489 Subsystem: 10DE:2489
87    |Info:    ------------------------------------------------------
87    |Info:    |               Detecting I2C devices                |
87    |Info:    ------------------------------------------------------
1066  |Info:    ------------------------------------------------------
1067  |Info:    |            Detecting I2C DIMM modules              |
1067  |Info:    ------------------------------------------------------
1927  |Info:    [ResourceManager] Detected occupied slot 1, bus 5, type DDR4
3193  |Info:    [ResourceManager] Detected occupied slot 2, bus 5, type DDR4
4209  |Info:    ------------------------------------------------------
4209  |Info:    |               Detecting I2C PCI devices            |
4209  |Info:    ------------------------------------------------------
4210  |Info:    ------------------------------------------------------
4210  |Info:    |               Detecting HID devices                |
4210  |Info:    ------------------------------------------------------
4210  |Info:    ------------------------------------------------------
4210  |Info:    |            Detecting libusb HID devices            |
4210  |Info:    ------------------------------------------------------
4216  |Info:    ------------------------------------------------------
4216  |Info:    |              Detecting other devices               |
4216  |Info:    ------------------------------------------------------
4257  |Info:    [NVIDIA GeForce RTX 3060 Ti LHR] Registering RGB controller
4265  |Info:    [ResourceManager] Calling Post-detection callbacks
4265  |Info:    ------------------------------------------------------
4265  |Info:    |                Detection completed                 |
4265  |Info:    ------------------------------------------------------
15022 |Info:    [ProfileManager] Profile loading: Succeeded for NVIDIA GeForce RTX 3060 Ti LHR @ 
