    OpenRGB v0.9+ (1.0rc2)
    Commit:  from 
    Launched: 20251217_140732
====================================================================================================

2     |Info:    [ProfileManager] Found file: new main.orp attempting to validate header
5     |Info:    [ProfileManager] Valid v5 profile found for new main
79    |Info:    [ResourceManager] Initializing HID interfaces: Success
79    |Info:    ------------------------------------------------------
79    |Info:    |               Start device detection               |
79    |Info:    ------------------------------------------------------
91    |Info:    ------------------------------------------------------
91    |Info:    |             Detecting I2C interfaces               |
91    |Info:    ------------------------------------------------------
91    |Info:    [ResourceManager] Registering I2C interface: /dev/i2c-3 Device 10DE:2489 Subsystem: 10DE:2489
91    |Info:    [ResourceManager] Registering I2C interface: /dev/i2c-1 Device 10DE:2489 Subsystem: 10DE:2489
91    |Info:    [ResourceManager] Registering I2C interface: /dev/i2c-6 Device 1022:790B Subsystem: 1849:FFFF
91    |Info:    [ResourceManager] Registering I2C interface: /dev/i2c-4 Device 10DE:2489 Subsystem: 10DE:2489
91    |Info:    [ResourceManager] Registering I2C interface: /dev/i2c-2 Device 10DE:2489 Subsystem: 10DE:2489
91    |Info:    [ResourceManager] Registering I2C interface: /dev/i2c-0 Device 10DE:2489 Subsystem: 10DE:2489
91    |Info:    [ResourceManager] Registering I2C interface: /dev/i2c-7 Device 1022:790B Subsystem: 1849:FFFF
91    |Info:    [ResourceManager] Registering I2C interface: /dev/i2c-5 Device 1022:790B Subsystem: 1849:FFFF
92    |Info:    ------------------------------------------------------
92    |Info:    |               Detecting I2C devices                |
92    |Info:    ------------------------------------------------------
1079  |Info:    ------------------------------------------------------
1079  |Info:    |            Detecting I2C DIMM modules              |
1079  |Info:    ------------------------------------------------------
1947  |Info:    [ResourceManager] Detected occupied slot 1, bus 7, type DDR4
3238  |Info:    [ResourceManager] Detected occupied slot 2, bus 7, type DDR4
4273  |Info:    ------------------------------------------------------
4273  |Info:    |               Detecting I2C PCI devices            |
4273  |Info:    ------------------------------------------------------
4274  |Info:    ------------------------------------------------------
4274  |Info:    |               Detecting HID devices                |
4274  |Info:    ------------------------------------------------------
4275  |Info:    ------------------------------------------------------
4275  |Info:    |            Detecting libusb HID devices            |
4275  |Info:    ------------------------------------------------------
4283  |Info:    ------------------------------------------------------
4283  |Info:    |              Detecting other devices               |
4283  |Info:    ------------------------------------------------------
4325  |Info:    [NVIDIA GeForce RTX 3060 Ti LHR] Registering RGB controller
4338  |Info:    [ResourceManager] Calling Post-detection callbacks
4338  |Info:    ------------------------------------------------------
4338  |Info:    |                Detection completed                 |
4338  |Info:    ------------------------------------------------------
1229622|Info:    [ProfileManager] Profile loading: Succeeded for NVIDIA GeForce RTX 3060 Ti LHR @ 
