    OpenRGB v0.9+ (1.0rc2)
    Commit:  from 
    Launched: 20251228_202331
====================================================================================================

0     |Info:    [ProfileManager] Found file: oof.orp attempting to validate header
0     |Info:    [ProfileManager] Valid v5 profile found for oof
0     |Info:    [ProfileManager] Found file: new main.orp attempting to validate header
0     |Info:    [ProfileManager] Valid v5 profile found for new main
54    |Info:    [ResourceManager] Initializing HID interfaces: Success
54    |Info:    ------------------------------------------------------
54    |Info:    |               Start device detection               |
54    |Info:    ------------------------------------------------------
65    |Info:    ------------------------------------------------------
65    |Info:    |             Detecting I2C interfaces               |
65    |Info:    ------------------------------------------------------
65    |Info:    [ResourceManager] Registering I2C interface: /dev/i2c-3 Device 10DE:2489 Subsystem: 10DE:2489
65    |Info:    [ResourceManager] Registering I2C interface: /dev/i2c-1 Device 1022:790B Subsystem: 1849:FFFF
65    |Info:    [ResourceManager] Registering I2C interface: /dev/i2c-6 Device 10DE:2489 Subsystem: 10DE:2489
65    |Info:    [ResourceManager] Registering I2C interface: /dev/i2c-4 Device 10DE:2489 Subsystem: 10DE:2489
65    |Info:    [ResourceManager] Registering I2C interface: /dev/i2c-2 Device 1022:790B Subsystem: 1849:FFFF
65    |Info:    [ResourceManager] Registering I2C interface: /dev/i2c-0 Device 1022:790B Subsystem: 1849:FFFF
65    |Info:    [ResourceManager] Registering I2C interface: /dev/i2c-7 Device 10DE:2489 Subsystem: 10DE:2489
65    |Info:    [ResourceManager] Registering I2C interface: /dev/i2c-5 Device 10DE:2489 Subsystem: 10DE:2489
65    |Info:    ------------------------------------------------------
65    |Info:    |               Detecting I2C devices                |
65    |Info:    ------------------------------------------------------
1016  |Info:    ------------------------------------------------------
1016  |Info:    |            Detecting I2C DIMM modules              |
1016  |Info:    ------------------------------------------------------
1871  |Info:    [ResourceManager] Detected occupied slot 1, bus 5, type DDR4
3161  |Info:    [ResourceManager] Detected occupied slot 2, bus 5, type DDR4
4192  |Info:    ------------------------------------------------------
4192  |Info:    |               Detecting I2C PCI devices            |
4192  |Info:    ------------------------------------------------------
4193  |Info:    ------------------------------------------------------
4193  |Info:    |               Detecting HID devices                |
4193  |Info:    ------------------------------------------------------
4193  |Info:    ------------------------------------------------------
4193  |Info:    |            Detecting libusb HID devices            |
4193  |Info:    ------------------------------------------------------
4200  |Info:    ------------------------------------------------------
4200  |Info:    |              Detecting other devices               |
4200  |Info:    ------------------------------------------------------
4242  |Info:    [NVIDIA GeForce RTX 3060 Ti LHR] Registering RGB controller
4249  |Info:    [ResourceManager] Calling Post-detection callbacks
4249  |Info:    ------------------------------------------------------
4249  |Info:    |                Detection completed                 |
4249  |Info:    ------------------------------------------------------
4776  |Info:    [ProfileManager] Profile loading: Succeeded for NVIDIA GeForce RTX 3060 Ti LHR @ 
5027  |Info:    [ProfileManager] Profile loading: Succeeded for NVIDIA GeForce RTX 3060 Ti LHR @ 
