    OpenRGB v0.9+ (1.0rc2)
    Commit:  from 
    Launched: 20251209_011846
====================================================================================================

8     |Info:    [ProfileManager] Found file: new main.orp attempting to validate header
12    |Info:    [ProfileManager] Valid v5 profile found for new main
135   |Info:    [ResourceManager] Initializing HID interfaces: Success
135   |Info:    ------------------------------------------------------
135   |Info:    |               Start device detection               |
135   |Info:    ------------------------------------------------------
146   |Info:    ------------------------------------------------------
146   |Info:    |             Detecting I2C interfaces               |
146   |Info:    ------------------------------------------------------
146   |Info:    [ResourceManager] Registering I2C interface: /dev/i2c-3 Device 10DE:2489 Subsystem: 10DE:2489
146   |Info:    [ResourceManager] Registering I2C interface: /dev/i2c-1 Device 1022:790B Subsystem: 1849:FFFF
146   |Info:    [ResourceManager] Registering I2C interface: /dev/i2c-6 Device 10DE:2489 Subsystem: 10DE:2489
146   |Info:    [ResourceManager] Registering I2C interface: /dev/i2c-4 Device 10DE:2489 Subsystem: 10DE:2489
146   |Info:    [ResourceManager] Registering I2C interface: /dev/i2c-2 Device 1022:790B Subsystem: 1849:FFFF
146   |Info:    [ResourceManager] Registering I2C interface: /dev/i2c-0 Device 1022:790B Subsystem: 1849:FFFF
147   |Info:    [ResourceManager] Registering I2C interface: /dev/i2c-7 Device 10DE:2489 Subsystem: 10DE:2489
147   |Info:    [ResourceManager] Registering I2C interface: /dev/i2c-5 Device 10DE:2489 Subsystem: 10DE:2489
147   |Info:    ------------------------------------------------------
147   |Info:    |               Detecting I2C devices                |
147   |Info:    ------------------------------------------------------
1108  |Info:    ------------------------------------------------------
1108  |Info:    |            Detecting I2C DIMM modules              |
1108  |Info:    ------------------------------------------------------
1964  |Info:    [ResourceManager] Detected occupied slot 1, bus 5, type DDR4
3256  |Info:    [ResourceManager] Detected occupied slot 2, bus 5, type DDR4
4288  |Info:    ------------------------------------------------------
4288  |Info:    |               Detecting I2C PCI devices            |
4288  |Info:    ------------------------------------------------------
4289  |Info:    ------------------------------------------------------
4289  |Info:    |               Detecting HID devices                |
4289  |Info:    ------------------------------------------------------
4289  |Info:    ------------------------------------------------------
4289  |Info:    |            Detecting libusb HID devices            |
4289  |Info:    ------------------------------------------------------
4296  |Info:    ------------------------------------------------------
4296  |Info:    |              Detecting other devices               |
4296  |Info:    ------------------------------------------------------
4338  |Info:    [NVIDIA GeForce RTX 3060 Ti LHR] Registering RGB controller
4348  |Info:    [ResourceManager] Calling Post-detection callbacks
4348  |Info:    ------------------------------------------------------
4348  |Info:    |                Detection completed                 |
4348  |Info:    ------------------------------------------------------
19733 |Info:    [ProfileManager] Profile loading: Succeeded for NVIDIA GeForce RTX 3060 Ti LHR @ 
