    OpenRGB v0.9+ (1.0rc2)
    Commit:  from 
    Launched: 20260102_193856
====================================================================================================

0     |Info:    [ProfileManager] Found file: oof.orp attempting to validate header
1     |Info:    [ProfileManager] Valid v5 profile found for oof
1     |Info:    [ProfileManager] Found file: new main.orp attempting to validate header
1     |Info:    [ProfileManager] Valid v5 profile found for new main
61    |Info:    [ResourceManager] Initializing HID interfaces: Success
61    |Info:    ------------------------------------------------------
61    |Info:    |               Start device detection               |
61    |Info:    ------------------------------------------------------
69    |Info:    ------------------------------------------------------
69    |Info:    |             Detecting I2C interfaces               |
69    |Info:    ------------------------------------------------------
69    |Info:    [ResourceManager] Registering I2C interface: /dev/i2c-3 Device 10DE:2489 Subsystem: 10DE:2489
69    |Info:    [ResourceManager] Registering I2C interface: /dev/i2c-1 Device 1022:790B Subsystem: 1849:FFFF
69    |Info:    [ResourceManager] Registering I2C interface: /dev/i2c-6 Device 10DE:2489 Subsystem: 10DE:2489
69    |Info:    [ResourceManager] Registering I2C interface: /dev/i2c-4 Device 10DE:2489 Subsystem: 10DE:2489
69    |Info:    [ResourceManager] Registering I2C interface: /dev/i2c-2 Device 1022:790B Subsystem: 1849:FFFF
69    |Info:    [ResourceManager] Registering I2C interface: /dev/i2c-0 Device 1022:790B Subsystem: 1849:FFFF
70    |Info:    [ResourceManager] Registering I2C interface: /dev/i2c-7 Device 10DE:2489 Subsystem: 10DE:2489
70    |Info:    [ResourceManager] Registering I2C interface: /dev/i2c-5 Device 10DE:2489 Subsystem: 10DE:2489
70    |Info:    ------------------------------------------------------
70    |Info:    |               Detecting I2C devices                |
70    |Info:    ------------------------------------------------------
1018  |Info:    ------------------------------------------------------
1018  |Info:    |            Detecting I2C DIMM modules              |
1018  |Info:    ------------------------------------------------------
1873  |Info:    [ResourceManager] Detected occupied slot 1, bus 5, type DDR4
3156  |Info:    [ResourceManager] Detected occupied slot 2, bus 5, type DDR4
4184  |Info:    ------------------------------------------------------
4184  |Info:    |               Detecting I2C PCI devices            |
4184  |Info:    ------------------------------------------------------
4184  |Info:    ------------------------------------------------------
4184  |Info:    |               Detecting HID devices                |
4184  |Info:    ------------------------------------------------------
4185  |Info:    ------------------------------------------------------
4185  |Info:    |            Detecting libusb HID devices            |
4185  |Info:    ------------------------------------------------------
4190  |Info:    ------------------------------------------------------
4190  |Info:    |              Detecting other devices               |
4190  |Info:    ------------------------------------------------------
4230  |Info:    [NVIDIA GeForce RTX 3060 Ti LHR] Registering RGB controller
4238  |Info:    [ResourceManager] Calling Post-detection callbacks
4238  |Info:    ------------------------------------------------------
4238  |Info:    |                Detection completed                 |
4238  |Info:    ------------------------------------------------------
4239  |Info:    [ProfileManager] Profile loading: Succeeded for NVIDIA GeForce RTX 3060 Ti LHR @ 
