    OpenRGB v0.9+ (1.0rc2)
    Commit:  from 
    Launched: 20251219_135456
====================================================================================================

1     |Info:    [ProfileManager] Found file: new main.orp attempting to validate header
3     |Info:    [ProfileManager] Valid v5 profile found for new main
77    |Info:    [ResourceManager] Initializing HID interfaces: Success
77    |Info:    ------------------------------------------------------
77    |Info:    |               Start device detection               |
77    |Info:    ------------------------------------------------------
95    |Info:    ------------------------------------------------------
95    |Info:    |             Detecting I2C interfaces               |
95    |Info:    ------------------------------------------------------
95    |Info:    [ResourceManager] Registering I2C interface: /dev/i2c-3 Device 10DE:2489 Subsystem: 10DE:2489
95    |Info:    [ResourceManager] Registering I2C interface: /dev/i2c-1 Device 10DE:2489 Subsystem: 10DE:2489
95    |Info:    [ResourceManager] Registering I2C interface: /dev/i2c-6 Device 1022:790B Subsystem: 1849:FFFF
96    |Info:    [ResourceManager] Registering I2C interface: /dev/i2c-4 Device 10DE:2489 Subsystem: 10DE:2489
96    |Info:    [ResourceManager] Registering I2C interface: /dev/i2c-2 Device 10DE:2489 Subsystem: 10DE:2489
96    |Info:    [ResourceManager] Registering I2C interface: /dev/i2c-0 Device 10DE:2489 Subsystem: 10DE:2489
96    |Info:    [ResourceManager] Registering I2C interface: /dev/i2c-7 Device 1022:790B Subsystem: 1849:FFFF
96    |Info:    [ResourceManager] Registering I2C interface: /dev/i2c-5 Device 1022:790B Subsystem: 1849:FFFF
96    |Info:    ------------------------------------------------------
96    |Info:    |               Detecting I2C devices                |
96    |Info:    ------------------------------------------------------
1077  |Info:    ------------------------------------------------------
1077  |Info:    |            Detecting I2C DIMM modules              |
1077  |Info:    ------------------------------------------------------
1947  |Info:    [ResourceManager] Detected occupied slot 1, bus 7, type DDR4
3243  |Info:    [ResourceManager] Detected occupied slot 2, bus 7, type DDR4
4278  |Info:    ------------------------------------------------------
4278  |Info:    |               Detecting I2C PCI devices            |
4278  |Info:    ------------------------------------------------------
4280  |Info:    ------------------------------------------------------
4280  |Info:    |               Detecting HID devices                |
4280  |Info:    ------------------------------------------------------
4280  |Info:    ------------------------------------------------------
4280  |Info:    |            Detecting libusb HID devices            |
4280  |Info:    ------------------------------------------------------
4291  |Info:    ------------------------------------------------------
4291  |Info:    |              Detecting other devices               |
4291  |Info:    ------------------------------------------------------
4334  |Info:    [NVIDIA GeForce RTX 3060 Ti LHR] Registering RGB controller
4345  |Info:    [ResourceManager] Calling Post-detection callbacks
4345  |Info:    ------------------------------------------------------
4345  |Info:    |                Detection completed                 |
4345  |Info:    ------------------------------------------------------
9558  |Info:    [ProfileManager] Profile loading: Succeeded for NVIDIA GeForce RTX 3060 Ti LHR @ 
