    OpenRGB v0.9+ (1.0rc2)
    Commit:  from 
    Launched: 20251210_144607
====================================================================================================

2     |Info:    [ProfileManager] Found file: new main.orp attempting to validate header
4     |Info:    [ProfileManager] Valid v5 profile found for new main
76    |Info:    [ResourceManager] Initializing HID interfaces: Success
76    |Info:    ------------------------------------------------------
76    |Info:    |               Start device detection               |
76    |Info:    ------------------------------------------------------
87    |Info:    ------------------------------------------------------
87    |Info:    |             Detecting I2C interfaces               |
87    |Info:    ------------------------------------------------------
87    |Info:    [ResourceManager] Registering I2C interface: /dev/i2c-3 Device 10DE:2489 Subsystem: 10DE:2489
87    |Info:    [ResourceManager] Registering I2C interface: /dev/i2c-1 Device 1022:790B Subsystem: 1849:FFFF
87    |Info:    [ResourceManager] Registering I2C interface: /dev/i2c-6 Device 10DE:2489 Subsystem: 10DE:2489
87    |Info:    [ResourceManager] Registering I2C interface: /dev/i2c-4 Device 10DE:2489 Subsystem: 10DE:2489
87    |Info:    [ResourceManager] Registering I2C interface: /dev/i2c-2 Device 1022:790B Subsystem: 1849:FFFF
87    |Info:    [ResourceManager] Registering I2C interface: /dev/i2c-0 Device 1022:790B Subsystem: 1849:FFFF
87    |Info:    [ResourceManager] Registering I2C interface: /dev/i2c-7 Device 10DE:2489 Subsystem: 10DE:2489
88    |Info:    [ResourceManager] Registering I2C interface: /dev/i2c-5 Device 10DE:2489 Subsystem: 10DE:2489
88    |Info:    ------------------------------------------------------
88    |Info:    |               Detecting I2C devices                |
88    |Info:    ------------------------------------------------------
1070  |Info:    ------------------------------------------------------
1070  |Info:    |            Detecting I2C DIMM modules              |
1070  |Info:    ------------------------------------------------------
1933  |Info:    [ResourceManager] Detected occupied slot 1, bus 5, type DDR4
3220  |Info:    [ResourceManager] Detected occupied slot 2, bus 5, type DDR4
4259  |Info:    ------------------------------------------------------
4259  |Info:    |               Detecting I2C PCI devices            |
4259  |Info:    ------------------------------------------------------
4261  |Info:    ------------------------------------------------------
4261  |Info:    |               Detecting HID devices                |
4261  |Info:    ------------------------------------------------------
4261  |Info:    ------------------------------------------------------
4261  |Info:    |            Detecting libusb HID devices            |
4261  |Info:    ------------------------------------------------------
4267  |Info:    ------------------------------------------------------
4267  |Info:    |              Detecting other devices               |
4267  |Info:    ------------------------------------------------------
4308  |Info:    [NVIDIA GeForce RTX 3060 Ti LHR] Registering RGB controller
4318  |Info:    [ResourceManager] Calling Post-detection callbacks
4318  |Info:    ------------------------------------------------------
4318  |Info:    |                Detection completed                 |
4318  |Info:    ------------------------------------------------------
5487  |Info:    [ProfileManager] Profile loading: Succeeded for NVIDIA GeForce RTX 3060 Ti LHR @ 
