    OpenRGB v0.9+ (1.0rc2)
    Commit:  from 
    Launched: 20251225_210431
====================================================================================================

0     |Info:    [ProfileManager] Found file: oof.orp attempting to validate header
1     |Info:    [ProfileManager] Valid v5 profile found for oof
1     |Info:    [ProfileManager] Found file: new main.orp attempting to validate header
1     |Info:    [ProfileManager] Valid v5 profile found for new main
75    |Info:    [ResourceManager] Initializing HID interfaces: Success
75    |Info:    ------------------------------------------------------
75    |Info:    |               Start device detection               |
75    |Info:    ------------------------------------------------------
102   |Info:    ------------------------------------------------------
102   |Info:    |             Detecting I2C interfaces               |
102   |Info:    ------------------------------------------------------
102   |Info:    [ResourceManager] Registering I2C interface: /dev/i2c-3 Device 10DE:2489 Subsystem: 10DE:2489
103   |Info:    [ResourceManager] Registering I2C interface: /dev/i2c-1 Device 10DE:2489 Subsystem: 10DE:2489
103   |Info:    [ResourceManager] Registering I2C interface: /dev/i2c-6 Device 1022:790B Subsystem: 1849:FFFF
103   |Info:    [ResourceManager] Registering I2C interface: /dev/i2c-4 Device 10DE:2489 Subsystem: 10DE:2489
103   |Info:    [ResourceManager] Registering I2C interface: /dev/i2c-2 Device 10DE:2489 Subsystem: 10DE:2489
104   |Info:    [ResourceManager] Registering I2C interface: /dev/i2c-0 Device 10DE:2489 Subsystem: 10DE:2489
104   |Info:    [ResourceManager] Registering I2C interface: /dev/i2c-7 Device 1022:790B Subsystem: 1849:FFFF
104   |Info:    [ResourceManager] Registering I2C interface: /dev/i2c-5 Device 1022:790B Subsystem: 1849:FFFF
104   |Info:    ------------------------------------------------------
104   |Info:    |               Detecting I2C devices                |
104   |Info:    ------------------------------------------------------
1095  |Info:    ------------------------------------------------------
1095  |Info:    |            Detecting I2C DIMM modules              |
1095  |Info:    ------------------------------------------------------
1963  |Info:    [ResourceManager] Detected occupied slot 1, bus 7, type DDR4
3258  |Info:    [ResourceManager] Detected occupied slot 2, bus 7, type DDR4
4293  |Info:    ------------------------------------------------------
4293  |Info:    |               Detecting I2C PCI devices            |
4293  |Info:    ------------------------------------------------------
4295  |Info:    ------------------------------------------------------
4295  |Info:    |               Detecting HID devices                |
4295  |Info:    ------------------------------------------------------
4295  |Info:    ------------------------------------------------------
4295  |Info:    |            Detecting libusb HID devices            |
4295  |Info:    ------------------------------------------------------
4303  |Info:    ------------------------------------------------------
4303  |Info:    |              Detecting other devices               |
4303  |Info:    ------------------------------------------------------
4343  |Info:    [NVIDIA GeForce RTX 3060 Ti LHR] Registering RGB controller
4353  |Info:    [ResourceManager] Calling Post-detection callbacks
4353  |Info:    ------------------------------------------------------
4353  |Info:    |                Detection completed                 |
4353  |Info:    ------------------------------------------------------
10417 |Info:    [ProfileManager] Profile loading: Succeeded for NVIDIA GeForce RTX 3060 Ti LHR @ 
