    OpenRGB v0.9+ (1.0rc2)
    Commit:  from 
    Launched: 20260103_224848
====================================================================================================

1     |Info:    [ProfileManager] Found file: oof.orp attempting to validate header
2     |Info:    [ProfileManager] Valid v5 profile found for oof
2     |Info:    [ProfileManager] Found file: new main.orp attempting to validate header
2     |Info:    [ProfileManager] Valid v5 profile found for new main
64    |Info:    [ResourceManager] Initializing HID interfaces: Success
64    |Info:    ------------------------------------------------------
64    |Info:    |               Start device detection               |
64    |Info:    ------------------------------------------------------
78    |Info:    ------------------------------------------------------
78    |Info:    |             Detecting I2C interfaces               |
78    |Info:    ------------------------------------------------------
79    |Info:    [ResourceManager] Registering I2C interface: /dev/i2c-3 Device 10DE:2489 Subsystem: 10DE:2489
79    |Info:    [ResourceManager] Registering I2C interface: /dev/i2c-1 Device 1022:790B Subsystem: 1849:FFFF
79    |Info:    [ResourceManager] Registering I2C interface: /dev/i2c-6 Device 10DE:2489 Subsystem: 10DE:2489
79    |Info:    [ResourceManager] Registering I2C interface: /dev/i2c-4 Device 10DE:2489 Subsystem: 10DE:2489
79    |Info:    [ResourceManager] Registering I2C interface: /dev/i2c-2 Device 1022:790B Subsystem: 1849:FFFF
79    |Info:    [ResourceManager] Registering I2C interface: /dev/i2c-0 Device 1022:790B Subsystem: 1849:FFFF
79    |Info:    [ResourceManager] Registering I2C interface: /dev/i2c-7 Device 10DE:2489 Subsystem: 10DE:2489
79    |Info:    [ResourceManager] Registering I2C interface: /dev/i2c-5 Device 10DE:2489 Subsystem: 10DE:2489
79    |Info:    ------------------------------------------------------
79    |Info:    |               Detecting I2C devices                |
79    |Info:    ------------------------------------------------------
904   |Info:    ------------------------------------------------------
905   |Info:    |            Detecting I2C DIMM modules              |
905   |Info:    ------------------------------------------------------
1726  |Info:    [ResourceManager] Detected occupied slot 1, bus 5, type DDR4
3011  |Info:    [ResourceManager] Detected occupied slot 2, bus 5, type DDR4
4039  |Info:    ------------------------------------------------------
4039  |Info:    |               Detecting I2C PCI devices            |
4039  |Info:    ------------------------------------------------------
4039  |Info:    ------------------------------------------------------
4039  |Info:    |               Detecting HID devices                |
4039  |Info:    ------------------------------------------------------
4039  |Info:    ------------------------------------------------------
4039  |Info:    |            Detecting libusb HID devices            |
4039  |Info:    ------------------------------------------------------
4045  |Info:    ------------------------------------------------------
4046  |Info:    |              Detecting other devices               |
4046  |Info:    ------------------------------------------------------
4086  |Info:    [NVIDIA GeForce RTX 3060 Ti LHR] Registering RGB controller
4093  |Info:    [ResourceManager] Calling Post-detection callbacks
4093  |Info:    ------------------------------------------------------
4093  |Info:    |                Detection completed                 |
4093  |Info:    ------------------------------------------------------
4093  |Dialog:  <h2>Some internal devices may not be detected:</h2><p>One or more I2C or SMBus interfaces failed to initialize.</p><p><b>RGB DRAM modules, some motherboards' onboard RGB lighting, and RGB Graphics Cards, will not be available in OpenRGB</b> without I2C or SMBus.</p><h4>How to fix this:</h4><p>On Linux, this is usually because the i2c-dev module is not loaded.</p><p>You must load the i2c-dev module along with the correct i2c driver for your motherboard. This is usually i2c-piix4 for AMD systems and i2c-i801 for Intel systems.</p><p>See <a href='https://help.openrgb.org/'>help.openrgb.org</a> for additional troubleshooting steps if you keep seeing this message.<br></p><h3>If you are not using internal RGB on a desktop this message is not important to you.</h3>
4097  |Info:    [ProfileManager] Profile loading: Succeeded for NVIDIA GeForce RTX 3060 Ti LHR @ 
