    OpenRGB v0.9+ (1.0rc2)
    Commit:  from 
    Launched: 20251209_195418
====================================================================================================

1     |Info:    [ProfileManager] Found file: new main.orp attempting to validate header
2     |Info:    [ProfileManager] Valid v5 profile found for new main
73    |Info:    [ResourceManager] Initializing HID interfaces: Success
73    |Info:    ------------------------------------------------------
73    |Info:    |               Start device detection               |
73    |Info:    ------------------------------------------------------
85    |Info:    ------------------------------------------------------
85    |Info:    |             Detecting I2C interfaces               |
85    |Info:    ------------------------------------------------------
85    |Info:    [ResourceManager] Registering I2C interface: /dev/i2c-3 Device 10DE:2489 Subsystem: 10DE:2489
85    |Info:    [ResourceManager] Registering I2C interface: /dev/i2c-1 Device 1022:790B Subsystem: 1849:FFFF
85    |Info:    [ResourceManager] Registering I2C interface: /dev/i2c-6 Device 10DE:2489 Subsystem: 10DE:2489
85    |Info:    [ResourceManager] Registering I2C interface: /dev/i2c-4 Device 10DE:2489 Subsystem: 10DE:2489
85    |Info:    [ResourceManager] Registering I2C interface: /dev/i2c-2 Device 1022:790B Subsystem: 1849:FFFF
86    |Info:    [ResourceManager] Registering I2C interface: /dev/i2c-0 Device 1022:790B Subsystem: 1849:FFFF
86    |Info:    [ResourceManager] Registering I2C interface: /dev/i2c-7 Device 10DE:2489 Subsystem: 10DE:2489
86    |Info:    [ResourceManager] Registering I2C interface: /dev/i2c-5 Device 10DE:2489 Subsystem: 10DE:2489
86    |Info:    ------------------------------------------------------
86    |Info:    |               Detecting I2C devices                |
86    |Info:    ------------------------------------------------------
1069  |Info:    ------------------------------------------------------
1069  |Info:    |            Detecting I2C DIMM modules              |
1069  |Info:    ------------------------------------------------------
1930  |Info:    [ResourceManager] Detected occupied slot 1, bus 5, type DDR4
3226  |Info:    [ResourceManager] Detected occupied slot 2, bus 5, type DDR4
4268  |Info:    ------------------------------------------------------
4268  |Info:    |               Detecting I2C PCI devices            |
4268  |Info:    ------------------------------------------------------
4269  |Info:    ------------------------------------------------------
4269  |Info:    |               Detecting HID devices                |
4269  |Info:    ------------------------------------------------------
4269  |Info:    ------------------------------------------------------
4269  |Info:    |            Detecting libusb HID devices            |
4269  |Info:    ------------------------------------------------------
4275  |Info:    ------------------------------------------------------
4275  |Info:    |              Detecting other devices               |
4275  |Info:    ------------------------------------------------------
4315  |Info:    [NVIDIA GeForce RTX 3060 Ti LHR] Registering RGB controller
4324  |Info:    [ResourceManager] Calling Post-detection callbacks
4324  |Info:    ------------------------------------------------------
4324  |Info:    |                Detection completed                 |
4324  |Info:    ------------------------------------------------------
10241 |Info:    [ProfileManager] Profile loading: Succeeded for NVIDIA GeForce RTX 3060 Ti LHR @ 
