    OpenRGB v0.9+ (1.0rc2)
    Commit:  from 
    Launched: 20251230_055224
====================================================================================================

2     |Info:    [ProfileManager] Found file: oof.orp attempting to validate header
3     |Info:    [ProfileManager] Valid v5 profile found for oof
3     |Info:    [ProfileManager] Found file: new main.orp attempting to validate header
3     |Info:    [ProfileManager] Valid v5 profile found for new main
65    |Info:    [ResourceManager] Initializing HID interfaces: Success
65    |Info:    ------------------------------------------------------
65    |Info:    |               Start device detection               |
65    |Info:    ------------------------------------------------------
73    |Info:    ------------------------------------------------------
73    |Info:    |             Detecting I2C interfaces               |
73    |Info:    ------------------------------------------------------
73    |Info:    [ResourceManager] Registering I2C interface: /dev/i2c-3 Device 10DE:2489 Subsystem: 10DE:2489
73    |Info:    [ResourceManager] Registering I2C interface: /dev/i2c-1 Device 1022:790B Subsystem: 1849:FFFF
73    |Info:    [ResourceManager] Registering I2C interface: /dev/i2c-6 Device 10DE:2489 Subsystem: 10DE:2489
74    |Info:    [ResourceManager] Registering I2C interface: /dev/i2c-4 Device 10DE:2489 Subsystem: 10DE:2489
74    |Info:    [ResourceManager] Registering I2C interface: /dev/i2c-2 Device 1022:790B Subsystem: 1849:FFFF
74    |Info:    [ResourceManager] Registering I2C interface: /dev/i2c-0 Device 1022:790B Subsystem: 1849:FFFF
74    |Info:    [ResourceManager] Registering I2C interface: /dev/i2c-7 Device 10DE:2489 Subsystem: 10DE:2489
74    |Info:    [ResourceManager] Registering I2C interface: /dev/i2c-5 Device 10DE:2489 Subsystem: 10DE:2489
74    |Info:    ------------------------------------------------------
74    |Info:    |               Detecting I2C devices                |
74    |Info:    ------------------------------------------------------
1021  |Info:    ------------------------------------------------------
1021  |Info:    |            Detecting I2C DIMM modules              |
1021  |Info:    ------------------------------------------------------
1877  |Info:    [ResourceManager] Detected occupied slot 1, bus 5, type DDR4
3162  |Info:    [ResourceManager] Detected occupied slot 2, bus 5, type DDR4
4191  |Info:    ------------------------------------------------------
4191  |Info:    |               Detecting I2C PCI devices            |
4191  |Info:    ------------------------------------------------------
4191  |Info:    ------------------------------------------------------
4191  |Info:    |               Detecting HID devices                |
4191  |Info:    ------------------------------------------------------
4192  |Info:    ------------------------------------------------------
4192  |Info:    |            Detecting libusb HID devices            |
4192  |Info:    ------------------------------------------------------
4200  |Info:    ------------------------------------------------------
4200  |Info:    |              Detecting other devices               |
4200  |Info:    ------------------------------------------------------
4237  |Info:    [NVIDIA GeForce RTX 3060 Ti LHR] Registering RGB controller
4245  |Info:    [ResourceManager] Calling Post-detection callbacks
4245  |Info:    ------------------------------------------------------
4245  |Info:    |                Detection completed                 |
4245  |Info:    ------------------------------------------------------
4246  |Info:    [ProfileManager] Profile loading: Succeeded for NVIDIA GeForce RTX 3060 Ti LHR @ 
