    OpenRGB v0.9+ (1.0rc2)
    Commit:  from 
    Launched: 20260101_130836
====================================================================================================

0     |Info:    [ProfileManager] Found file: oof.orp attempting to validate header
0     |Info:    [ProfileManager] Valid v5 profile found for oof
0     |Info:    [ProfileManager] Found file: new main.orp attempting to validate header
0     |Info:    [ProfileManager] Valid v5 profile found for new main
53    |Info:    [ResourceManager] Initializing HID interfaces: Success
53    |Info:    ------------------------------------------------------
53    |Info:    |               Start device detection               |
53    |Info:    ------------------------------------------------------
62    |Info:    ------------------------------------------------------
62    |Info:    |             Detecting I2C interfaces               |
62    |Info:    ------------------------------------------------------
62    |Info:    [ResourceManager] Registering I2C interface: /dev/i2c-3 Device 10DE:2489 Subsystem: 10DE:2489
62    |Info:    [ResourceManager] Registering I2C interface: /dev/i2c-1 Device 1022:790B Subsystem: 1849:FFFF
62    |Info:    [ResourceManager] Registering I2C interface: /dev/i2c-6 Device 10DE:2489 Subsystem: 10DE:2489
62    |Info:    [ResourceManager] Registering I2C interface: /dev/i2c-4 Device 10DE:2489 Subsystem: 10DE:2489
62    |Info:    [ResourceManager] Registering I2C interface: /dev/i2c-2 Device 1022:790B Subsystem: 1849:FFFF
62    |Info:    [ResourceManager] Registering I2C interface: /dev/i2c-0 Device 1022:790B Subsystem: 1849:FFFF
62    |Info:    [ResourceManager] Registering I2C interface: /dev/i2c-7 Device 10DE:2489 Subsystem: 10DE:2489
62    |Info:    [ResourceManager] Registering I2C interface: /dev/i2c-5 Device 10DE:2489 Subsystem: 10DE:2489
62    |Info:    ------------------------------------------------------
62    |Info:    |               Detecting I2C devices                |
62    |Info:    ------------------------------------------------------
1008  |Info:    ------------------------------------------------------
1008  |Info:    |            Detecting I2C DIMM modules              |
1008  |Info:    ------------------------------------------------------
1867  |Info:    [ResourceManager] Detected occupied slot 1, bus 5, type DDR4
3151  |Info:    [ResourceManager] Detected occupied slot 2, bus 5, type DDR4
4179  |Info:    ------------------------------------------------------
4179  |Info:    |               Detecting I2C PCI devices            |
4179  |Info:    ------------------------------------------------------
4180  |Info:    ------------------------------------------------------
4180  |Info:    |               Detecting HID devices                |
4180  |Info:    ------------------------------------------------------
4180  |Info:    ------------------------------------------------------
4180  |Info:    |            Detecting libusb HID devices            |
4180  |Info:    ------------------------------------------------------
4186  |Info:    ------------------------------------------------------
4186  |Info:    |              Detecting other devices               |
4186  |Info:    ------------------------------------------------------
4222  |Info:    [NVIDIA GeForce RTX 3060 Ti LHR] Registering RGB controller
4229  |Info:    [ResourceManager] Calling Post-detection callbacks
4229  |Info:    ------------------------------------------------------
4229  |Info:    |                Detection completed                 |
4229  |Info:    ------------------------------------------------------
4229  |Info:    [ProfileManager] Profile loading: Succeeded for NVIDIA GeForce RTX 3060 Ti LHR @ 
