    OpenRGB v0.9+ (1.0rc2)
    Commit:  from 
    Launched: 20251213_101218
====================================================================================================

2     |Info:    [ProfileManager] Found file: new main.orp attempting to validate header
5     |Info:    [ProfileManager] Valid v5 profile found for new main
79    |Info:    [ResourceManager] Initializing HID interfaces: Success
79    |Info:    ------------------------------------------------------
79    |Info:    |               Start device detection               |
79    |Info:    ------------------------------------------------------
90    |Info:    ------------------------------------------------------
90    |Info:    |             Detecting I2C interfaces               |
90    |Info:    ------------------------------------------------------
91    |Info:    [ResourceManager] Registering I2C interface: /dev/i2c-3 Device 10DE:2489 Subsystem: 10DE:2489
91    |Info:    [ResourceManager] Registering I2C interface: /dev/i2c-1 Device 1022:790B Subsystem: 1849:FFFF
91    |Info:    [ResourceManager] Registering I2C interface: /dev/i2c-6 Device 10DE:2489 Subsystem: 10DE:2489
91    |Info:    [ResourceManager] Registering I2C interface: /dev/i2c-4 Device 10DE:2489 Subsystem: 10DE:2489
91    |Info:    [ResourceManager] Registering I2C interface: /dev/i2c-2 Device 1022:790B Subsystem: 1849:FFFF
91    |Info:    [ResourceManager] Registering I2C interface: /dev/i2c-0 Device 1022:790B Subsystem: 1849:FFFF
91    |Info:    [ResourceManager] Registering I2C interface: /dev/i2c-7 Device 10DE:2489 Subsystem: 10DE:2489
91    |Info:    [ResourceManager] Registering I2C interface: /dev/i2c-5 Device 10DE:2489 Subsystem: 10DE:2489
91    |Info:    ------------------------------------------------------
91    |Info:    |               Detecting I2C devices                |
91    |Info:    ------------------------------------------------------
1066  |Info:    ------------------------------------------------------
1066  |Info:    |            Detecting I2C DIMM modules              |
1066  |Info:    ------------------------------------------------------
1928  |Info:    [ResourceManager] Detected occupied slot 1, bus 5, type DDR4
3213  |Info:    [ResourceManager] Detected occupied slot 2, bus 5, type DDR4
4262  |Info:    ------------------------------------------------------
4262  |Info:    |               Detecting I2C PCI devices            |
4262  |Info:    ------------------------------------------------------
4264  |Info:    ------------------------------------------------------
4264  |Info:    |               Detecting HID devices                |
4264  |Info:    ------------------------------------------------------
4264  |Info:    ------------------------------------------------------
4264  |Info:    |            Detecting libusb HID devices            |
4264  |Info:    ------------------------------------------------------
4274  |Info:    ------------------------------------------------------
4274  |Info:    |              Detecting other devices               |
4274  |Info:    ------------------------------------------------------
4317  |Info:    [NVIDIA GeForce RTX 3060 Ti LHR] Registering RGB controller
4327  |Info:    [ResourceManager] Calling Post-detection callbacks
4327  |Info:    ------------------------------------------------------
4327  |Info:    |                Detection completed                 |
4327  |Info:    ------------------------------------------------------
5990  |Info:    [ProfileManager] Profile loading: Succeeded for NVIDIA GeForce RTX 3060 Ti LHR @ 
